8/17/17 7:59:35 AM, Info: Initializing SIMPLSharp Services...
8/17/17 7:59:35 AM, Info: ProjectInfo successfully initialized.
8/17/17 9:14:11 AM, Info: Validating assembly C:\Dropbox\Projects\SIMPLSharp\PhillipsHueSIMPLSharp\HueLights\bin\Debug\HueLights.dll...
8/17/17 9:14:11 AM, Info: Verifying assembly C:\Dropbox\Projects\SIMPLSharp\PhillipsHueSIMPLSharp\HueLights\bin\Debug\HueLights.dll
8/17/17 9:14:12 AM, Info: Creating Archive C:\Dropbox\Projects\SIMPLSharp\PhillipsHueSIMPLSharp\HueLights\bin\Debug\HueLights.clz...
8/17/17 9:14:12 AM, Info: Saving project information...
8/17/17 9:55:05 AM, Info: Validating assembly C:\Dropbox\Projects\SIMPLSharp\PhillipsHueSIMPLSharp\HueLights\bin\Debug\HueLights.dll...
8/17/17 9:55:05 AM, Info: Verifying assembly C:\Dropbox\Projects\SIMPLSharp\PhillipsHueSIMPLSharp\HueLights\bin\Debug\HueLights.dll
8/17/17 9:55:05 AM, Info: Creating Archive C:\Dropbox\Projects\SIMPLSharp\PhillipsHueSIMPLSharp\HueLights\bin\Debug\HueLights.clz...
8/17/17 9:55:06 AM, Info: Saving project information...
8/17/17 9:55:48 AM, Info: Saving project information...
8/17/17 9:55:48 AM, Info: Saving project information...
8/17/17 9:55:48 AM, Info: Saving project information...
8/17/17 9:55:48 AM, Info: Saving project information...
8/17/17 9:55:48 AM, Info: Saving project information...
8/17/17 9:55:48 AM, Info: Saving project information...
8/17/17 9:55:49 AM, Info: Validating assembly C:\Dropbox\Projects\SIMPLSharp\PhillipsHueSIMPLSharp\HueLights\bin\Debug\HueLights.dll...
8/17/17 9:55:49 AM, Info: Verifying assembly C:\Dropbox\Projects\SIMPLSharp\PhillipsHueSIMPLSharp\HueLights\bin\Debug\HueLights.dll
8/17/17 9:55:49 AM, Info: Creating Archive C:\Dropbox\Projects\SIMPLSharp\PhillipsHueSIMPLSharp\HueLights\bin\Debug\HueLights.clz...
8/17/17 9:55:50 AM, Info: Saving project information...
8/17/17 10:11:10 AM, Info: Validating assembly C:\Dropbox\Projects\SIMPLSharp\PhillipsHueSIMPLSharp\HueLights\bin\Debug\HueLights.dll...
8/17/17 10:11:10 AM, Info: Verifying assembly C:\Dropbox\Projects\SIMPLSharp\PhillipsHueSIMPLSharp\HueLights\bin\Debug\HueLights.dll
8/17/17 10:11:10 AM, Info: Creating Archive C:\Dropbox\Projects\SIMPLSharp\PhillipsHueSIMPLSharp\HueLights\bin\Debug\HueLights.clz...
8/17/17 10:11:11 AM, Info: Saving project information...
8/17/17 10:16:24 AM, Info: Validating assembly C:\Dropbox\Projects\SIMPLSharp\PhillipsHueSIMPLSharp\HueLights\bin\Debug\HueLights.dll...
8/17/17 10:16:24 AM, Info: Verifying assembly C:\Dropbox\Projects\SIMPLSharp\PhillipsHueSIMPLSharp\HueLights\bin\Debug\HueLights.dll
8/17/17 10:16:24 AM, Info: Creating Archive C:\Dropbox\Projects\SIMPLSharp\PhillipsHueSIMPLSharp\HueLights\bin\Debug\HueLights.clz...
8/17/17 10:16:25 AM, Info: Saving project information...
8/17/17 10:16:30 AM, Info: Validating assembly C:\Dropbox\Projects\SIMPLSharp\PhillipsHueSIMPLSharp\HueLights\bin\Debug\HueLights.dll...
8/17/17 10:16:30 AM, Info: Verifying assembly C:\Dropbox\Projects\SIMPLSharp\PhillipsHueSIMPLSharp\HueLights\bin\Debug\HueLights.dll
8/17/17 10:16:30 AM, Info: Creating Archive C:\Dropbox\Projects\SIMPLSharp\PhillipsHueSIMPLSharp\HueLights\bin\Debug\HueLights.clz...
8/17/17 10:16:31 AM, Info: Saving project information...
8/18/17 6:06:54 AM, Info: Terminating SIMPLSharp Services
