10/5/16 7:21:06 PM, Info: Initializing SIMPLSharp Services...
10/5/16 7:21:06 PM, Info: ProjectInfo successfully initialized.
10/5/16 7:32:52 PM, Info: Validating assembly C:\Dropbox\Projects\SIMPL#\PhillipsHueSIMPLSharp\HueLights\bin\Debug\HueLights.dll...
10/5/16 7:32:52 PM, Info: Verifying assembly C:\Dropbox\Projects\SIMPL#\PhillipsHueSIMPLSharp\HueLights\bin\Debug\HueLights.dll
10/5/16 7:32:52 PM, Info: Creating Archive C:\Dropbox\Projects\SIMPL#\PhillipsHueSIMPLSharp\HueLights\bin\Debug\HueLights.clz...
10/5/16 7:32:53 PM, Info: Saving project information...
10/5/16 7:33:50 PM, Info: Validating assembly C:\Dropbox\Projects\SIMPL#\PhillipsHueSIMPLSharp\HueLights\bin\Debug\HueLights.dll...
10/5/16 7:33:50 PM, Info: Verifying assembly C:\Dropbox\Projects\SIMPL#\PhillipsHueSIMPLSharp\HueLights\bin\Debug\HueLights.dll
10/5/16 7:33:50 PM, Info: Creating Archive C:\Dropbox\Projects\SIMPL#\PhillipsHueSIMPLSharp\HueLights\bin\Debug\HueLights.clz...
10/5/16 7:33:50 PM, Info: Saving project information...
10/5/16 7:48:18 PM, Info: Validating assembly C:\Dropbox\Projects\SIMPL#\PhillipsHueSIMPLSharp\HueLights\bin\Debug\HueLights.dll...
10/5/16 7:48:18 PM, Info: Verifying assembly C:\Dropbox\Projects\SIMPL#\PhillipsHueSIMPLSharp\HueLights\bin\Debug\HueLights.dll
10/5/16 7:48:18 PM, Info: Creating Archive C:\Dropbox\Projects\SIMPL#\PhillipsHueSIMPLSharp\HueLights\bin\Debug\HueLights.clz...
10/5/16 7:48:19 PM, Info: Saving project information...
10/5/16 7:52:39 PM, Info: Validating assembly C:\Dropbox\Projects\SIMPL#\PhillipsHueSIMPLSharp\HueLights\bin\Debug\HueLights.dll...
10/5/16 7:52:40 PM, Info: Verifying assembly C:\Dropbox\Projects\SIMPL#\PhillipsHueSIMPLSharp\HueLights\bin\Debug\HueLights.dll
10/5/16 7:52:40 PM, Info: Creating Archive C:\Dropbox\Projects\SIMPL#\PhillipsHueSIMPLSharp\HueLights\bin\Debug\HueLights.clz...
10/5/16 7:52:40 PM, Info: Saving project information...
10/5/16 8:02:34 PM, Info: Validating assembly C:\Dropbox\Projects\SIMPL#\PhillipsHueSIMPLSharp\HueLights\bin\Debug\HueLights.dll...
10/5/16 8:02:34 PM, Info: Verifying assembly C:\Dropbox\Projects\SIMPL#\PhillipsHueSIMPLSharp\HueLights\bin\Debug\HueLights.dll
10/5/16 8:02:34 PM, Info: Creating Archive C:\Dropbox\Projects\SIMPL#\PhillipsHueSIMPLSharp\HueLights\bin\Debug\HueLights.clz...
10/5/16 8:02:34 PM, Info: Saving project information...
10/5/16 8:02:41 PM, Info: Validating assembly C:\Dropbox\Projects\SIMPL#\PhillipsHueSIMPLSharp\HueLights\bin\Debug\HueLights.dll...
10/5/16 8:02:41 PM, Info: Verifying assembly C:\Dropbox\Projects\SIMPL#\PhillipsHueSIMPLSharp\HueLights\bin\Debug\HueLights.dll
10/5/16 8:02:41 PM, Info: Creating Archive C:\Dropbox\Projects\SIMPL#\PhillipsHueSIMPLSharp\HueLights\bin\Debug\HueLights.clz...
10/5/16 8:02:41 PM, Info: Saving project information...
10/5/16 8:05:15 PM, Info: Validating assembly C:\Dropbox\Projects\SIMPL#\PhillipsHueSIMPLSharp\HueLights\bin\Debug\HueLights.dll...
10/5/16 8:05:15 PM, Info: Verifying assembly C:\Dropbox\Projects\SIMPL#\PhillipsHueSIMPLSharp\HueLights\bin\Debug\HueLights.dll
10/5/16 8:05:15 PM, Info: Creating Archive C:\Dropbox\Projects\SIMPL#\PhillipsHueSIMPLSharp\HueLights\bin\Debug\HueLights.clz...
10/5/16 8:05:16 PM, Info: Saving project information...
10/5/16 8:10:50 PM, Info: Validating assembly C:\Dropbox\Projects\SIMPL#\PhillipsHueSIMPLSharp\HueLights\bin\Debug\HueLights.dll...
10/5/16 8:10:50 PM, Info: Verifying assembly C:\Dropbox\Projects\SIMPL#\PhillipsHueSIMPLSharp\HueLights\bin\Debug\HueLights.dll
10/5/16 8:10:50 PM, Info: Creating Archive C:\Dropbox\Projects\SIMPL#\PhillipsHueSIMPLSharp\HueLights\bin\Debug\HueLights.clz...
10/5/16 8:10:51 PM, Info: Saving project information...
10/5/16 8:13:52 PM, Info: Validating assembly C:\Dropbox\Projects\SIMPL#\PhillipsHueSIMPLSharp\HueLights\bin\Debug\HueLights.dll...
10/5/16 8:13:53 PM, Info: Verifying assembly C:\Dropbox\Projects\SIMPL#\PhillipsHueSIMPLSharp\HueLights\bin\Debug\HueLights.dll
10/5/16 8:13:53 PM, Info: Creating Archive C:\Dropbox\Projects\SIMPL#\PhillipsHueSIMPLSharp\HueLights\bin\Debug\HueLights.clz...
10/5/16 8:13:53 PM, Info: Saving project information...
10/5/16 8:20:11 PM, Info: Validating assembly C:\Dropbox\Projects\SIMPL#\PhillipsHueSIMPLSharp\HueLights\bin\Debug\HueLights.dll...
10/5/16 8:20:12 PM, Info: Verifying assembly C:\Dropbox\Projects\SIMPL#\PhillipsHueSIMPLSharp\HueLights\bin\Debug\HueLights.dll
10/5/16 8:20:12 PM, Info: Creating Archive C:\Dropbox\Projects\SIMPL#\PhillipsHueSIMPLSharp\HueLights\bin\Debug\HueLights.clz...
10/5/16 8:20:12 PM, Info: Saving project information...
10/5/16 8:20:14 PM, Info: Terminating SIMPLSharp Services
