9/13/16 11:09:15 AM, Info: Initializing SIMPLSharp Services...
9/13/16 11:09:15 AM, Info: ProjectInfo successfully initialized.
9/13/16 11:14:16 AM, Info: Saving project information...
9/13/16 11:14:16 AM, Info: Saving project information...
9/13/16 11:14:16 AM, Info: Saving project information...
9/13/16 11:19:16 AM, Info: Saving project information...
9/13/16 11:19:16 AM, Info: Saving project information...
9/13/16 11:19:16 AM, Info: Saving project information...
9/13/16 11:24:16 AM, Info: Saving project information...
9/13/16 11:24:16 AM, Info: Saving project information...
9/13/16 11:24:16 AM, Info: Saving project information...
9/13/16 11:29:16 AM, Info: Saving project information...
9/13/16 11:29:16 AM, Info: Saving project information...
9/13/16 11:29:16 AM, Info: Saving project information...
9/13/16 11:34:16 AM, Info: Saving project information...
9/13/16 11:34:16 AM, Info: Saving project information...
9/13/16 11:34:16 AM, Info: Saving project information...
9/13/16 11:39:16 AM, Info: Saving project information...
9/13/16 11:39:16 AM, Info: Saving project information...
9/13/16 11:39:16 AM, Info: Saving project information...
9/13/16 11:44:16 AM, Info: Saving project information...
9/13/16 11:44:16 AM, Info: Saving project information...
9/13/16 11:44:16 AM, Info: Saving project information...
9/13/16 11:49:16 AM, Info: Saving project information...
9/13/16 11:49:16 AM, Info: Saving project information...
9/13/16 11:49:16 AM, Info: Saving project information...
9/13/16 11:54:16 AM, Info: Saving project information...
9/13/16 11:54:16 AM, Info: Saving project information...
9/13/16 11:54:16 AM, Info: Saving project information...
9/13/16 11:59:16 AM, Info: Saving project information...
9/13/16 11:59:16 AM, Info: Saving project information...
9/13/16 11:59:16 AM, Info: Saving project information...
9/13/16 12:04:16 PM, Info: Saving project information...
9/13/16 12:04:16 PM, Info: Saving project information...
9/13/16 12:04:16 PM, Info: Saving project information...
9/13/16 12:09:16 PM, Info: Saving project information...
9/13/16 12:09:16 PM, Info: Saving project information...
9/13/16 12:09:16 PM, Info: Saving project information...
9/13/16 12:14:16 PM, Info: Saving project information...
9/13/16 12:14:16 PM, Info: Saving project information...
9/13/16 12:14:16 PM, Info: Saving project information...
9/13/16 12:19:16 PM, Info: Saving project information...
9/13/16 12:19:16 PM, Info: Saving project information...
9/13/16 12:19:16 PM, Info: Saving project information...
9/13/16 12:24:16 PM, Info: Saving project information...
9/13/16 12:24:16 PM, Info: Saving project information...
9/13/16 12:24:16 PM, Info: Saving project information...
9/13/16 12:29:16 PM, Info: Saving project information...
9/13/16 12:29:16 PM, Info: Saving project information...
9/13/16 12:29:16 PM, Info: Saving project information...
9/13/16 12:34:16 PM, Info: Saving project information...
9/13/16 12:34:16 PM, Info: Saving project information...
9/13/16 12:34:16 PM, Info: Saving project information...
9/13/16 12:39:16 PM, Info: Saving project information...
9/13/16 12:39:16 PM, Info: Saving project information...
9/13/16 12:39:16 PM, Info: Saving project information...
9/13/16 12:39:21 PM, Info: Saving project information...
9/13/16 12:39:21 PM, Info: Saving project information...
9/13/16 12:39:21 PM, Info: Saving project information...
9/13/16 12:39:21 PM, Info: Saving project information...
9/13/16 12:39:21 PM, Info: Saving project information...
9/13/16 12:39:21 PM, Info: Saving project information...
9/13/16 12:39:23 PM, Info: Validating assembly C:\Dropbox\Projects\SIMPL#\HueLights\HueLights\bin\Debug\HueLights.dll...
9/13/16 12:39:23 PM, Info: Verifying assembly C:\Dropbox\Projects\SIMPL#\HueLights\HueLights\bin\Debug\HueLights.dll
9/13/16 12:39:23 PM, Info: Creating Archive C:\Dropbox\Projects\SIMPL#\HueLights\HueLights\bin\Debug\HueLights.clz...
9/13/16 12:39:24 PM, Info: Saving project information...
9/13/16 12:47:45 PM, Info: Validating assembly C:\Dropbox\Projects\SIMPL#\HueLights\HueLights\bin\Debug\HueLights.dll...
9/13/16 12:47:45 PM, Info: Verifying assembly C:\Dropbox\Projects\SIMPL#\HueLights\HueLights\bin\Debug\HueLights.dll
9/13/16 12:47:45 PM, Info: Creating Archive C:\Dropbox\Projects\SIMPL#\HueLights\HueLights\bin\Debug\HueLights.clz...
9/13/16 12:47:46 PM, Info: Saving project information...
9/13/16 12:54:19 PM, Info: Validating assembly C:\Dropbox\Projects\SIMPL#\HueLights\HueLights\bin\Debug\HueLights.dll...
9/13/16 12:54:20 PM, Info: Verifying assembly C:\Dropbox\Projects\SIMPL#\HueLights\HueLights\bin\Debug\HueLights.dll
9/13/16 12:54:20 PM, Info: Creating Archive C:\Dropbox\Projects\SIMPL#\HueLights\HueLights\bin\Debug\HueLights.clz...
9/13/16 12:54:20 PM, Info: Saving project information...
9/13/16 12:54:42 PM, Info: Validating assembly C:\Dropbox\Projects\SIMPL#\HueLights\HueLights\bin\Debug\HueLights.dll...
9/13/16 12:54:42 PM, Info: Verifying assembly C:\Dropbox\Projects\SIMPL#\HueLights\HueLights\bin\Debug\HueLights.dll
9/13/16 12:54:42 PM, Info: Creating Archive C:\Dropbox\Projects\SIMPL#\HueLights\HueLights\bin\Debug\HueLights.clz...
9/13/16 12:54:42 PM, Info: Saving project information...
9/13/16 12:59:50 PM, Info: Validating assembly C:\Dropbox\Projects\SIMPL#\HueLights\HueLights\bin\Debug\HueLights.dll...
9/13/16 12:59:51 PM, Info: Verifying assembly C:\Dropbox\Projects\SIMPL#\HueLights\HueLights\bin\Debug\HueLights.dll
9/13/16 12:59:51 PM, Info: Creating Archive C:\Dropbox\Projects\SIMPL#\HueLights\HueLights\bin\Debug\HueLights.clz...
9/13/16 12:59:51 PM, Info: Saving project information...
9/13/16 1:00:54 PM, Info: Validating assembly C:\Dropbox\Projects\SIMPL#\HueLights\HueLights\bin\Debug\HueLights.dll...
9/13/16 1:00:54 PM, Info: Verifying assembly C:\Dropbox\Projects\SIMPL#\HueLights\HueLights\bin\Debug\HueLights.dll
9/13/16 1:00:54 PM, Info: Creating Archive C:\Dropbox\Projects\SIMPL#\HueLights\HueLights\bin\Debug\HueLights.clz...
9/13/16 1:00:55 PM, Info: Saving project information...
9/13/16 1:02:35 PM, Info: Validating assembly C:\Dropbox\Projects\SIMPL#\HueLights\HueLights\bin\Debug\HueLights.dll...
9/13/16 1:02:35 PM, Info: Verifying assembly C:\Dropbox\Projects\SIMPL#\HueLights\HueLights\bin\Debug\HueLights.dll
9/13/16 1:02:35 PM, Info: Creating Archive C:\Dropbox\Projects\SIMPL#\HueLights\HueLights\bin\Debug\HueLights.clz...
9/13/16 1:02:35 PM, Info: Saving project information...
9/13/16 1:07:19 PM, Info: Validating assembly C:\Dropbox\Projects\SIMPL#\HueLights\HueLights\bin\Debug\HueLights.dll...
9/13/16 1:11:13 PM, Info: Validating assembly C:\Dropbox\Projects\SIMPL#\HueLights\HueLights\bin\Debug\HueLights.dll...
9/13/16 1:11:14 PM, Info: Verifying assembly C:\Dropbox\Projects\SIMPL#\HueLights\HueLights\bin\Debug\HueLights.dll
9/13/16 1:11:14 PM, Info: Creating Archive C:\Dropbox\Projects\SIMPL#\HueLights\HueLights\bin\Debug\HueLights.clz...
9/13/16 1:11:14 PM, Info: Saving project information...
9/13/16 1:13:09 PM, Info: Validating assembly C:\Dropbox\Projects\SIMPL#\HueLights\HueLights\bin\Debug\HueLights.dll...
9/13/16 1:13:10 PM, Info: Verifying assembly C:\Dropbox\Projects\SIMPL#\HueLights\HueLights\bin\Debug\HueLights.dll
9/13/16 1:13:10 PM, Info: Creating Archive C:\Dropbox\Projects\SIMPL#\HueLights\HueLights\bin\Debug\HueLights.clz...
9/13/16 1:13:10 PM, Info: Saving project information...
9/13/16 1:14:33 PM, Info: Validating assembly C:\Dropbox\Projects\SIMPL#\HueLights\HueLights\bin\Debug\HueLights.dll...
9/13/16 1:14:33 PM, Info: Verifying assembly C:\Dropbox\Projects\SIMPL#\HueLights\HueLights\bin\Debug\HueLights.dll
9/13/16 1:14:34 PM, Info: Creating Archive C:\Dropbox\Projects\SIMPL#\HueLights\HueLights\bin\Debug\HueLights.clz...
9/13/16 1:14:34 PM, Info: Saving project information...
9/13/16 1:15:56 PM, Info: Validating assembly C:\Dropbox\Projects\SIMPL#\HueLights\HueLights\bin\Debug\HueLights.dll...
9/13/16 1:15:56 PM, Info: Verifying assembly C:\Dropbox\Projects\SIMPL#\HueLights\HueLights\bin\Debug\HueLights.dll
9/13/16 1:15:56 PM, Info: Creating Archive C:\Dropbox\Projects\SIMPL#\HueLights\HueLights\bin\Debug\HueLights.clz...
9/13/16 1:15:56 PM, Info: Saving project information...
9/13/16 1:17:20 PM, Info: Validating assembly C:\Dropbox\Projects\SIMPL#\HueLights\HueLights\bin\Debug\HueLights.dll...
9/13/16 1:17:20 PM, Info: Verifying assembly C:\Dropbox\Projects\SIMPL#\HueLights\HueLights\bin\Debug\HueLights.dll
9/13/16 1:17:20 PM, Info: Creating Archive C:\Dropbox\Projects\SIMPL#\HueLights\HueLights\bin\Debug\HueLights.clz...
9/13/16 1:17:20 PM, Info: Saving project information...
9/13/16 1:17:24 PM, Info: Validating assembly C:\Dropbox\Projects\SIMPL#\HueLights\HueLights\bin\Debug\HueLights.dll...
9/13/16 1:18:08 PM, Info: Validating assembly C:\Dropbox\Projects\SIMPL#\HueLights\HueLights\bin\Debug\HueLights.dll...
9/13/16 1:18:09 PM, Info: Verifying assembly C:\Dropbox\Projects\SIMPL#\HueLights\HueLights\bin\Debug\HueLights.dll
9/13/16 1:18:09 PM, Info: Creating Archive C:\Dropbox\Projects\SIMPL#\HueLights\HueLights\bin\Debug\HueLights.clz...
9/13/16 1:18:09 PM, Info: Saving project information...
9/13/16 1:30:51 PM, Info: Validating assembly C:\Dropbox\Projects\SIMPL#\HueLights\HueLights\bin\Debug\HueLights.dll...
9/13/16 1:30:51 PM, Info: Verifying assembly C:\Dropbox\Projects\SIMPL#\HueLights\HueLights\bin\Debug\HueLights.dll
9/13/16 1:30:51 PM, Info: Creating Archive C:\Dropbox\Projects\SIMPL#\HueLights\HueLights\bin\Debug\HueLights.clz...
9/13/16 1:30:52 PM, Info: Saving project information...
9/13/16 3:20:43 PM, Info: Validating assembly C:\Dropbox\Projects\SIMPL#\HueLights\HueLights\bin\Debug\HueLights.dll...
9/13/16 3:20:43 PM, Info: Verifying assembly C:\Dropbox\Projects\SIMPL#\HueLights\HueLights\bin\Debug\HueLights.dll
9/13/16 3:20:43 PM, Info: Creating Archive C:\Dropbox\Projects\SIMPL#\HueLights\HueLights\bin\Debug\HueLights.clz...
9/13/16 3:20:43 PM, Info: Saving project information...
9/13/16 3:35:10 PM, Info: Validating assembly C:\Dropbox\Projects\SIMPL#\HueLights\HueLights\bin\Debug\HueLights.dll...
9/13/16 3:35:11 PM, Info: Verifying assembly C:\Dropbox\Projects\SIMPL#\HueLights\HueLights\bin\Debug\HueLights.dll
9/13/16 3:35:11 PM, Info: Creating Archive C:\Dropbox\Projects\SIMPL#\HueLights\HueLights\bin\Debug\HueLights.clz...
9/13/16 3:35:11 PM, Info: Saving project information...
9/13/16 3:37:25 PM, Info: Validating assembly C:\Dropbox\Projects\SIMPL#\HueLights\HueLights\bin\Debug\HueLights.dll...
9/13/16 3:37:25 PM, Info: Verifying assembly C:\Dropbox\Projects\SIMPL#\HueLights\HueLights\bin\Debug\HueLights.dll
9/13/16 3:37:25 PM, Info: Creating Archive C:\Dropbox\Projects\SIMPL#\HueLights\HueLights\bin\Debug\HueLights.clz...
9/13/16 3:37:26 PM, Info: Saving project information...
9/13/16 3:40:31 PM, Info: Validating assembly C:\Dropbox\Projects\SIMPL#\HueLights\HueLights\bin\Debug\HueLights.dll...
9/13/16 3:41:35 PM, Info: Validating assembly C:\Dropbox\Projects\SIMPL#\HueLights\HueLights\bin\Debug\HueLights.dll...
9/13/16 3:41:36 PM, Info: Verifying assembly C:\Dropbox\Projects\SIMPL#\HueLights\HueLights\bin\Debug\HueLights.dll
9/13/16 3:41:36 PM, Info: Creating Archive C:\Dropbox\Projects\SIMPL#\HueLights\HueLights\bin\Debug\HueLights.clz...
9/13/16 3:41:36 PM, Info: Saving project information...
9/13/16 3:41:40 PM, Info: Validating assembly C:\Dropbox\Projects\SIMPL#\HueLights\HueLights\bin\Debug\HueLights.dll...
9/13/16 3:41:40 PM, Info: Verifying assembly C:\Dropbox\Projects\SIMPL#\HueLights\HueLights\bin\Debug\HueLights.dll
9/13/16 3:41:40 PM, Info: Creating Archive C:\Dropbox\Projects\SIMPL#\HueLights\HueLights\bin\Debug\HueLights.clz...
9/13/16 3:41:41 PM, Info: Saving project information...
9/13/16 3:42:53 PM, Info: Validating assembly C:\Dropbox\Projects\SIMPL#\HueLights\HueLights\bin\Debug\HueLights.dll...
9/13/16 3:42:53 PM, Info: Verifying assembly C:\Dropbox\Projects\SIMPL#\HueLights\HueLights\bin\Debug\HueLights.dll
9/13/16 3:42:53 PM, Info: Creating Archive C:\Dropbox\Projects\SIMPL#\HueLights\HueLights\bin\Debug\HueLights.clz...
9/13/16 3:42:54 PM, Info: Saving project information...
9/13/16 3:44:06 PM, Info: Validating assembly C:\Dropbox\Projects\SIMPL#\HueLights\HueLights\bin\Debug\HueLights.dll...
9/13/16 3:44:06 PM, Info: Verifying assembly C:\Dropbox\Projects\SIMPL#\HueLights\HueLights\bin\Debug\HueLights.dll
9/13/16 3:44:06 PM, Info: Creating Archive C:\Dropbox\Projects\SIMPL#\HueLights\HueLights\bin\Debug\HueLights.clz...
9/13/16 3:44:07 PM, Info: Saving project information...
9/13/16 3:44:39 PM, Info: Validating assembly C:\Dropbox\Projects\SIMPL#\HueLights\HueLights\bin\Debug\HueLights.dll...
9/13/16 3:44:40 PM, Info: Verifying assembly C:\Dropbox\Projects\SIMPL#\HueLights\HueLights\bin\Debug\HueLights.dll
9/13/16 3:44:40 PM, Info: Creating Archive C:\Dropbox\Projects\SIMPL#\HueLights\HueLights\bin\Debug\HueLights.clz...
9/13/16 3:44:40 PM, Info: Saving project information...
9/13/16 3:46:17 PM, Info: Validating assembly C:\Dropbox\Projects\SIMPL#\HueLights\HueLights\bin\Debug\HueLights.dll...
9/13/16 3:46:54 PM, Info: Validating assembly C:\Dropbox\Projects\SIMPL#\HueLights\HueLights\bin\Debug\HueLights.dll...
9/13/16 3:46:54 PM, Info: Verifying assembly C:\Dropbox\Projects\SIMPL#\HueLights\HueLights\bin\Debug\HueLights.dll
9/13/16 3:46:54 PM, Info: Creating Archive C:\Dropbox\Projects\SIMPL#\HueLights\HueLights\bin\Debug\HueLights.clz...
9/13/16 3:46:55 PM, Info: Saving project information...
9/13/16 3:49:47 PM, Info: Validating assembly C:\Dropbox\Projects\SIMPL#\HueLights\HueLights\bin\Debug\HueLights.dll...
9/13/16 3:49:47 PM, Info: Verifying assembly C:\Dropbox\Projects\SIMPL#\HueLights\HueLights\bin\Debug\HueLights.dll
9/13/16 3:49:47 PM, Info: Creating Archive C:\Dropbox\Projects\SIMPL#\HueLights\HueLights\bin\Debug\HueLights.clz...
9/13/16 3:49:48 PM, Info: Saving project information...
9/13/16 3:50:49 PM, Info: Validating assembly C:\Dropbox\Projects\SIMPL#\HueLights\HueLights\bin\Debug\HueLights.dll...
9/13/16 3:50:50 PM, Info: Verifying assembly C:\Dropbox\Projects\SIMPL#\HueLights\HueLights\bin\Debug\HueLights.dll
9/13/16 3:50:50 PM, Info: Creating Archive C:\Dropbox\Projects\SIMPL#\HueLights\HueLights\bin\Debug\HueLights.clz...
9/13/16 3:50:50 PM, Info: Saving project information...
9/13/16 4:13:07 PM, Info: Validating assembly C:\Dropbox\Projects\SIMPL#\HueLights\HueLights\bin\Debug\HueLights.dll...
9/13/16 4:13:08 PM, Info: Verifying assembly C:\Dropbox\Projects\SIMPL#\HueLights\HueLights\bin\Debug\HueLights.dll
9/13/16 4:13:08 PM, Info: Creating Archive C:\Dropbox\Projects\SIMPL#\HueLights\HueLights\bin\Debug\HueLights.clz...
9/13/16 4:13:08 PM, Info: Saving project information...
9/13/16 4:19:40 PM, Info: Validating assembly C:\Dropbox\Projects\SIMPL#\HueLights\HueLights\bin\Debug\HueLights.dll...
9/13/16 4:19:40 PM, Info: Verifying assembly C:\Dropbox\Projects\SIMPL#\HueLights\HueLights\bin\Debug\HueLights.dll
9/13/16 4:19:40 PM, Info: Creating Archive C:\Dropbox\Projects\SIMPL#\HueLights\HueLights\bin\Debug\HueLights.clz...
9/13/16 4:19:41 PM, Info: Saving project information...
9/13/16 4:22:44 PM, Info: Validating assembly C:\Dropbox\Projects\SIMPL#\HueLights\HueLights\bin\Debug\HueLights.dll...
9/13/16 4:22:44 PM, Info: Verifying assembly C:\Dropbox\Projects\SIMPL#\HueLights\HueLights\bin\Debug\HueLights.dll
9/13/16 4:22:45 PM, Info: Creating Archive C:\Dropbox\Projects\SIMPL#\HueLights\HueLights\bin\Debug\HueLights.clz...
9/13/16 4:22:45 PM, Info: Saving project information...
9/13/16 4:24:35 PM, Info: Validating assembly C:\Dropbox\Projects\SIMPL#\HueLights\HueLights\bin\Debug\HueLights.dll...
9/13/16 4:24:36 PM, Info: Verifying assembly C:\Dropbox\Projects\SIMPL#\HueLights\HueLights\bin\Debug\HueLights.dll
9/13/16 4:24:36 PM, Info: Creating Archive C:\Dropbox\Projects\SIMPL#\HueLights\HueLights\bin\Debug\HueLights.clz...
9/13/16 4:24:36 PM, Info: Saving project information...
9/13/16 4:40:15 PM, Info: Validating assembly C:\Dropbox\Projects\SIMPL#\HueLights\HueLights\bin\Debug\HueLights.dll...
9/13/16 4:40:16 PM, Info: Verifying assembly C:\Dropbox\Projects\SIMPL#\HueLights\HueLights\bin\Debug\HueLights.dll
9/13/16 4:40:16 PM, Info: Creating Archive C:\Dropbox\Projects\SIMPL#\HueLights\HueLights\bin\Debug\HueLights.clz...
9/13/16 4:40:16 PM, Info: Saving project information...
9/13/16 4:44:20 PM, Info: Validating assembly C:\Dropbox\Projects\SIMPL#\HueLights\HueLights\bin\Debug\HueLights.dll...
9/13/16 4:44:21 PM, Info: Verifying assembly C:\Dropbox\Projects\SIMPL#\HueLights\HueLights\bin\Debug\HueLights.dll
9/13/16 4:44:21 PM, Info: Creating Archive C:\Dropbox\Projects\SIMPL#\HueLights\HueLights\bin\Debug\HueLights.clz...
9/13/16 4:44:21 PM, Info: Saving project information...
9/13/16 4:49:17 PM, Info: Validating assembly C:\Dropbox\Projects\SIMPL#\HueLights\HueLights\bin\Debug\HueLights.dll...
9/13/16 4:49:17 PM, Info: Verifying assembly C:\Dropbox\Projects\SIMPL#\HueLights\HueLights\bin\Debug\HueLights.dll
9/13/16 4:49:17 PM, Info: Creating Archive C:\Dropbox\Projects\SIMPL#\HueLights\HueLights\bin\Debug\HueLights.clz...
9/13/16 4:49:18 PM, Info: Saving project information...
9/13/16 4:50:41 PM, Info: Validating assembly C:\Dropbox\Projects\SIMPL#\HueLights\HueLights\bin\Debug\HueLights.dll...
9/13/16 4:50:41 PM, Info: Verifying assembly C:\Dropbox\Projects\SIMPL#\HueLights\HueLights\bin\Debug\HueLights.dll
9/13/16 4:50:41 PM, Info: Creating Archive C:\Dropbox\Projects\SIMPL#\HueLights\HueLights\bin\Debug\HueLights.clz...
9/13/16 4:50:42 PM, Info: Saving project information...
9/13/16 6:57:26 PM, Info: Terminating SIMPLSharp Services
