9/28/2016 3:37:47 PM, Info: Initializing SIMPLSharp Services...
9/28/2016 3:37:48 PM, Info: ProjectInfo successfully initialized.
9/29/2016 6:38:50 AM, Info: Validating assembly C:\Dropbox\Projects\SIMPL#\PhillipsHueSIMPLSharp\HueLights\bin\Debug\HueLights.dll...
9/29/2016 6:38:51 AM, Info: Verifying assembly C:\Dropbox\Projects\SIMPL#\PhillipsHueSIMPLSharp\HueLights\bin\Debug\HueLights.dll
9/29/2016 6:38:51 AM, Info: Creating Archive C:\Dropbox\Projects\SIMPL#\PhillipsHueSIMPLSharp\HueLights\bin\Debug\HueLights.clz...
9/29/2016 6:38:52 AM, Info: Saving project information...
9/29/2016 6:41:02 AM, Info: Validating assembly C:\Dropbox\Projects\SIMPL#\PhillipsHueSIMPLSharp\HueLights\bin\Debug\HueLights.dll...
9/29/2016 6:41:03 AM, Info: Verifying assembly C:\Dropbox\Projects\SIMPL#\PhillipsHueSIMPLSharp\HueLights\bin\Debug\HueLights.dll
9/29/2016 6:41:03 AM, Info: Creating Archive C:\Dropbox\Projects\SIMPL#\PhillipsHueSIMPLSharp\HueLights\bin\Debug\HueLights.clz...
9/29/2016 6:41:03 AM, Info: Saving project information...
9/29/2016 6:45:14 AM, Info: Validating assembly C:\Dropbox\Projects\SIMPL#\PhillipsHueSIMPLSharp\HueLights\bin\Debug\HueLights.dll...
9/29/2016 6:45:14 AM, Info: Verifying assembly C:\Dropbox\Projects\SIMPL#\PhillipsHueSIMPLSharp\HueLights\bin\Debug\HueLights.dll
9/29/2016 6:45:14 AM, Info: Creating Archive C:\Dropbox\Projects\SIMPL#\PhillipsHueSIMPLSharp\HueLights\bin\Debug\HueLights.clz...
9/29/2016 6:45:14 AM, Info: Saving project information...
9/29/2016 6:54:38 AM, Info: Validating assembly C:\Dropbox\Projects\SIMPL#\PhillipsHueSIMPLSharp\HueLights\bin\Debug\HueLights.dll...
9/29/2016 6:54:38 AM, Info: Verifying assembly C:\Dropbox\Projects\SIMPL#\PhillipsHueSIMPLSharp\HueLights\bin\Debug\HueLights.dll
9/29/2016 6:54:38 AM, Info: Creating Archive C:\Dropbox\Projects\SIMPL#\PhillipsHueSIMPLSharp\HueLights\bin\Debug\HueLights.clz...
9/29/2016 6:54:38 AM, Info: Saving project information...
9/29/2016 7:00:15 AM, Info: Validating assembly C:\Dropbox\Projects\SIMPL#\PhillipsHueSIMPLSharp\HueLights\bin\Debug\HueLights.dll...
9/29/2016 7:00:15 AM, Info: Verifying assembly C:\Dropbox\Projects\SIMPL#\PhillipsHueSIMPLSharp\HueLights\bin\Debug\HueLights.dll
9/29/2016 7:00:16 AM, Info: Creating Archive C:\Dropbox\Projects\SIMPL#\PhillipsHueSIMPLSharp\HueLights\bin\Debug\HueLights.clz...
9/29/2016 7:00:16 AM, Info: Saving project information...
9/29/2016 7:12:14 AM, Info: Saving project information...
9/29/2016 7:12:14 AM, Info: Saving project information...
9/29/2016 7:12:14 AM, Info: Saving project information...
9/29/2016 7:15:15 AM, Info: Saving project information...
9/29/2016 7:15:15 AM, Info: Saving project information...
9/29/2016 7:15:15 AM, Info: Saving project information...
9/29/2016 7:15:15 AM, Info: Saving project information...
9/29/2016 7:15:15 AM, Info: Saving project information...
9/29/2016 7:15:15 AM, Info: Saving project information...
9/29/2016 7:26:49 AM, Info: Validating assembly C:\Dropbox\Projects\SIMPL#\PhillipsHueSIMPLSharp\HueLights\bin\Debug\HueLights.dll...
9/29/2016 7:26:49 AM, Info: Verifying assembly C:\Dropbox\Projects\SIMPL#\PhillipsHueSIMPLSharp\HueLights\bin\Debug\HueLights.dll
9/29/2016 7:26:50 AM, Info: Creating Archive C:\Dropbox\Projects\SIMPL#\PhillipsHueSIMPLSharp\HueLights\bin\Debug\HueLights.clz...
9/29/2016 7:26:50 AM, Info: Saving project information...
9/29/2016 7:27:01 AM, Info: Validating assembly C:\Dropbox\Projects\SIMPL#\PhillipsHueSIMPLSharp\HueLights\bin\Debug\HueLights.dll...
9/29/2016 7:27:02 AM, Info: Verifying assembly C:\Dropbox\Projects\SIMPL#\PhillipsHueSIMPLSharp\HueLights\bin\Debug\HueLights.dll
9/29/2016 7:27:02 AM, Info: Creating Archive C:\Dropbox\Projects\SIMPL#\PhillipsHueSIMPLSharp\HueLights\bin\Debug\HueLights.clz...
9/29/2016 7:27:02 AM, Info: Saving project information...
9/29/2016 7:27:07 AM, Info: Validating assembly C:\Dropbox\Projects\SIMPL#\PhillipsHueSIMPLSharp\HueLights\bin\Debug\HueLights.dll...
9/29/2016 7:27:07 AM, Info: Verifying assembly C:\Dropbox\Projects\SIMPL#\PhillipsHueSIMPLSharp\HueLights\bin\Debug\HueLights.dll
9/29/2016 7:27:08 AM, Info: Creating Archive C:\Dropbox\Projects\SIMPL#\PhillipsHueSIMPLSharp\HueLights\bin\Debug\HueLights.clz...
9/29/2016 7:27:08 AM, Info: Saving project information...
9/29/2016 7:43:58 AM, Info: Validating assembly C:\Dropbox\Projects\SIMPL#\PhillipsHueSIMPLSharp\HueLights\bin\Debug\HueLights.dll...
9/29/2016 7:43:58 AM, Info: Verifying assembly C:\Dropbox\Projects\SIMPL#\PhillipsHueSIMPLSharp\HueLights\bin\Debug\HueLights.dll
9/29/2016 7:43:58 AM, Info: Creating Archive C:\Dropbox\Projects\SIMPL#\PhillipsHueSIMPLSharp\HueLights\bin\Debug\HueLights.clz...
9/29/2016 7:43:58 AM, Info: Saving project information...
9/29/2016 7:45:28 AM, Info: Validating assembly C:\Dropbox\Projects\SIMPL#\PhillipsHueSIMPLSharp\HueLights\bin\Debug\HueLights.dll...
9/29/2016 7:45:28 AM, Info: Verifying assembly C:\Dropbox\Projects\SIMPL#\PhillipsHueSIMPLSharp\HueLights\bin\Debug\HueLights.dll
9/29/2016 7:45:28 AM, Info: Creating Archive C:\Dropbox\Projects\SIMPL#\PhillipsHueSIMPLSharp\HueLights\bin\Debug\HueLights.clz...
9/29/2016 7:45:29 AM, Info: Saving project information...
9/29/2016 7:52:28 AM, Info: Validating assembly C:\Dropbox\Projects\SIMPL#\PhillipsHueSIMPLSharp\HueLights\bin\Debug\HueLights.dll...
9/29/2016 7:52:28 AM, Info: Verifying assembly C:\Dropbox\Projects\SIMPL#\PhillipsHueSIMPLSharp\HueLights\bin\Debug\HueLights.dll
9/29/2016 7:52:28 AM, Info: Creating Archive C:\Dropbox\Projects\SIMPL#\PhillipsHueSIMPLSharp\HueLights\bin\Debug\HueLights.clz...
9/29/2016 7:52:29 AM, Info: Saving project information...
9/29/2016 8:40:25 AM, Info: Validating assembly C:\Dropbox\Projects\SIMPL#\PhillipsHueSIMPLSharp\HueLights\bin\Debug\HueLights.dll...
9/29/2016 8:40:25 AM, Info: Verifying assembly C:\Dropbox\Projects\SIMPL#\PhillipsHueSIMPLSharp\HueLights\bin\Debug\HueLights.dll
9/29/2016 8:40:25 AM, Info: Creating Archive C:\Dropbox\Projects\SIMPL#\PhillipsHueSIMPLSharp\HueLights\bin\Debug\HueLights.clz...
9/29/2016 8:40:26 AM, Info: Saving project information...
9/29/2016 11:42:26 AM, Info: Validating assembly C:\Dropbox\Projects\SIMPL#\PhillipsHueSIMPLSharp\HueLights\bin\Debug\HueLights.dll...
9/29/2016 11:42:27 AM, Info: Verifying assembly C:\Dropbox\Projects\SIMPL#\PhillipsHueSIMPLSharp\HueLights\bin\Debug\HueLights.dll
9/29/2016 11:42:27 AM, Info: Creating Archive C:\Dropbox\Projects\SIMPL#\PhillipsHueSIMPLSharp\HueLights\bin\Debug\HueLights.clz...
9/29/2016 11:42:27 AM, Info: Saving project information...
9/29/2016 12:38:19 PM, Info: Terminating SIMPLSharp Services
