9/7/16 12:36:53 PM, Info: Initializing SIMPLSharp Services...
9/7/16 12:36:53 PM, Info: ProjectInfo successfully initialized.
9/7/16 12:37:59 PM, Info: Validating assembly C:\Dropbox\Projects\SIMPL#\HueLights\HueLights\bin\Debug\HueLights.dll...
9/7/16 12:38:00 PM, Info: Verifying assembly C:\Dropbox\Projects\SIMPL#\HueLights\HueLights\bin\Debug\HueLights.dll
9/7/16 12:38:00 PM, Info: Creating Archive C:\Dropbox\Projects\SIMPL#\HueLights\HueLights\bin\Debug\HueLights.clz...
9/7/16 12:38:00 PM, Info: Saving project information...
9/7/16 1:21:14 PM, Info: Validating assembly C:\Dropbox\Projects\SIMPL#\HueLights\HueLights\bin\Debug\HueLights.dll...
9/7/16 1:21:15 PM, Info: Verifying assembly C:\Dropbox\Projects\SIMPL#\HueLights\HueLights\bin\Debug\HueLights.dll
9/7/16 1:21:15 PM, Info: Creating Archive C:\Dropbox\Projects\SIMPL#\HueLights\HueLights\bin\Debug\HueLights.clz...
9/7/16 1:21:15 PM, Info: Saving project information...
9/7/16 2:03:45 PM, Info: Validating assembly C:\Dropbox\Projects\SIMPL#\HueLights\HueLights\bin\Debug\HueLights.dll...
9/7/16 2:03:46 PM, Info: Verifying assembly C:\Dropbox\Projects\SIMPL#\HueLights\HueLights\bin\Debug\HueLights.dll
9/7/16 2:03:46 PM, Info: Creating Archive C:\Dropbox\Projects\SIMPL#\HueLights\HueLights\bin\Debug\HueLights.clz...
9/7/16 2:03:46 PM, Info: Saving project information...
9/7/16 2:03:58 PM, Info: Validating assembly C:\Dropbox\Projects\SIMPL#\HueLights\HueLights\bin\Debug\HueLights.dll...
9/7/16 2:03:58 PM, Info: Verifying assembly C:\Dropbox\Projects\SIMPL#\HueLights\HueLights\bin\Debug\HueLights.dll
9/7/16 2:03:58 PM, Info: Creating Archive C:\Dropbox\Projects\SIMPL#\HueLights\HueLights\bin\Debug\HueLights.clz...
9/7/16 2:03:59 PM, Info: Saving project information...
9/7/16 2:09:10 PM, Info: Validating assembly C:\Dropbox\Projects\SIMPL#\HueLights\HueLights\bin\Debug\HueLights.dll...
9/7/16 2:09:10 PM, Info: Verifying assembly C:\Dropbox\Projects\SIMPL#\HueLights\HueLights\bin\Debug\HueLights.dll
9/7/16 2:09:10 PM, Info: Creating Archive C:\Dropbox\Projects\SIMPL#\HueLights\HueLights\bin\Debug\HueLights.clz...
9/7/16 2:09:10 PM, Info: Saving project information...
9/7/16 2:11:31 PM, Info: Validating assembly C:\Dropbox\Projects\SIMPL#\HueLights\HueLights\bin\Debug\HueLights.dll...
9/7/16 2:11:31 PM, Info: Verifying assembly C:\Dropbox\Projects\SIMPL#\HueLights\HueLights\bin\Debug\HueLights.dll
9/7/16 2:11:31 PM, Info: Creating Archive C:\Dropbox\Projects\SIMPL#\HueLights\HueLights\bin\Debug\HueLights.clz...
9/7/16 2:11:31 PM, Info: Saving project information...
9/7/16 2:12:54 PM, Info: Validating assembly C:\Dropbox\Projects\SIMPL#\HueLights\HueLights\bin\Debug\HueLights.dll...
9/7/16 2:12:54 PM, Info: Verifying assembly C:\Dropbox\Projects\SIMPL#\HueLights\HueLights\bin\Debug\HueLights.dll
9/7/16 2:12:54 PM, Info: Creating Archive C:\Dropbox\Projects\SIMPL#\HueLights\HueLights\bin\Debug\HueLights.clz...
9/7/16 2:12:54 PM, Info: Saving project information...
9/7/16 2:13:16 PM, Info: Validating assembly C:\Dropbox\Projects\SIMPL#\HueLights\HueLights\bin\Debug\HueLights.dll...
9/7/16 2:13:16 PM, Info: Verifying assembly C:\Dropbox\Projects\SIMPL#\HueLights\HueLights\bin\Debug\HueLights.dll
9/7/16 2:13:16 PM, Info: Creating Archive C:\Dropbox\Projects\SIMPL#\HueLights\HueLights\bin\Debug\HueLights.clz...
9/7/16 2:13:17 PM, Info: Saving project information...
9/7/16 2:15:39 PM, Info: Validating assembly C:\Dropbox\Projects\SIMPL#\HueLights\HueLights\bin\Debug\HueLights.dll...
9/7/16 2:15:39 PM, Info: Verifying assembly C:\Dropbox\Projects\SIMPL#\HueLights\HueLights\bin\Debug\HueLights.dll
9/7/16 2:15:39 PM, Info: Creating Archive C:\Dropbox\Projects\SIMPL#\HueLights\HueLights\bin\Debug\HueLights.clz...
9/7/16 2:15:40 PM, Info: Saving project information...
9/7/16 2:16:50 PM, Info: Validating assembly C:\Dropbox\Projects\SIMPL#\HueLights\HueLights\bin\Debug\HueLights.dll...
9/7/16 2:16:50 PM, Info: Verifying assembly C:\Dropbox\Projects\SIMPL#\HueLights\HueLights\bin\Debug\HueLights.dll
9/7/16 2:16:51 PM, Info: Creating Archive C:\Dropbox\Projects\SIMPL#\HueLights\HueLights\bin\Debug\HueLights.clz...
9/7/16 2:16:51 PM, Info: Saving project information...
9/7/16 2:17:28 PM, Info: Validating assembly C:\Dropbox\Projects\SIMPL#\HueLights\HueLights\bin\Debug\HueLights.dll...
9/7/16 2:17:28 PM, Info: Verifying assembly C:\Dropbox\Projects\SIMPL#\HueLights\HueLights\bin\Debug\HueLights.dll
9/7/16 2:17:29 PM, Info: Creating Archive C:\Dropbox\Projects\SIMPL#\HueLights\HueLights\bin\Debug\HueLights.clz...
9/7/16 2:17:29 PM, Info: Saving project information...
9/7/16 2:29:19 PM, Info: Validating assembly C:\Dropbox\Projects\SIMPL#\HueLights\HueLights\bin\Debug\HueLights.dll...
9/7/16 2:29:19 PM, Info: Verifying assembly C:\Dropbox\Projects\SIMPL#\HueLights\HueLights\bin\Debug\HueLights.dll
9/7/16 2:29:19 PM, Info: Creating Archive C:\Dropbox\Projects\SIMPL#\HueLights\HueLights\bin\Debug\HueLights.clz...
9/7/16 2:29:19 PM, Info: Saving project information...
9/7/16 2:32:12 PM, Info: Validating assembly C:\Dropbox\Projects\SIMPL#\HueLights\HueLights\bin\Debug\HueLights.dll...
9/7/16 2:32:12 PM, Info: Verifying assembly C:\Dropbox\Projects\SIMPL#\HueLights\HueLights\bin\Debug\HueLights.dll
9/7/16 2:32:12 PM, Info: Creating Archive C:\Dropbox\Projects\SIMPL#\HueLights\HueLights\bin\Debug\HueLights.clz...
9/7/16 2:32:12 PM, Info: Saving project information...
9/7/16 2:39:55 PM, Info: Validating assembly C:\Dropbox\Projects\SIMPL#\HueLights\HueLights\bin\Debug\HueLights.dll...
9/7/16 2:39:55 PM, Info: Verifying assembly C:\Dropbox\Projects\SIMPL#\HueLights\HueLights\bin\Debug\HueLights.dll
9/7/16 2:39:55 PM, Info: Creating Archive C:\Dropbox\Projects\SIMPL#\HueLights\HueLights\bin\Debug\HueLights.clz...
9/7/16 2:39:55 PM, Info: Saving project information...
9/7/16 2:43:44 PM, Info: Validating assembly C:\Dropbox\Projects\SIMPL#\HueLights\HueLights\bin\Debug\HueLights.dll...
9/7/16 2:43:44 PM, Info: Verifying assembly C:\Dropbox\Projects\SIMPL#\HueLights\HueLights\bin\Debug\HueLights.dll
9/7/16 2:43:44 PM, Info: Creating Archive C:\Dropbox\Projects\SIMPL#\HueLights\HueLights\bin\Debug\HueLights.clz...
9/7/16 2:43:45 PM, Info: Saving project information...
9/7/16 2:47:51 PM, Info: Validating assembly C:\Dropbox\Projects\SIMPL#\HueLights\HueLights\bin\Debug\HueLights.dll...
9/7/16 2:47:51 PM, Info: Verifying assembly C:\Dropbox\Projects\SIMPL#\HueLights\HueLights\bin\Debug\HueLights.dll
9/7/16 2:47:51 PM, Info: Creating Archive C:\Dropbox\Projects\SIMPL#\HueLights\HueLights\bin\Debug\HueLights.clz...
9/7/16 2:47:51 PM, Info: Saving project information...
9/7/16 3:07:45 PM, Info: Validating assembly C:\Dropbox\Projects\SIMPL#\HueLights\HueLights\bin\Debug\HueLights.dll...
9/7/16 3:07:45 PM, Info: Verifying assembly C:\Dropbox\Projects\SIMPL#\HueLights\HueLights\bin\Debug\HueLights.dll
9/7/16 3:07:45 PM, Info: Creating Archive C:\Dropbox\Projects\SIMPL#\HueLights\HueLights\bin\Debug\HueLights.clz...
9/7/16 3:07:46 PM, Info: Saving project information...
9/7/16 3:14:04 PM, Info: Validating assembly C:\Dropbox\Projects\SIMPL#\HueLights\HueLights\bin\Debug\HueLights.dll...
9/7/16 3:14:04 PM, Info: Verifying assembly C:\Dropbox\Projects\SIMPL#\HueLights\HueLights\bin\Debug\HueLights.dll
9/7/16 3:14:04 PM, Info: Creating Archive C:\Dropbox\Projects\SIMPL#\HueLights\HueLights\bin\Debug\HueLights.clz...
9/7/16 3:14:04 PM, Info: Saving project information...
9/7/16 3:26:01 PM, Info: Validating assembly C:\Dropbox\Projects\SIMPL#\HueLights\HueLights\bin\Debug\HueLights.dll...
9/7/16 3:26:01 PM, Info: Verifying assembly C:\Dropbox\Projects\SIMPL#\HueLights\HueLights\bin\Debug\HueLights.dll
9/7/16 3:26:01 PM, Info: Creating Archive C:\Dropbox\Projects\SIMPL#\HueLights\HueLights\bin\Debug\HueLights.clz...
9/7/16 3:26:02 PM, Info: Saving project information...
9/7/16 4:07:09 PM, Info: Validating assembly C:\Dropbox\Projects\SIMPL#\HueLights\HueLights\bin\Debug\HueLights.dll...
9/7/16 4:07:09 PM, Info: Verifying assembly C:\Dropbox\Projects\SIMPL#\HueLights\HueLights\bin\Debug\HueLights.dll
9/7/16 4:07:09 PM, Info: Creating Archive C:\Dropbox\Projects\SIMPL#\HueLights\HueLights\bin\Debug\HueLights.clz...
9/7/16 4:07:10 PM, Info: Saving project information...
9/7/16 4:26:01 PM, Info: Validating assembly C:\Dropbox\Projects\SIMPL#\HueLights\HueLights\bin\Debug\HueLights.dll...
9/7/16 4:26:01 PM, Info: Verifying assembly C:\Dropbox\Projects\SIMPL#\HueLights\HueLights\bin\Debug\HueLights.dll
9/7/16 4:26:01 PM, Info: Creating Archive C:\Dropbox\Projects\SIMPL#\HueLights\HueLights\bin\Debug\HueLights.clz...
9/7/16 4:26:02 PM, Info: Saving project information...
9/7/16 4:30:57 PM, Info: Validating assembly C:\Dropbox\Projects\SIMPL#\HueLights\HueLights\bin\Debug\HueLights.dll...
9/7/16 4:30:57 PM, Info: Verifying assembly C:\Dropbox\Projects\SIMPL#\HueLights\HueLights\bin\Debug\HueLights.dll
9/7/16 4:30:57 PM, Info: Creating Archive C:\Dropbox\Projects\SIMPL#\HueLights\HueLights\bin\Debug\HueLights.clz...
9/7/16 4:30:58 PM, Info: Saving project information...
9/7/16 4:31:25 PM, Info: Validating assembly C:\Dropbox\Projects\SIMPL#\HueLights\HueLights\bin\Debug\HueLights.dll...
9/7/16 4:31:26 PM, Info: Verifying assembly C:\Dropbox\Projects\SIMPL#\HueLights\HueLights\bin\Debug\HueLights.dll
9/7/16 4:31:26 PM, Info: Creating Archive C:\Dropbox\Projects\SIMPL#\HueLights\HueLights\bin\Debug\HueLights.clz...
9/7/16 4:31:26 PM, Info: Saving project information...
9/7/16 4:55:15 PM, Info: Validating assembly C:\Dropbox\Projects\SIMPL#\HueLights\HueLights\bin\Debug\HueLights.dll...
9/7/16 4:55:15 PM, Info: Verifying assembly C:\Dropbox\Projects\SIMPL#\HueLights\HueLights\bin\Debug\HueLights.dll
9/7/16 4:55:15 PM, Info: Creating Archive C:\Dropbox\Projects\SIMPL#\HueLights\HueLights\bin\Debug\HueLights.clz...
9/7/16 4:55:16 PM, Info: Saving project information...
9/7/16 4:58:28 PM, Info: Validating assembly C:\Dropbox\Projects\SIMPL#\HueLights\HueLights\bin\Debug\HueLights.dll...
9/7/16 4:58:28 PM, Info: Verifying assembly C:\Dropbox\Projects\SIMPL#\HueLights\HueLights\bin\Debug\HueLights.dll
9/7/16 4:58:28 PM, Info: Creating Archive C:\Dropbox\Projects\SIMPL#\HueLights\HueLights\bin\Debug\HueLights.clz...
9/7/16 4:58:29 PM, Info: Saving project information...
9/8/16 10:22:51 AM, Info: Validating assembly C:\Dropbox\Projects\SIMPL#\HueLights\HueLights\bin\Debug\HueLights.dll...
9/8/16 10:22:51 AM, Info: Verifying assembly C:\Dropbox\Projects\SIMPL#\HueLights\HueLights\bin\Debug\HueLights.dll
9/8/16 10:22:52 AM, Info: Creating Archive C:\Dropbox\Projects\SIMPL#\HueLights\HueLights\bin\Debug\HueLights.clz...
9/8/16 10:22:52 AM, Info: Saving project information...
9/8/16 12:24:48 PM, Info: Validating assembly C:\Dropbox\Projects\SIMPL#\HueLights\HueLights\bin\Debug\HueLights.dll...
9/8/16 12:24:49 PM, Info: Verifying assembly C:\Dropbox\Projects\SIMPL#\HueLights\HueLights\bin\Debug\HueLights.dll
9/8/16 12:24:49 PM, Info: Creating Archive C:\Dropbox\Projects\SIMPL#\HueLights\HueLights\bin\Debug\HueLights.clz...
9/8/16 12:24:49 PM, Info: Saving project information...
9/8/16 12:31:31 PM, Info: Validating assembly C:\Dropbox\Projects\SIMPL#\HueLights\HueLights\bin\Debug\HueLights.dll...
9/8/16 12:31:31 PM, Info: Verifying assembly C:\Dropbox\Projects\SIMPL#\HueLights\HueLights\bin\Debug\HueLights.dll
9/8/16 12:31:31 PM, Info: Creating Archive C:\Dropbox\Projects\SIMPL#\HueLights\HueLights\bin\Debug\HueLights.clz...
9/8/16 12:31:32 PM, Info: Saving project information...
9/8/16 12:32:49 PM, Info: Validating assembly C:\Dropbox\Projects\SIMPL#\HueLights\HueLights\bin\Debug\HueLights.dll...
9/8/16 12:32:49 PM, Info: Verifying assembly C:\Dropbox\Projects\SIMPL#\HueLights\HueLights\bin\Debug\HueLights.dll
9/8/16 12:32:49 PM, Info: Creating Archive C:\Dropbox\Projects\SIMPL#\HueLights\HueLights\bin\Debug\HueLights.clz...
9/8/16 12:32:49 PM, Info: Saving project information...
9/8/16 1:14:57 PM, Info: Validating assembly C:\Dropbox\Projects\SIMPL#\HueLights\HueLights\bin\Debug\HueLights.dll...
9/8/16 1:14:57 PM, Info: Verifying assembly C:\Dropbox\Projects\SIMPL#\HueLights\HueLights\bin\Debug\HueLights.dll
9/8/16 1:14:57 PM, Info: Creating Archive C:\Dropbox\Projects\SIMPL#\HueLights\HueLights\bin\Debug\HueLights.clz...
9/8/16 1:14:57 PM, Info: Saving project information...
9/8/16 1:16:14 PM, Info: Validating assembly C:\Dropbox\Projects\SIMPL#\HueLights\HueLights\bin\Debug\HueLights.dll...
9/8/16 1:16:14 PM, Info: Verifying assembly C:\Dropbox\Projects\SIMPL#\HueLights\HueLights\bin\Debug\HueLights.dll
9/8/16 1:16:14 PM, Info: Creating Archive C:\Dropbox\Projects\SIMPL#\HueLights\HueLights\bin\Debug\HueLights.clz...
9/8/16 1:16:14 PM, Info: Saving project information...
9/8/16 1:16:37 PM, Info: Validating assembly C:\Dropbox\Projects\SIMPL#\HueLights\HueLights\bin\Debug\HueLights.dll...
9/8/16 1:16:38 PM, Info: Verifying assembly C:\Dropbox\Projects\SIMPL#\HueLights\HueLights\bin\Debug\HueLights.dll
9/8/16 1:16:38 PM, Info: Creating Archive C:\Dropbox\Projects\SIMPL#\HueLights\HueLights\bin\Debug\HueLights.clz...
9/8/16 1:16:38 PM, Info: Saving project information...
9/8/16 1:17:23 PM, Info: Validating assembly C:\Dropbox\Projects\SIMPL#\HueLights\HueLights\bin\Debug\HueLights.dll...
9/8/16 1:17:23 PM, Info: Verifying assembly C:\Dropbox\Projects\SIMPL#\HueLights\HueLights\bin\Debug\HueLights.dll
9/8/16 1:17:23 PM, Info: Creating Archive C:\Dropbox\Projects\SIMPL#\HueLights\HueLights\bin\Debug\HueLights.clz...
9/8/16 1:17:24 PM, Info: Saving project information...
9/8/16 1:20:02 PM, Info: Validating assembly C:\Dropbox\Projects\SIMPL#\HueLights\HueLights\bin\Debug\HueLights.dll...
9/8/16 1:20:02 PM, Info: Verifying assembly C:\Dropbox\Projects\SIMPL#\HueLights\HueLights\bin\Debug\HueLights.dll
9/8/16 1:20:03 PM, Info: Creating Archive C:\Dropbox\Projects\SIMPL#\HueLights\HueLights\bin\Debug\HueLights.clz...
9/8/16 1:20:03 PM, Info: Saving project information...
9/8/16 1:33:45 PM, Info: Validating assembly C:\Dropbox\Projects\SIMPL#\HueLights\HueLights\bin\Debug\HueLights.dll...
9/8/16 1:33:45 PM, Info: Verifying assembly C:\Dropbox\Projects\SIMPL#\HueLights\HueLights\bin\Debug\HueLights.dll
9/8/16 1:33:45 PM, Info: Creating Archive C:\Dropbox\Projects\SIMPL#\HueLights\HueLights\bin\Debug\HueLights.clz...
9/8/16 1:33:46 PM, Info: Saving project information...
9/8/16 2:03:24 PM, Info: Validating assembly C:\Dropbox\Projects\SIMPL#\HueLights\HueLights\bin\Debug\HueLights.dll...
9/8/16 2:03:24 PM, Info: Verifying assembly C:\Dropbox\Projects\SIMPL#\HueLights\HueLights\bin\Debug\HueLights.dll
9/8/16 2:03:24 PM, Info: Creating Archive C:\Dropbox\Projects\SIMPL#\HueLights\HueLights\bin\Debug\HueLights.clz...
9/8/16 2:03:25 PM, Info: Saving project information...
9/8/16 2:14:48 PM, Info: Validating assembly C:\Dropbox\Projects\SIMPL#\HueLights\HueLights\bin\Debug\HueLights.dll...
9/8/16 2:14:48 PM, Info: Verifying assembly C:\Dropbox\Projects\SIMPL#\HueLights\HueLights\bin\Debug\HueLights.dll
9/8/16 2:14:49 PM, Info: Creating Archive C:\Dropbox\Projects\SIMPL#\HueLights\HueLights\bin\Debug\HueLights.clz...
9/8/16 2:14:49 PM, Info: Saving project information...
9/8/16 2:31:10 PM, Info: Validating assembly C:\Dropbox\Projects\SIMPL#\HueLights\HueLights\bin\Debug\HueLights.dll...
9/8/16 2:31:10 PM, Info: Verifying assembly C:\Dropbox\Projects\SIMPL#\HueLights\HueLights\bin\Debug\HueLights.dll
9/8/16 2:31:11 PM, Info: Creating Archive C:\Dropbox\Projects\SIMPL#\HueLights\HueLights\bin\Debug\HueLights.clz...
9/8/16 2:31:11 PM, Info: Saving project information...
9/8/16 2:32:01 PM, Info: Saving project information...
9/8/16 2:32:01 PM, Info: Saving project information...
9/8/16 2:32:01 PM, Info: Saving project information...
9/8/16 2:32:01 PM, Info: Saving project information...
9/8/16 2:32:01 PM, Info: Saving project information...
9/8/16 2:32:01 PM, Info: Saving project information...
9/8/16 2:32:01 PM, Info: Validating assembly C:\Dropbox\Projects\SIMPL#\HueLights\HueLights\bin\Debug\HueLights.dll...
9/8/16 2:32:01 PM, Info: Verifying assembly C:\Dropbox\Projects\SIMPL#\HueLights\HueLights\bin\Debug\HueLights.dll
9/8/16 2:32:01 PM, Info: Creating Archive C:\Dropbox\Projects\SIMPL#\HueLights\HueLights\bin\Debug\HueLights.clz...
9/8/16 2:32:02 PM, Info: Saving project information...
9/8/16 2:52:03 PM, Info: Validating assembly C:\Dropbox\Projects\SIMPL#\HueLights\HueLights\bin\Debug\HueLights.dll...
9/8/16 2:52:03 PM, Info: Verifying assembly C:\Dropbox\Projects\SIMPL#\HueLights\HueLights\bin\Debug\HueLights.dll
9/8/16 2:52:03 PM, Info: Creating Archive C:\Dropbox\Projects\SIMPL#\HueLights\HueLights\bin\Debug\HueLights.clz...
9/8/16 2:52:03 PM, Info: Saving project information...
9/8/16 4:07:07 PM, Info: Validating assembly C:\Dropbox\Projects\SIMPL#\HueLights\HueLights\bin\Debug\HueLights.dll...
9/8/16 4:07:07 PM, Info: Verifying assembly C:\Dropbox\Projects\SIMPL#\HueLights\HueLights\bin\Debug\HueLights.dll
9/8/16 4:07:07 PM, Info: Creating Archive C:\Dropbox\Projects\SIMPL#\HueLights\HueLights\bin\Debug\HueLights.clz...
9/8/16 4:07:08 PM, Info: Saving project information...
9/8/16 4:14:57 PM, Info: Validating assembly C:\Dropbox\Projects\SIMPL#\HueLights\HueLights\bin\Debug\HueLights.dll...
9/8/16 4:14:57 PM, Info: Verifying assembly C:\Dropbox\Projects\SIMPL#\HueLights\HueLights\bin\Debug\HueLights.dll
9/8/16 4:14:58 PM, Info: Creating Archive C:\Dropbox\Projects\SIMPL#\HueLights\HueLights\bin\Debug\HueLights.clz...
9/8/16 4:14:58 PM, Info: Saving project information...
9/8/16 4:17:17 PM, Info: Validating assembly C:\Dropbox\Projects\SIMPL#\HueLights\HueLights\bin\Debug\HueLights.dll...
9/8/16 4:17:17 PM, Info: Verifying assembly C:\Dropbox\Projects\SIMPL#\HueLights\HueLights\bin\Debug\HueLights.dll
9/8/16 4:17:17 PM, Info: Creating Archive C:\Dropbox\Projects\SIMPL#\HueLights\HueLights\bin\Debug\HueLights.clz...
9/8/16 4:17:18 PM, Info: Saving project information...
9/8/16 4:19:23 PM, Info: Validating assembly C:\Dropbox\Projects\SIMPL#\HueLights\HueLights\bin\Debug\HueLights.dll...
9/8/16 4:19:23 PM, Info: Verifying assembly C:\Dropbox\Projects\SIMPL#\HueLights\HueLights\bin\Debug\HueLights.dll
9/8/16 4:19:23 PM, Info: Creating Archive C:\Dropbox\Projects\SIMPL#\HueLights\HueLights\bin\Debug\HueLights.clz...
9/8/16 4:19:23 PM, Info: Saving project information...
9/8/16 4:21:26 PM, Info: Validating assembly C:\Dropbox\Projects\SIMPL#\HueLights\HueLights\bin\Debug\HueLights.dll...
9/8/16 4:21:26 PM, Info: Verifying assembly C:\Dropbox\Projects\SIMPL#\HueLights\HueLights\bin\Debug\HueLights.dll
9/8/16 4:21:26 PM, Info: Creating Archive C:\Dropbox\Projects\SIMPL#\HueLights\HueLights\bin\Debug\HueLights.clz...
9/8/16 4:21:27 PM, Info: Saving project information...
9/8/16 4:23:58 PM, Info: Validating assembly C:\Dropbox\Projects\SIMPL#\HueLights\HueLights\bin\Debug\HueLights.dll...
9/8/16 4:23:58 PM, Info: Verifying assembly C:\Dropbox\Projects\SIMPL#\HueLights\HueLights\bin\Debug\HueLights.dll
9/8/16 4:23:58 PM, Info: Creating Archive C:\Dropbox\Projects\SIMPL#\HueLights\HueLights\bin\Debug\HueLights.clz...
9/8/16 4:23:58 PM, Info: Saving project information...
9/8/16 4:25:07 PM, Info: Validating assembly C:\Dropbox\Projects\SIMPL#\HueLights\HueLights\bin\Debug\HueLights.dll...
9/8/16 4:25:07 PM, Info: Verifying assembly C:\Dropbox\Projects\SIMPL#\HueLights\HueLights\bin\Debug\HueLights.dll
9/8/16 4:25:07 PM, Info: Creating Archive C:\Dropbox\Projects\SIMPL#\HueLights\HueLights\bin\Debug\HueLights.clz...
9/8/16 4:25:07 PM, Info: Saving project information...
9/8/16 4:25:20 PM, Info: Validating assembly C:\Dropbox\Projects\SIMPL#\HueLights\HueLights\bin\Debug\HueLights.dll...
9/8/16 4:25:20 PM, Info: Verifying assembly C:\Dropbox\Projects\SIMPL#\HueLights\HueLights\bin\Debug\HueLights.dll
9/8/16 4:25:20 PM, Info: Creating Archive C:\Dropbox\Projects\SIMPL#\HueLights\HueLights\bin\Debug\HueLights.clz...
9/8/16 4:25:20 PM, Info: Saving project information...
9/8/16 4:31:34 PM, Info: Validating assembly C:\Dropbox\Projects\SIMPL#\HueLights\HueLights\bin\Debug\HueLights.dll...
9/8/16 4:31:34 PM, Info: Verifying assembly C:\Dropbox\Projects\SIMPL#\HueLights\HueLights\bin\Debug\HueLights.dll
9/8/16 4:31:34 PM, Info: Creating Archive C:\Dropbox\Projects\SIMPL#\HueLights\HueLights\bin\Debug\HueLights.clz...
9/8/16 4:31:35 PM, Info: Saving project information...
9/8/16 4:33:38 PM, Info: Validating assembly C:\Dropbox\Projects\SIMPL#\HueLights\HueLights\bin\Debug\HueLights.dll...
9/8/16 4:33:38 PM, Info: Verifying assembly C:\Dropbox\Projects\SIMPL#\HueLights\HueLights\bin\Debug\HueLights.dll
9/8/16 4:33:39 PM, Info: Creating Archive C:\Dropbox\Projects\SIMPL#\HueLights\HueLights\bin\Debug\HueLights.clz...
9/8/16 4:33:39 PM, Info: Saving project information...
9/8/16 4:35:18 PM, Info: Validating assembly C:\Dropbox\Projects\SIMPL#\HueLights\HueLights\bin\Debug\HueLights.dll...
9/8/16 4:35:18 PM, Info: Verifying assembly C:\Dropbox\Projects\SIMPL#\HueLights\HueLights\bin\Debug\HueLights.dll
9/8/16 4:35:18 PM, Info: Creating Archive C:\Dropbox\Projects\SIMPL#\HueLights\HueLights\bin\Debug\HueLights.clz...
9/8/16 4:35:18 PM, Info: Saving project information...
9/8/16 4:37:56 PM, Info: Validating assembly C:\Dropbox\Projects\SIMPL#\HueLights\HueLights\bin\Debug\HueLights.dll...
9/8/16 4:37:56 PM, Info: Verifying assembly C:\Dropbox\Projects\SIMPL#\HueLights\HueLights\bin\Debug\HueLights.dll
9/8/16 4:37:56 PM, Info: Creating Archive C:\Dropbox\Projects\SIMPL#\HueLights\HueLights\bin\Debug\HueLights.clz...
9/8/16 4:37:57 PM, Info: Saving project information...
9/8/16 4:41:05 PM, Info: Validating assembly C:\Dropbox\Projects\SIMPL#\HueLights\HueLights\bin\Debug\HueLights.dll...
9/8/16 4:41:05 PM, Info: Verifying assembly C:\Dropbox\Projects\SIMPL#\HueLights\HueLights\bin\Debug\HueLights.dll
9/8/16 4:41:05 PM, Info: Creating Archive C:\Dropbox\Projects\SIMPL#\HueLights\HueLights\bin\Debug\HueLights.clz...
9/8/16 4:41:06 PM, Info: Saving project information...
9/8/16 4:43:19 PM, Info: Validating assembly C:\Dropbox\Projects\SIMPL#\HueLights\HueLights\bin\Debug\HueLights.dll...
9/8/16 4:43:19 PM, Info: Verifying assembly C:\Dropbox\Projects\SIMPL#\HueLights\HueLights\bin\Debug\HueLights.dll
9/8/16 4:43:19 PM, Info: Creating Archive C:\Dropbox\Projects\SIMPL#\HueLights\HueLights\bin\Debug\HueLights.clz...
9/8/16 4:43:20 PM, Info: Saving project information...
9/8/16 4:44:10 PM, Info: Validating assembly C:\Dropbox\Projects\SIMPL#\HueLights\HueLights\bin\Debug\HueLights.dll...
9/8/16 4:44:11 PM, Info: Verifying assembly C:\Dropbox\Projects\SIMPL#\HueLights\HueLights\bin\Debug\HueLights.dll
9/8/16 4:44:11 PM, Info: Creating Archive C:\Dropbox\Projects\SIMPL#\HueLights\HueLights\bin\Debug\HueLights.clz...
9/8/16 4:44:11 PM, Info: Saving project information...
9/8/16 5:17:53 PM, Info: Validating assembly C:\Dropbox\Projects\SIMPL#\HueLights\HueLights\bin\Debug\HueLights.dll...
9/8/16 5:17:53 PM, Info: Verifying assembly C:\Dropbox\Projects\SIMPL#\HueLights\HueLights\bin\Debug\HueLights.dll
9/8/16 5:17:53 PM, Info: Creating Archive C:\Dropbox\Projects\SIMPL#\HueLights\HueLights\bin\Debug\HueLights.clz...
9/8/16 5:17:53 PM, Info: Saving project information...
9/9/16 8:20:47 AM, Info: Saving project information...
9/9/16 8:20:47 AM, Info: Saving project information...
9/9/16 8:20:47 AM, Info: Saving project information...
9/9/16 8:25:47 AM, Info: Saving project information...
9/9/16 8:25:47 AM, Info: Saving project information...
9/9/16 8:25:47 AM, Info: Saving project information...
9/9/16 8:30:47 AM, Info: Saving project information...
9/9/16 8:30:47 AM, Info: Saving project information...
9/9/16 8:30:47 AM, Info: Saving project information...
9/9/16 8:35:47 AM, Info: Saving project information...
9/9/16 8:35:47 AM, Info: Saving project information...
9/9/16 8:35:47 AM, Info: Saving project information...
9/9/16 8:40:47 AM, Info: Saving project information...
9/9/16 8:40:47 AM, Info: Saving project information...
9/9/16 8:40:47 AM, Info: Saving project information...
9/9/16 8:45:47 AM, Info: Saving project information...
9/9/16 8:45:47 AM, Info: Saving project information...
9/9/16 8:45:47 AM, Info: Saving project information...
9/9/16 8:50:47 AM, Info: Saving project information...
9/9/16 8:50:47 AM, Info: Saving project information...
9/9/16 8:50:47 AM, Info: Saving project information...
9/9/16 8:51:53 AM, Info: Saving project information...
9/9/16 8:51:53 AM, Info: Saving project information...
9/9/16 8:51:53 AM, Info: Saving project information...
9/9/16 8:51:53 AM, Info: Saving project information...
9/9/16 8:51:53 AM, Info: Saving project information...
9/9/16 8:51:53 AM, Info: Saving project information...
9/9/16 3:24:13 PM, Info: Validating assembly C:\Dropbox\Projects\SIMPL#\HueLights\HueLights\bin\Debug\HueLights.dll...
9/9/16 3:24:13 PM, Info: Verifying assembly C:\Dropbox\Projects\SIMPL#\HueLights\HueLights\bin\Debug\HueLights.dll
9/9/16 3:24:13 PM, Info: Creating Archive C:\Dropbox\Projects\SIMPL#\HueLights\HueLights\bin\Debug\HueLights.clz...
9/9/16 3:24:13 PM, Info: Saving project information...
9/9/16 3:31:01 PM, Info: Validating assembly C:\Dropbox\Projects\SIMPL#\HueLights\HueLights\bin\Debug\HueLights.dll...
9/9/16 3:31:01 PM, Info: Verifying assembly C:\Dropbox\Projects\SIMPL#\HueLights\HueLights\bin\Debug\HueLights.dll
9/9/16 3:31:01 PM, Info: Creating Archive C:\Dropbox\Projects\SIMPL#\HueLights\HueLights\bin\Debug\HueLights.clz...
9/9/16 3:31:02 PM, Info: Saving project information...
9/9/16 3:45:44 PM, Info: Validating assembly C:\Dropbox\Projects\SIMPL#\HueLights\HueLights\bin\Debug\HueLights.dll...
9/9/16 3:45:44 PM, Info: Verifying assembly C:\Dropbox\Projects\SIMPL#\HueLights\HueLights\bin\Debug\HueLights.dll
9/9/16 3:45:44 PM, Info: Creating Archive C:\Dropbox\Projects\SIMPL#\HueLights\HueLights\bin\Debug\HueLights.clz...
9/9/16 3:45:45 PM, Info: Saving project information...
9/9/16 4:11:26 PM, Info: Validating assembly C:\Dropbox\Projects\SIMPL#\HueLights\HueLights\bin\Debug\HueLights.dll...
9/9/16 4:11:27 PM, Info: Verifying assembly C:\Dropbox\Projects\SIMPL#\HueLights\HueLights\bin\Debug\HueLights.dll
9/9/16 4:11:27 PM, Info: Creating Archive C:\Dropbox\Projects\SIMPL#\HueLights\HueLights\bin\Debug\HueLights.clz...
9/9/16 4:11:27 PM, Info: Saving project information...
9/9/16 5:15:58 PM, Info: Validating assembly C:\Dropbox\Projects\SIMPL#\HueLights\HueLights\bin\Debug\HueLights.dll...
9/9/16 5:15:58 PM, Info: Verifying assembly C:\Dropbox\Projects\SIMPL#\HueLights\HueLights\bin\Debug\HueLights.dll
9/9/16 5:15:58 PM, Info: Creating Archive C:\Dropbox\Projects\SIMPL#\HueLights\HueLights\bin\Debug\HueLights.clz...
9/9/16 5:15:59 PM, Info: Saving project information...
9/9/16 5:20:22 PM, Info: Validating assembly C:\Dropbox\Projects\SIMPL#\HueLights\HueLights\bin\Debug\HueLights.dll...
9/9/16 5:20:22 PM, Info: Verifying assembly C:\Dropbox\Projects\SIMPL#\HueLights\HueLights\bin\Debug\HueLights.dll
9/9/16 5:20:22 PM, Info: Creating Archive C:\Dropbox\Projects\SIMPL#\HueLights\HueLights\bin\Debug\HueLights.clz...
9/9/16 5:20:23 PM, Info: Saving project information...
9/9/16 5:31:38 PM, Info: Terminating SIMPLSharp Services
