9/26/2016 10:11:43 AM, Info: Initializing SIMPLSharp Services...
9/26/2016 10:11:44 AM, Info: ProjectInfo successfully initialized.
9/26/2016 10:52:00 AM, Info: Validating assembly C:\Dropbox\Projects\SIMPL#\PhillipsHueSIMPLSharp\HueLights\bin\Debug\HueLights.dll...
9/26/2016 10:52:01 AM, Info: Verifying assembly C:\Dropbox\Projects\SIMPL#\PhillipsHueSIMPLSharp\HueLights\bin\Debug\HueLights.dll
9/26/2016 10:52:01 AM, Info: Creating Archive C:\Dropbox\Projects\SIMPL#\PhillipsHueSIMPLSharp\HueLights\bin\Debug\HueLights.clz...
9/26/2016 10:52:01 AM, Info: Saving project information...
9/26/2016 10:55:02 AM, Info: Validating assembly C:\Dropbox\Projects\SIMPL#\PhillipsHueSIMPLSharp\HueLights\bin\Debug\HueLights.dll...
9/26/2016 10:55:02 AM, Info: Verifying assembly C:\Dropbox\Projects\SIMPL#\PhillipsHueSIMPLSharp\HueLights\bin\Debug\HueLights.dll
9/26/2016 10:55:02 AM, Info: Creating Archive C:\Dropbox\Projects\SIMPL#\PhillipsHueSIMPLSharp\HueLights\bin\Debug\HueLights.clz...
9/26/2016 10:55:02 AM, Info: Saving project information...
9/26/2016 10:56:54 AM, Info: Validating assembly C:\Dropbox\Projects\SIMPL#\PhillipsHueSIMPLSharp\HueLights\bin\Debug\HueLights.dll...
9/26/2016 10:56:54 AM, Info: Verifying assembly C:\Dropbox\Projects\SIMPL#\PhillipsHueSIMPLSharp\HueLights\bin\Debug\HueLights.dll
9/26/2016 10:56:54 AM, Info: Creating Archive C:\Dropbox\Projects\SIMPL#\PhillipsHueSIMPLSharp\HueLights\bin\Debug\HueLights.clz...
9/26/2016 10:56:55 AM, Info: Saving project information...
9/26/2016 11:06:59 AM, Info: Validating assembly C:\Dropbox\Projects\SIMPL#\PhillipsHueSIMPLSharp\HueLights\bin\Debug\HueLights.dll...
9/26/2016 11:06:59 AM, Info: Verifying assembly C:\Dropbox\Projects\SIMPL#\PhillipsHueSIMPLSharp\HueLights\bin\Debug\HueLights.dll
9/26/2016 11:06:59 AM, Info: Creating Archive C:\Dropbox\Projects\SIMPL#\PhillipsHueSIMPLSharp\HueLights\bin\Debug\HueLights.clz...
9/26/2016 11:06:59 AM, Info: Saving project information...
9/26/2016 11:13:08 AM, Info: Validating assembly C:\Dropbox\Projects\SIMPL#\PhillipsHueSIMPLSharp\HueLights\bin\Debug\HueLights.dll...
9/26/2016 11:13:08 AM, Info: Verifying assembly C:\Dropbox\Projects\SIMPL#\PhillipsHueSIMPLSharp\HueLights\bin\Debug\HueLights.dll
9/26/2016 11:13:09 AM, Info: Creating Archive C:\Dropbox\Projects\SIMPL#\PhillipsHueSIMPLSharp\HueLights\bin\Debug\HueLights.clz...
9/26/2016 11:13:09 AM, Info: Saving project information...
9/26/2016 11:16:01 AM, Info: Validating assembly C:\Dropbox\Projects\SIMPL#\PhillipsHueSIMPLSharp\HueLights\bin\Debug\HueLights.dll...
9/26/2016 11:16:02 AM, Info: Verifying assembly C:\Dropbox\Projects\SIMPL#\PhillipsHueSIMPLSharp\HueLights\bin\Debug\HueLights.dll
9/26/2016 11:16:02 AM, Info: Creating Archive C:\Dropbox\Projects\SIMPL#\PhillipsHueSIMPLSharp\HueLights\bin\Debug\HueLights.clz...
9/26/2016 11:16:02 AM, Info: Saving project information...
9/26/2016 11:16:11 AM, Info: Validating assembly C:\Dropbox\Projects\SIMPL#\PhillipsHueSIMPLSharp\HueLights\bin\Debug\HueLights.dll...
9/26/2016 11:16:12 AM, Info: Verifying assembly C:\Dropbox\Projects\SIMPL#\PhillipsHueSIMPLSharp\HueLights\bin\Debug\HueLights.dll
9/26/2016 11:16:12 AM, Info: Creating Archive C:\Dropbox\Projects\SIMPL#\PhillipsHueSIMPLSharp\HueLights\bin\Debug\HueLights.clz...
9/26/2016 11:16:12 AM, Info: Saving project information...
9/26/2016 11:18:18 AM, Info: Validating assembly C:\Dropbox\Projects\SIMPL#\PhillipsHueSIMPLSharp\HueLights\bin\Debug\HueLights.dll...
9/26/2016 11:18:18 AM, Info: Verifying assembly C:\Dropbox\Projects\SIMPL#\PhillipsHueSIMPLSharp\HueLights\bin\Debug\HueLights.dll
9/26/2016 11:18:18 AM, Info: Creating Archive C:\Dropbox\Projects\SIMPL#\PhillipsHueSIMPLSharp\HueLights\bin\Debug\HueLights.clz...
9/26/2016 11:18:19 AM, Info: Saving project information...
9/26/2016 11:19:33 AM, Info: Validating assembly C:\Dropbox\Projects\SIMPL#\PhillipsHueSIMPLSharp\HueLights\bin\Debug\HueLights.dll...
9/26/2016 11:19:33 AM, Info: Verifying assembly C:\Dropbox\Projects\SIMPL#\PhillipsHueSIMPLSharp\HueLights\bin\Debug\HueLights.dll
9/26/2016 11:19:33 AM, Info: Creating Archive C:\Dropbox\Projects\SIMPL#\PhillipsHueSIMPLSharp\HueLights\bin\Debug\HueLights.clz...
9/26/2016 11:19:34 AM, Info: Saving project information...
9/26/2016 11:25:08 AM, Info: Validating assembly C:\Dropbox\Projects\SIMPL#\PhillipsHueSIMPLSharp\HueLights\bin\Debug\HueLights.dll...
9/26/2016 11:25:08 AM, Info: Verifying assembly C:\Dropbox\Projects\SIMPL#\PhillipsHueSIMPLSharp\HueLights\bin\Debug\HueLights.dll
9/26/2016 11:25:08 AM, Info: Creating Archive C:\Dropbox\Projects\SIMPL#\PhillipsHueSIMPLSharp\HueLights\bin\Debug\HueLights.clz...
9/26/2016 11:25:08 AM, Info: Saving project information...
9/26/2016 11:27:05 AM, Info: Validating assembly C:\Dropbox\Projects\SIMPL#\PhillipsHueSIMPLSharp\HueLights\bin\Debug\HueLights.dll...
9/26/2016 11:27:05 AM, Info: Verifying assembly C:\Dropbox\Projects\SIMPL#\PhillipsHueSIMPLSharp\HueLights\bin\Debug\HueLights.dll
9/26/2016 11:27:05 AM, Info: Creating Archive C:\Dropbox\Projects\SIMPL#\PhillipsHueSIMPLSharp\HueLights\bin\Debug\HueLights.clz...
9/26/2016 11:27:05 AM, Info: Saving project information...
9/26/2016 11:30:15 AM, Info: Validating assembly C:\Dropbox\Projects\SIMPL#\PhillipsHueSIMPLSharp\HueLights\bin\Debug\HueLights.dll...
9/26/2016 11:30:15 AM, Info: Verifying assembly C:\Dropbox\Projects\SIMPL#\PhillipsHueSIMPLSharp\HueLights\bin\Debug\HueLights.dll
9/26/2016 11:30:15 AM, Info: Creating Archive C:\Dropbox\Projects\SIMPL#\PhillipsHueSIMPLSharp\HueLights\bin\Debug\HueLights.clz...
9/26/2016 11:30:15 AM, Info: Saving project information...
9/26/2016 11:33:07 AM, Info: Validating assembly C:\Dropbox\Projects\SIMPL#\PhillipsHueSIMPLSharp\HueLights\bin\Debug\HueLights.dll...
9/26/2016 11:33:07 AM, Info: Verifying assembly C:\Dropbox\Projects\SIMPL#\PhillipsHueSIMPLSharp\HueLights\bin\Debug\HueLights.dll
9/26/2016 11:33:07 AM, Info: Creating Archive C:\Dropbox\Projects\SIMPL#\PhillipsHueSIMPLSharp\HueLights\bin\Debug\HueLights.clz...
9/26/2016 11:33:07 AM, Info: Saving project information...
9/26/2016 11:35:23 AM, Info: Validating assembly C:\Dropbox\Projects\SIMPL#\PhillipsHueSIMPLSharp\HueLights\bin\Debug\HueLights.dll...
9/26/2016 11:35:24 AM, Info: Verifying assembly C:\Dropbox\Projects\SIMPL#\PhillipsHueSIMPLSharp\HueLights\bin\Debug\HueLights.dll
9/26/2016 11:35:24 AM, Info: Creating Archive C:\Dropbox\Projects\SIMPL#\PhillipsHueSIMPLSharp\HueLights\bin\Debug\HueLights.clz...
9/26/2016 11:35:24 AM, Info: Saving project information...
9/26/2016 11:36:34 AM, Info: Validating assembly C:\Dropbox\Projects\SIMPL#\PhillipsHueSIMPLSharp\HueLights\bin\Debug\HueLights.dll...
9/26/2016 11:36:34 AM, Info: Verifying assembly C:\Dropbox\Projects\SIMPL#\PhillipsHueSIMPLSharp\HueLights\bin\Debug\HueLights.dll
9/26/2016 11:36:35 AM, Info: Creating Archive C:\Dropbox\Projects\SIMPL#\PhillipsHueSIMPLSharp\HueLights\bin\Debug\HueLights.clz...
9/26/2016 11:36:35 AM, Info: Saving project information...
9/26/2016 11:36:58 AM, Info: Validating assembly C:\Dropbox\Projects\SIMPL#\PhillipsHueSIMPLSharp\HueLights\bin\Debug\HueLights.dll...
9/26/2016 11:36:58 AM, Info: Verifying assembly C:\Dropbox\Projects\SIMPL#\PhillipsHueSIMPLSharp\HueLights\bin\Debug\HueLights.dll
9/26/2016 11:36:58 AM, Info: Creating Archive C:\Dropbox\Projects\SIMPL#\PhillipsHueSIMPLSharp\HueLights\bin\Debug\HueLights.clz...
9/26/2016 11:36:58 AM, Info: Saving project information...
9/26/2016 11:37:09 AM, Info: Validating assembly C:\Dropbox\Projects\SIMPL#\PhillipsHueSIMPLSharp\HueLights\bin\Debug\HueLights.dll...
9/26/2016 11:37:09 AM, Info: Verifying assembly C:\Dropbox\Projects\SIMPL#\PhillipsHueSIMPLSharp\HueLights\bin\Debug\HueLights.dll
9/26/2016 11:37:09 AM, Info: Creating Archive C:\Dropbox\Projects\SIMPL#\PhillipsHueSIMPLSharp\HueLights\bin\Debug\HueLights.clz...
9/26/2016 11:37:09 AM, Info: Saving project information...
9/26/2016 11:41:33 AM, Info: Validating assembly C:\Dropbox\Projects\SIMPL#\PhillipsHueSIMPLSharp\HueLights\bin\Debug\HueLights.dll...
9/26/2016 11:41:34 AM, Info: Verifying assembly C:\Dropbox\Projects\SIMPL#\PhillipsHueSIMPLSharp\HueLights\bin\Debug\HueLights.dll
9/26/2016 11:41:34 AM, Info: Creating Archive C:\Dropbox\Projects\SIMPL#\PhillipsHueSIMPLSharp\HueLights\bin\Debug\HueLights.clz...
9/26/2016 11:41:34 AM, Info: Saving project information...
9/26/2016 11:45:26 AM, Info: Validating assembly C:\Dropbox\Projects\SIMPL#\PhillipsHueSIMPLSharp\HueLights\bin\Debug\HueLights.dll...
9/26/2016 11:45:27 AM, Info: Verifying assembly C:\Dropbox\Projects\SIMPL#\PhillipsHueSIMPLSharp\HueLights\bin\Debug\HueLights.dll
9/26/2016 11:45:27 AM, Info: Creating Archive C:\Dropbox\Projects\SIMPL#\PhillipsHueSIMPLSharp\HueLights\bin\Debug\HueLights.clz...
9/26/2016 11:45:27 AM, Info: Saving project information...
9/26/2016 11:53:24 AM, Info: Validating assembly C:\Dropbox\Projects\SIMPL#\PhillipsHueSIMPLSharp\HueLights\bin\Debug\HueLights.dll...
9/26/2016 11:53:25 AM, Info: Verifying assembly C:\Dropbox\Projects\SIMPL#\PhillipsHueSIMPLSharp\HueLights\bin\Debug\HueLights.dll
9/26/2016 11:53:25 AM, Info: Creating Archive C:\Dropbox\Projects\SIMPL#\PhillipsHueSIMPLSharp\HueLights\bin\Debug\HueLights.clz...
9/26/2016 11:53:25 AM, Info: Saving project information...
9/26/2016 12:20:34 PM, Info: Validating assembly C:\Dropbox\Projects\SIMPL#\PhillipsHueSIMPLSharp\HueLights\bin\Debug\HueLights.dll...
9/26/2016 12:20:34 PM, Info: Verifying assembly C:\Dropbox\Projects\SIMPL#\PhillipsHueSIMPLSharp\HueLights\bin\Debug\HueLights.dll
9/26/2016 12:20:35 PM, Info: Creating Archive C:\Dropbox\Projects\SIMPL#\PhillipsHueSIMPLSharp\HueLights\bin\Debug\HueLights.clz...
9/26/2016 12:20:35 PM, Info: Saving project information...
9/26/2016 12:20:41 PM, Info: Validating assembly C:\Dropbox\Projects\SIMPL#\PhillipsHueSIMPLSharp\HueLights\bin\Debug\HueLights.dll...
9/26/2016 12:20:42 PM, Info: Verifying assembly C:\Dropbox\Projects\SIMPL#\PhillipsHueSIMPLSharp\HueLights\bin\Debug\HueLights.dll
9/26/2016 12:20:42 PM, Info: Creating Archive C:\Dropbox\Projects\SIMPL#\PhillipsHueSIMPLSharp\HueLights\bin\Debug\HueLights.clz...
9/26/2016 12:20:42 PM, Info: Saving project information...
9/26/2016 1:04:35 PM, Info: Validating assembly C:\Dropbox\Projects\SIMPL#\PhillipsHueSIMPLSharp\HueLights\bin\Debug\HueLights.dll...
9/26/2016 1:04:35 PM, Info: Verifying assembly C:\Dropbox\Projects\SIMPL#\PhillipsHueSIMPLSharp\HueLights\bin\Debug\HueLights.dll
9/26/2016 1:04:35 PM, Info: Creating Archive C:\Dropbox\Projects\SIMPL#\PhillipsHueSIMPLSharp\HueLights\bin\Debug\HueLights.clz...
9/26/2016 1:04:35 PM, Info: Saving project information...
9/26/2016 1:08:48 PM, Info: Validating assembly C:\Dropbox\Projects\SIMPL#\PhillipsHueSIMPLSharp\HueLights\bin\Debug\HueLights.dll...
9/26/2016 1:08:48 PM, Info: Verifying assembly C:\Dropbox\Projects\SIMPL#\PhillipsHueSIMPLSharp\HueLights\bin\Debug\HueLights.dll
9/26/2016 1:08:48 PM, Info: Creating Archive C:\Dropbox\Projects\SIMPL#\PhillipsHueSIMPLSharp\HueLights\bin\Debug\HueLights.clz...
9/26/2016 1:08:48 PM, Info: Saving project information...
9/26/2016 1:11:29 PM, Info: Validating assembly C:\Dropbox\Projects\SIMPL#\PhillipsHueSIMPLSharp\HueLights\bin\Debug\HueLights.dll...
9/26/2016 1:11:29 PM, Info: Verifying assembly C:\Dropbox\Projects\SIMPL#\PhillipsHueSIMPLSharp\HueLights\bin\Debug\HueLights.dll
9/26/2016 1:11:29 PM, Info: Creating Archive C:\Dropbox\Projects\SIMPL#\PhillipsHueSIMPLSharp\HueLights\bin\Debug\HueLights.clz...
9/26/2016 1:11:30 PM, Info: Saving project information...
9/26/2016 1:25:51 PM, Info: Validating assembly C:\Dropbox\Projects\SIMPL#\PhillipsHueSIMPLSharp\HueLights\bin\Debug\HueLights.dll...
9/26/2016 1:25:52 PM, Info: Verifying assembly C:\Dropbox\Projects\SIMPL#\PhillipsHueSIMPLSharp\HueLights\bin\Debug\HueLights.dll
9/26/2016 1:25:52 PM, Info: Creating Archive C:\Dropbox\Projects\SIMPL#\PhillipsHueSIMPLSharp\HueLights\bin\Debug\HueLights.clz...
9/26/2016 1:25:52 PM, Info: Saving project information...
9/26/2016 1:41:36 PM, Info: Saving project information...
9/26/2016 1:41:36 PM, Info: Saving project information...
9/26/2016 1:41:36 PM, Info: Saving project information...
9/26/2016 1:46:36 PM, Info: Saving project information...
9/26/2016 1:46:36 PM, Info: Saving project information...
9/26/2016 1:46:36 PM, Info: Saving project information...
9/26/2016 1:51:36 PM, Info: Saving project information...
9/26/2016 1:51:36 PM, Info: Saving project information...
9/26/2016 1:51:36 PM, Info: Saving project information...
9/26/2016 1:56:36 PM, Info: Saving project information...
9/26/2016 1:56:36 PM, Info: Saving project information...
9/26/2016 1:56:36 PM, Info: Saving project information...
9/26/2016 2:01:36 PM, Info: Saving project information...
9/26/2016 2:01:36 PM, Info: Saving project information...
9/26/2016 2:01:36 PM, Info: Saving project information...
9/26/2016 2:03:26 PM, Info: Saving project information...
9/26/2016 2:03:26 PM, Info: Saving project information...
9/26/2016 2:03:26 PM, Info: Saving project information...
9/26/2016 2:03:26 PM, Info: Saving project information...
9/26/2016 2:03:26 PM, Info: Saving project information...
9/26/2016 2:03:26 PM, Info: Saving project information...
9/26/2016 2:03:27 PM, Info: Validating assembly C:\Dropbox\Projects\SIMPL#\PhillipsHueSIMPLSharp\HueLights\bin\Debug\HueLights.dll...
9/26/2016 2:03:28 PM, Info: Verifying assembly C:\Dropbox\Projects\SIMPL#\PhillipsHueSIMPLSharp\HueLights\bin\Debug\HueLights.dll
9/26/2016 2:03:28 PM, Info: Creating Archive C:\Dropbox\Projects\SIMPL#\PhillipsHueSIMPLSharp\HueLights\bin\Debug\HueLights.clz...
9/26/2016 2:03:28 PM, Info: Saving project information...
9/26/2016 2:19:06 PM, Info: Validating assembly C:\Dropbox\Projects\SIMPL#\PhillipsHueSIMPLSharp\HueLights\bin\Debug\HueLights.dll...
9/26/2016 2:19:06 PM, Info: Verifying assembly C:\Dropbox\Projects\SIMPL#\PhillipsHueSIMPLSharp\HueLights\bin\Debug\HueLights.dll
9/26/2016 2:19:06 PM, Info: Creating Archive C:\Dropbox\Projects\SIMPL#\PhillipsHueSIMPLSharp\HueLights\bin\Debug\HueLights.clz...
9/26/2016 2:19:07 PM, Info: Saving project information...
9/26/2016 2:35:29 PM, Info: Validating assembly C:\Dropbox\Projects\SIMPL#\PhillipsHueSIMPLSharp\HueLights\bin\Debug\HueLights.dll...
9/26/2016 2:35:29 PM, Info: Verifying assembly C:\Dropbox\Projects\SIMPL#\PhillipsHueSIMPLSharp\HueLights\bin\Debug\HueLights.dll
9/26/2016 2:35:29 PM, Info: Creating Archive C:\Dropbox\Projects\SIMPL#\PhillipsHueSIMPLSharp\HueLights\bin\Debug\HueLights.clz...
9/26/2016 2:35:29 PM, Info: Saving project information...
9/26/2016 2:35:39 PM, Info: Validating assembly C:\Dropbox\Projects\SIMPL#\PhillipsHueSIMPLSharp\HueLights\bin\Debug\HueLights.dll...
9/26/2016 2:35:39 PM, Info: Verifying assembly C:\Dropbox\Projects\SIMPL#\PhillipsHueSIMPLSharp\HueLights\bin\Debug\HueLights.dll
9/26/2016 2:35:40 PM, Info: Creating Archive C:\Dropbox\Projects\SIMPL#\PhillipsHueSIMPLSharp\HueLights\bin\Debug\HueLights.clz...
9/26/2016 2:35:40 PM, Info: Saving project information...
9/26/2016 2:54:54 PM, Info: Validating assembly C:\Dropbox\Projects\SIMPL#\PhillipsHueSIMPLSharp\HueLights\bin\Debug\HueLights.dll...
9/26/2016 2:54:55 PM, Info: Verifying assembly C:\Dropbox\Projects\SIMPL#\PhillipsHueSIMPLSharp\HueLights\bin\Debug\HueLights.dll
9/26/2016 2:54:55 PM, Info: Creating Archive C:\Dropbox\Projects\SIMPL#\PhillipsHueSIMPLSharp\HueLights\bin\Debug\HueLights.clz...
9/26/2016 2:54:55 PM, Info: Saving project information...
9/26/2016 2:54:59 PM, Info: Validating assembly C:\Dropbox\Projects\SIMPL#\PhillipsHueSIMPLSharp\HueLights\bin\Debug\HueLights.dll...
9/26/2016 2:54:59 PM, Info: Verifying assembly C:\Dropbox\Projects\SIMPL#\PhillipsHueSIMPLSharp\HueLights\bin\Debug\HueLights.dll
9/26/2016 2:54:59 PM, Info: Creating Archive C:\Dropbox\Projects\SIMPL#\PhillipsHueSIMPLSharp\HueLights\bin\Debug\HueLights.clz...
9/26/2016 2:54:59 PM, Info: Saving project information...
9/26/2016 2:55:45 PM, Info: Validating assembly C:\Dropbox\Projects\SIMPL#\PhillipsHueSIMPLSharp\HueLights\bin\Debug\HueLights.dll...
9/26/2016 2:55:45 PM, Info: Verifying assembly C:\Dropbox\Projects\SIMPL#\PhillipsHueSIMPLSharp\HueLights\bin\Debug\HueLights.dll
9/26/2016 2:55:45 PM, Info: Creating Archive C:\Dropbox\Projects\SIMPL#\PhillipsHueSIMPLSharp\HueLights\bin\Debug\HueLights.clz...
9/26/2016 2:55:46 PM, Info: Saving project information...
9/26/2016 3:05:51 PM, Info: Validating assembly C:\Dropbox\Projects\SIMPL#\PhillipsHueSIMPLSharp\HueLights\bin\Debug\HueLights.dll...
9/26/2016 3:05:52 PM, Info: Verifying assembly C:\Dropbox\Projects\SIMPL#\PhillipsHueSIMPLSharp\HueLights\bin\Debug\HueLights.dll
9/26/2016 3:05:52 PM, Info: Creating Archive C:\Dropbox\Projects\SIMPL#\PhillipsHueSIMPLSharp\HueLights\bin\Debug\HueLights.clz...
9/26/2016 3:05:52 PM, Info: Saving project information...
9/26/2016 3:23:51 PM, Info: Validating assembly C:\Dropbox\Projects\SIMPL#\PhillipsHueSIMPLSharp\HueLights\bin\Debug\HueLights.dll...
9/26/2016 3:23:52 PM, Info: Verifying assembly C:\Dropbox\Projects\SIMPL#\PhillipsHueSIMPLSharp\HueLights\bin\Debug\HueLights.dll
9/26/2016 3:23:52 PM, Info: Creating Archive C:\Dropbox\Projects\SIMPL#\PhillipsHueSIMPLSharp\HueLights\bin\Debug\HueLights.clz...
9/26/2016 3:23:52 PM, Info: Saving project information...
9/26/2016 3:26:48 PM, Info: Validating assembly C:\Dropbox\Projects\SIMPL#\PhillipsHueSIMPLSharp\HueLights\bin\Debug\HueLights.dll...
9/26/2016 3:26:49 PM, Info: Verifying assembly C:\Dropbox\Projects\SIMPL#\PhillipsHueSIMPLSharp\HueLights\bin\Debug\HueLights.dll
9/26/2016 3:26:49 PM, Info: Creating Archive C:\Dropbox\Projects\SIMPL#\PhillipsHueSIMPLSharp\HueLights\bin\Debug\HueLights.clz...
9/26/2016 3:26:49 PM, Info: Saving project information...
9/26/2016 3:31:42 PM, Info: Validating assembly C:\Dropbox\Projects\SIMPL#\PhillipsHueSIMPLSharp\HueLights\bin\Debug\HueLights.dll...
9/26/2016 3:31:42 PM, Info: Verifying assembly C:\Dropbox\Projects\SIMPL#\PhillipsHueSIMPLSharp\HueLights\bin\Debug\HueLights.dll
9/26/2016 3:31:42 PM, Info: Creating Archive C:\Dropbox\Projects\SIMPL#\PhillipsHueSIMPLSharp\HueLights\bin\Debug\HueLights.clz...
9/26/2016 3:31:42 PM, Info: Saving project information...
9/26/2016 3:36:15 PM, Info: Validating assembly C:\Dropbox\Projects\SIMPL#\PhillipsHueSIMPLSharp\HueLights\bin\Debug\HueLights.dll...
9/26/2016 3:36:15 PM, Info: Verifying assembly C:\Dropbox\Projects\SIMPL#\PhillipsHueSIMPLSharp\HueLights\bin\Debug\HueLights.dll
9/26/2016 3:36:16 PM, Info: Creating Archive C:\Dropbox\Projects\SIMPL#\PhillipsHueSIMPLSharp\HueLights\bin\Debug\HueLights.clz...
9/26/2016 3:36:16 PM, Info: Saving project information...
9/26/2016 4:12:02 PM, Info: Validating assembly C:\Dropbox\Projects\SIMPL#\PhillipsHueSIMPLSharp\HueLights\bin\Debug\HueLights.dll...
9/26/2016 4:12:02 PM, Info: Verifying assembly C:\Dropbox\Projects\SIMPL#\PhillipsHueSIMPLSharp\HueLights\bin\Debug\HueLights.dll
9/26/2016 4:12:02 PM, Info: Creating Archive C:\Dropbox\Projects\SIMPL#\PhillipsHueSIMPLSharp\HueLights\bin\Debug\HueLights.clz...
9/26/2016 4:12:03 PM, Info: Saving project information...
9/26/2016 4:18:08 PM, Info: Validating assembly C:\Dropbox\Projects\SIMPL#\PhillipsHueSIMPLSharp\HueLights\bin\Debug\HueLights.dll...
9/26/2016 4:18:08 PM, Info: Verifying assembly C:\Dropbox\Projects\SIMPL#\PhillipsHueSIMPLSharp\HueLights\bin\Debug\HueLights.dll
9/26/2016 4:18:08 PM, Info: Creating Archive C:\Dropbox\Projects\SIMPL#\PhillipsHueSIMPLSharp\HueLights\bin\Debug\HueLights.clz...
9/26/2016 4:18:09 PM, Info: Saving project information...
9/26/2016 4:20:10 PM, Info: Validating assembly C:\Dropbox\Projects\SIMPL#\PhillipsHueSIMPLSharp\HueLights\bin\Debug\HueLights.dll...
9/26/2016 4:20:10 PM, Info: Verifying assembly C:\Dropbox\Projects\SIMPL#\PhillipsHueSIMPLSharp\HueLights\bin\Debug\HueLights.dll
9/26/2016 4:20:10 PM, Info: Creating Archive C:\Dropbox\Projects\SIMPL#\PhillipsHueSIMPLSharp\HueLights\bin\Debug\HueLights.clz...
9/26/2016 4:20:10 PM, Info: Saving project information...
9/26/2016 4:20:24 PM, Info: Validating assembly C:\Dropbox\Projects\SIMPL#\PhillipsHueSIMPLSharp\HueLights\bin\Debug\HueLights.dll...
9/26/2016 4:20:24 PM, Info: Verifying assembly C:\Dropbox\Projects\SIMPL#\PhillipsHueSIMPLSharp\HueLights\bin\Debug\HueLights.dll
9/26/2016 4:20:24 PM, Info: Creating Archive C:\Dropbox\Projects\SIMPL#\PhillipsHueSIMPLSharp\HueLights\bin\Debug\HueLights.clz...
9/26/2016 4:20:24 PM, Info: Saving project information...
9/26/2016 4:23:57 PM, Info: Validating assembly C:\Dropbox\Projects\SIMPL#\PhillipsHueSIMPLSharp\HueLights\bin\Debug\HueLights.dll...
9/26/2016 4:23:57 PM, Info: Verifying assembly C:\Dropbox\Projects\SIMPL#\PhillipsHueSIMPLSharp\HueLights\bin\Debug\HueLights.dll
9/26/2016 4:23:58 PM, Info: Creating Archive C:\Dropbox\Projects\SIMPL#\PhillipsHueSIMPLSharp\HueLights\bin\Debug\HueLights.clz...
9/26/2016 4:23:58 PM, Info: Saving project information...
9/26/2016 4:27:16 PM, Info: Validating assembly C:\Dropbox\Projects\SIMPL#\PhillipsHueSIMPLSharp\HueLights\bin\Debug\HueLights.dll...
9/26/2016 4:27:16 PM, Info: Verifying assembly C:\Dropbox\Projects\SIMPL#\PhillipsHueSIMPLSharp\HueLights\bin\Debug\HueLights.dll
9/26/2016 4:27:16 PM, Info: Creating Archive C:\Dropbox\Projects\SIMPL#\PhillipsHueSIMPLSharp\HueLights\bin\Debug\HueLights.clz...
9/26/2016 4:27:17 PM, Info: Saving project information...
9/26/2016 4:30:56 PM, Info: Validating assembly C:\Dropbox\Projects\SIMPL#\PhillipsHueSIMPLSharp\HueLights\bin\Debug\HueLights.dll...
9/26/2016 4:30:57 PM, Info: Verifying assembly C:\Dropbox\Projects\SIMPL#\PhillipsHueSIMPLSharp\HueLights\bin\Debug\HueLights.dll
9/26/2016 4:30:57 PM, Info: Creating Archive C:\Dropbox\Projects\SIMPL#\PhillipsHueSIMPLSharp\HueLights\bin\Debug\HueLights.clz...
9/26/2016 4:30:57 PM, Info: Saving project information...
9/26/2016 4:36:35 PM, Info: Validating assembly C:\Dropbox\Projects\SIMPL#\PhillipsHueSIMPLSharp\HueLights\bin\Debug\HueLights.dll...
9/26/2016 4:36:35 PM, Info: Verifying assembly C:\Dropbox\Projects\SIMPL#\PhillipsHueSIMPLSharp\HueLights\bin\Debug\HueLights.dll
9/26/2016 4:36:35 PM, Info: Creating Archive C:\Dropbox\Projects\SIMPL#\PhillipsHueSIMPLSharp\HueLights\bin\Debug\HueLights.clz...
9/26/2016 4:36:35 PM, Info: Saving project information...
9/26/2016 4:38:44 PM, Info: Validating assembly C:\Dropbox\Projects\SIMPL#\PhillipsHueSIMPLSharp\HueLights\bin\Debug\HueLights.dll...
9/26/2016 4:38:44 PM, Info: Verifying assembly C:\Dropbox\Projects\SIMPL#\PhillipsHueSIMPLSharp\HueLights\bin\Debug\HueLights.dll
9/26/2016 4:38:45 PM, Info: Creating Archive C:\Dropbox\Projects\SIMPL#\PhillipsHueSIMPLSharp\HueLights\bin\Debug\HueLights.clz...
9/26/2016 4:38:45 PM, Info: Saving project information...
9/26/2016 4:42:07 PM, Info: Validating assembly C:\Dropbox\Projects\SIMPL#\PhillipsHueSIMPLSharp\HueLights\bin\Debug\HueLights.dll...
9/26/2016 4:42:08 PM, Info: Verifying assembly C:\Dropbox\Projects\SIMPL#\PhillipsHueSIMPLSharp\HueLights\bin\Debug\HueLights.dll
9/26/2016 4:42:08 PM, Info: Creating Archive C:\Dropbox\Projects\SIMPL#\PhillipsHueSIMPLSharp\HueLights\bin\Debug\HueLights.clz...
9/26/2016 4:42:08 PM, Info: Saving project information...
9/26/2016 4:43:55 PM, Info: Validating assembly C:\Dropbox\Projects\SIMPL#\PhillipsHueSIMPLSharp\HueLights\bin\Debug\HueLights.dll...
9/26/2016 4:43:55 PM, Info: Verifying assembly C:\Dropbox\Projects\SIMPL#\PhillipsHueSIMPLSharp\HueLights\bin\Debug\HueLights.dll
9/26/2016 4:43:55 PM, Info: Creating Archive C:\Dropbox\Projects\SIMPL#\PhillipsHueSIMPLSharp\HueLights\bin\Debug\HueLights.clz...
9/26/2016 4:43:56 PM, Info: Saving project information...
9/26/2016 4:48:38 PM, Info: Validating assembly C:\Dropbox\Projects\SIMPL#\PhillipsHueSIMPLSharp\HueLights\bin\Debug\HueLights.dll...
9/26/2016 4:48:38 PM, Info: Verifying assembly C:\Dropbox\Projects\SIMPL#\PhillipsHueSIMPLSharp\HueLights\bin\Debug\HueLights.dll
9/26/2016 4:48:38 PM, Info: Creating Archive C:\Dropbox\Projects\SIMPL#\PhillipsHueSIMPLSharp\HueLights\bin\Debug\HueLights.clz...
9/26/2016 4:48:39 PM, Info: Saving project information...
9/26/2016 4:52:39 PM, Info: Validating assembly C:\Dropbox\Projects\SIMPL#\PhillipsHueSIMPLSharp\HueLights\bin\Debug\HueLights.dll...
9/26/2016 4:52:39 PM, Info: Verifying assembly C:\Dropbox\Projects\SIMPL#\PhillipsHueSIMPLSharp\HueLights\bin\Debug\HueLights.dll
9/26/2016 4:52:39 PM, Info: Creating Archive C:\Dropbox\Projects\SIMPL#\PhillipsHueSIMPLSharp\HueLights\bin\Debug\HueLights.clz...
9/26/2016 4:52:40 PM, Info: Saving project information...
9/26/2016 5:05:21 PM, Info: Validating assembly C:\Dropbox\Projects\SIMPL#\PhillipsHueSIMPLSharp\HueLights\bin\Debug\HueLights.dll...
9/26/2016 5:05:21 PM, Info: Verifying assembly C:\Dropbox\Projects\SIMPL#\PhillipsHueSIMPLSharp\HueLights\bin\Debug\HueLights.dll
9/26/2016 5:05:21 PM, Info: Creating Archive C:\Dropbox\Projects\SIMPL#\PhillipsHueSIMPLSharp\HueLights\bin\Debug\HueLights.clz...
9/26/2016 5:05:21 PM, Info: Saving project information...
9/26/2016 5:13:46 PM, Info: Validating assembly C:\Dropbox\Projects\SIMPL#\PhillipsHueSIMPLSharp\HueLights\bin\Debug\HueLights.dll...
9/26/2016 5:13:47 PM, Info: Verifying assembly C:\Dropbox\Projects\SIMPL#\PhillipsHueSIMPLSharp\HueLights\bin\Debug\HueLights.dll
9/26/2016 5:13:47 PM, Info: Creating Archive C:\Dropbox\Projects\SIMPL#\PhillipsHueSIMPLSharp\HueLights\bin\Debug\HueLights.clz...
9/26/2016 5:13:47 PM, Info: Saving project information...
9/26/2016 5:15:44 PM, Info: Validating assembly C:\Dropbox\Projects\SIMPL#\PhillipsHueSIMPLSharp\HueLights\bin\Debug\HueLights.dll...
9/26/2016 5:15:45 PM, Info: Verifying assembly C:\Dropbox\Projects\SIMPL#\PhillipsHueSIMPLSharp\HueLights\bin\Debug\HueLights.dll
9/26/2016 5:15:45 PM, Info: Creating Archive C:\Dropbox\Projects\SIMPL#\PhillipsHueSIMPLSharp\HueLights\bin\Debug\HueLights.clz...
9/26/2016 5:15:45 PM, Info: Saving project information...
9/26/2016 5:29:15 PM, Info: Validating assembly C:\Dropbox\Projects\SIMPL#\PhillipsHueSIMPLSharp\HueLights\bin\Debug\HueLights.dll...
9/26/2016 5:29:16 PM, Info: Verifying assembly C:\Dropbox\Projects\SIMPL#\PhillipsHueSIMPLSharp\HueLights\bin\Debug\HueLights.dll
9/26/2016 5:29:16 PM, Info: Creating Archive C:\Dropbox\Projects\SIMPL#\PhillipsHueSIMPLSharp\HueLights\bin\Debug\HueLights.clz...
9/26/2016 5:29:16 PM, Info: Saving project information...
9/27/2016 7:09:45 AM, Info: Validating assembly C:\Dropbox\Projects\SIMPL#\PhillipsHueSIMPLSharp\HueLights\bin\Debug\HueLights.dll...
9/27/2016 7:09:45 AM, Info: Verifying assembly C:\Dropbox\Projects\SIMPL#\PhillipsHueSIMPLSharp\HueLights\bin\Debug\HueLights.dll
9/27/2016 7:09:45 AM, Info: Creating Archive C:\Dropbox\Projects\SIMPL#\PhillipsHueSIMPLSharp\HueLights\bin\Debug\HueLights.clz...
9/27/2016 7:09:45 AM, Info: Saving project information...
9/27/2016 7:32:32 AM, Info: Validating assembly C:\Dropbox\Projects\SIMPL#\PhillipsHueSIMPLSharp\HueLights\bin\Debug\HueLights.dll...
9/27/2016 7:32:32 AM, Info: Verifying assembly C:\Dropbox\Projects\SIMPL#\PhillipsHueSIMPLSharp\HueLights\bin\Debug\HueLights.dll
9/27/2016 7:32:32 AM, Info: Creating Archive C:\Dropbox\Projects\SIMPL#\PhillipsHueSIMPLSharp\HueLights\bin\Debug\HueLights.clz...
9/27/2016 7:32:33 AM, Info: Saving project information...
9/27/2016 7:40:57 AM, Info: Validating assembly C:\Dropbox\Projects\SIMPL#\PhillipsHueSIMPLSharp\HueLights\bin\Debug\HueLights.dll...
9/27/2016 7:40:58 AM, Info: Verifying assembly C:\Dropbox\Projects\SIMPL#\PhillipsHueSIMPLSharp\HueLights\bin\Debug\HueLights.dll
9/27/2016 7:40:58 AM, Info: Creating Archive C:\Dropbox\Projects\SIMPL#\PhillipsHueSIMPLSharp\HueLights\bin\Debug\HueLights.clz...
9/27/2016 7:40:58 AM, Info: Saving project information...
9/27/2016 7:44:55 AM, Info: Validating assembly C:\Dropbox\Projects\SIMPL#\PhillipsHueSIMPLSharp\HueLights\bin\Debug\HueLights.dll...
9/27/2016 7:44:56 AM, Info: Verifying assembly C:\Dropbox\Projects\SIMPL#\PhillipsHueSIMPLSharp\HueLights\bin\Debug\HueLights.dll
9/27/2016 7:44:56 AM, Info: Creating Archive C:\Dropbox\Projects\SIMPL#\PhillipsHueSIMPLSharp\HueLights\bin\Debug\HueLights.clz...
9/27/2016 7:44:56 AM, Info: Saving project information...
9/27/2016 7:45:07 AM, Info: Validating assembly C:\Dropbox\Projects\SIMPL#\PhillipsHueSIMPLSharp\HueLights\bin\Debug\HueLights.dll...
9/27/2016 7:45:08 AM, Info: Verifying assembly C:\Dropbox\Projects\SIMPL#\PhillipsHueSIMPLSharp\HueLights\bin\Debug\HueLights.dll
9/27/2016 7:45:08 AM, Info: Creating Archive C:\Dropbox\Projects\SIMPL#\PhillipsHueSIMPLSharp\HueLights\bin\Debug\HueLights.clz...
9/27/2016 7:45:08 AM, Info: Saving project information...
9/27/2016 7:46:52 AM, Info: Validating assembly C:\Dropbox\Projects\SIMPL#\PhillipsHueSIMPLSharp\HueLights\bin\Debug\HueLights.dll...
9/27/2016 7:46:52 AM, Info: Verifying assembly C:\Dropbox\Projects\SIMPL#\PhillipsHueSIMPLSharp\HueLights\bin\Debug\HueLights.dll
9/27/2016 7:46:52 AM, Info: Creating Archive C:\Dropbox\Projects\SIMPL#\PhillipsHueSIMPLSharp\HueLights\bin\Debug\HueLights.clz...
9/27/2016 7:46:53 AM, Info: Saving project information...
9/27/2016 7:47:03 AM, Info: Validating assembly C:\Dropbox\Projects\SIMPL#\PhillipsHueSIMPLSharp\HueLights\bin\Debug\HueLights.dll...
9/27/2016 7:47:03 AM, Info: Verifying assembly C:\Dropbox\Projects\SIMPL#\PhillipsHueSIMPLSharp\HueLights\bin\Debug\HueLights.dll
9/27/2016 7:47:03 AM, Info: Creating Archive C:\Dropbox\Projects\SIMPL#\PhillipsHueSIMPLSharp\HueLights\bin\Debug\HueLights.clz...
9/27/2016 7:47:03 AM, Info: Saving project information...
9/27/2016 9:45:12 AM, Info: Validating assembly C:\Dropbox\Projects\SIMPL#\PhillipsHueSIMPLSharp\HueLights\bin\Debug\HueLights.dll...
9/27/2016 9:45:12 AM, Info: Verifying assembly C:\Dropbox\Projects\SIMPL#\PhillipsHueSIMPLSharp\HueLights\bin\Debug\HueLights.dll
9/27/2016 9:45:12 AM, Info: Creating Archive C:\Dropbox\Projects\SIMPL#\PhillipsHueSIMPLSharp\HueLights\bin\Debug\HueLights.clz...
9/27/2016 9:45:13 AM, Info: Saving project information...
9/27/2016 10:28:28 AM, Info: Validating assembly C:\Dropbox\Projects\SIMPL#\PhillipsHueSIMPLSharp\HueLights\bin\Debug\HueLights.dll...
9/27/2016 10:28:28 AM, Info: Verifying assembly C:\Dropbox\Projects\SIMPL#\PhillipsHueSIMPLSharp\HueLights\bin\Debug\HueLights.dll
9/27/2016 10:28:28 AM, Info: Creating Archive C:\Dropbox\Projects\SIMPL#\PhillipsHueSIMPLSharp\HueLights\bin\Debug\HueLights.clz...
9/27/2016 10:28:28 AM, Info: Saving project information...
9/27/2016 10:28:42 AM, Info: Validating assembly C:\Dropbox\Projects\SIMPL#\PhillipsHueSIMPLSharp\HueLights\bin\Debug\HueLights.dll...
9/27/2016 10:28:42 AM, Info: Verifying assembly C:\Dropbox\Projects\SIMPL#\PhillipsHueSIMPLSharp\HueLights\bin\Debug\HueLights.dll
9/27/2016 10:28:42 AM, Info: Creating Archive C:\Dropbox\Projects\SIMPL#\PhillipsHueSIMPLSharp\HueLights\bin\Debug\HueLights.clz...
9/27/2016 10:28:42 AM, Info: Saving project information...
9/27/2016 11:19:29 AM, Info: Validating assembly C:\Dropbox\Projects\SIMPL#\PhillipsHueSIMPLSharp\HueLights\bin\Debug\HueLights.dll...
9/27/2016 11:19:29 AM, Info: Verifying assembly C:\Dropbox\Projects\SIMPL#\PhillipsHueSIMPLSharp\HueLights\bin\Debug\HueLights.dll
9/27/2016 11:19:29 AM, Info: Creating Archive C:\Dropbox\Projects\SIMPL#\PhillipsHueSIMPLSharp\HueLights\bin\Debug\HueLights.clz...
9/27/2016 11:19:30 AM, Info: Saving project information...
9/27/2016 11:32:27 AM, Info: Validating assembly C:\Dropbox\Projects\SIMPL#\PhillipsHueSIMPLSharp\HueLights\bin\Debug\HueLights.dll...
9/27/2016 11:32:27 AM, Info: Verifying assembly C:\Dropbox\Projects\SIMPL#\PhillipsHueSIMPLSharp\HueLights\bin\Debug\HueLights.dll
9/27/2016 11:32:27 AM, Info: Creating Archive C:\Dropbox\Projects\SIMPL#\PhillipsHueSIMPLSharp\HueLights\bin\Debug\HueLights.clz...
9/27/2016 11:32:27 AM, Info: Saving project information...
9/27/2016 11:33:35 AM, Info: Validating assembly C:\Dropbox\Projects\SIMPL#\PhillipsHueSIMPLSharp\HueLights\bin\Debug\HueLights.dll...
9/27/2016 11:33:35 AM, Info: Verifying assembly C:\Dropbox\Projects\SIMPL#\PhillipsHueSIMPLSharp\HueLights\bin\Debug\HueLights.dll
9/27/2016 11:33:35 AM, Info: Creating Archive C:\Dropbox\Projects\SIMPL#\PhillipsHueSIMPLSharp\HueLights\bin\Debug\HueLights.clz...
9/27/2016 11:33:35 AM, Info: Saving project information...
9/27/2016 11:44:41 AM, Info: Validating assembly C:\Dropbox\Projects\SIMPL#\PhillipsHueSIMPLSharp\HueLights\bin\Debug\HueLights.dll...
9/27/2016 11:44:41 AM, Info: Verifying assembly C:\Dropbox\Projects\SIMPL#\PhillipsHueSIMPLSharp\HueLights\bin\Debug\HueLights.dll
9/27/2016 11:44:42 AM, Info: Creating Archive C:\Dropbox\Projects\SIMPL#\PhillipsHueSIMPLSharp\HueLights\bin\Debug\HueLights.clz...
9/27/2016 11:44:42 AM, Info: Saving project information...
9/27/2016 11:49:29 AM, Info: Validating assembly C:\Dropbox\Projects\SIMPL#\PhillipsHueSIMPLSharp\HueLights\bin\Debug\HueLights.dll...
9/27/2016 11:49:29 AM, Info: Verifying assembly C:\Dropbox\Projects\SIMPL#\PhillipsHueSIMPLSharp\HueLights\bin\Debug\HueLights.dll
9/27/2016 11:49:29 AM, Info: Creating Archive C:\Dropbox\Projects\SIMPL#\PhillipsHueSIMPLSharp\HueLights\bin\Debug\HueLights.clz...
9/27/2016 11:49:29 AM, Info: Saving project information...
9/27/2016 11:52:36 AM, Info: Validating assembly C:\Dropbox\Projects\SIMPL#\PhillipsHueSIMPLSharp\HueLights\bin\Debug\HueLights.dll...
9/27/2016 11:52:36 AM, Info: Verifying assembly C:\Dropbox\Projects\SIMPL#\PhillipsHueSIMPLSharp\HueLights\bin\Debug\HueLights.dll
9/27/2016 11:52:36 AM, Info: Creating Archive C:\Dropbox\Projects\SIMPL#\PhillipsHueSIMPLSharp\HueLights\bin\Debug\HueLights.clz...
9/27/2016 11:52:37 AM, Info: Saving project information...
9/27/2016 11:55:12 AM, Info: Validating assembly C:\Dropbox\Projects\SIMPL#\PhillipsHueSIMPLSharp\HueLights\bin\Debug\HueLights.dll...
9/27/2016 11:55:13 AM, Info: Verifying assembly C:\Dropbox\Projects\SIMPL#\PhillipsHueSIMPLSharp\HueLights\bin\Debug\HueLights.dll
9/27/2016 11:55:13 AM, Info: Creating Archive C:\Dropbox\Projects\SIMPL#\PhillipsHueSIMPLSharp\HueLights\bin\Debug\HueLights.clz...
9/27/2016 11:55:13 AM, Info: Saving project information...
9/27/2016 11:57:05 AM, Info: Validating assembly C:\Dropbox\Projects\SIMPL#\PhillipsHueSIMPLSharp\HueLights\bin\Debug\HueLights.dll...
9/27/2016 11:57:05 AM, Info: Verifying assembly C:\Dropbox\Projects\SIMPL#\PhillipsHueSIMPLSharp\HueLights\bin\Debug\HueLights.dll
9/27/2016 11:57:06 AM, Info: Creating Archive C:\Dropbox\Projects\SIMPL#\PhillipsHueSIMPLSharp\HueLights\bin\Debug\HueLights.clz...
9/27/2016 11:57:06 AM, Info: Saving project information...
9/27/2016 11:58:49 AM, Info: Validating assembly C:\Dropbox\Projects\SIMPL#\PhillipsHueSIMPLSharp\HueLights\bin\Debug\HueLights.dll...
9/27/2016 11:58:49 AM, Info: Verifying assembly C:\Dropbox\Projects\SIMPL#\PhillipsHueSIMPLSharp\HueLights\bin\Debug\HueLights.dll
9/27/2016 11:58:50 AM, Info: Creating Archive C:\Dropbox\Projects\SIMPL#\PhillipsHueSIMPLSharp\HueLights\bin\Debug\HueLights.clz...
9/27/2016 11:58:50 AM, Info: Saving project information...
9/27/2016 12:01:40 PM, Info: Validating assembly C:\Dropbox\Projects\SIMPL#\PhillipsHueSIMPLSharp\HueLights\bin\Debug\HueLights.dll...
9/27/2016 12:01:40 PM, Info: Verifying assembly C:\Dropbox\Projects\SIMPL#\PhillipsHueSIMPLSharp\HueLights\bin\Debug\HueLights.dll
9/27/2016 12:01:41 PM, Info: Creating Archive C:\Dropbox\Projects\SIMPL#\PhillipsHueSIMPLSharp\HueLights\bin\Debug\HueLights.clz...
9/27/2016 12:01:41 PM, Info: Saving project information...
9/27/2016 1:08:03 PM, Info: Terminating SIMPLSharp Services
