9/14/16 12:14:29 PM, Info: Initializing SIMPLSharp Services...
9/14/16 12:14:29 PM, Info: ProjectInfo successfully initialized.
9/14/16 12:14:59 PM, Info: Validating assembly C:\Dropbox\Projects\SIMPL#\HueLights\HueLights\bin\Debug\HueLights.dll...
9/14/16 12:15:00 PM, Info: Verifying assembly C:\Dropbox\Projects\SIMPL#\HueLights\HueLights\bin\Debug\HueLights.dll
9/14/16 12:15:01 PM, Info: Creating Archive C:\Dropbox\Projects\SIMPL#\HueLights\HueLights\bin\Debug\HueLights.clz...
9/14/16 12:15:02 PM, Info: Saving project information...
9/14/16 12:57:38 PM, Info: Validating assembly C:\Dropbox\Projects\SIMPL#\HueLights\HueLights\bin\Debug\HueLights.dll...
9/14/16 12:57:38 PM, Info: Verifying assembly C:\Dropbox\Projects\SIMPL#\HueLights\HueLights\bin\Debug\HueLights.dll
9/14/16 12:57:38 PM, Info: Creating Archive C:\Dropbox\Projects\SIMPL#\HueLights\HueLights\bin\Debug\HueLights.clz...
9/14/16 12:57:38 PM, Info: Saving project information...
9/14/16 1:01:09 PM, Info: Validating assembly C:\Dropbox\Projects\SIMPL#\HueLights\HueLights\bin\Debug\HueLights.dll...
9/14/16 1:01:09 PM, Info: Verifying assembly C:\Dropbox\Projects\SIMPL#\HueLights\HueLights\bin\Debug\HueLights.dll
9/14/16 1:01:09 PM, Info: Creating Archive C:\Dropbox\Projects\SIMPL#\HueLights\HueLights\bin\Debug\HueLights.clz...
9/14/16 1:01:10 PM, Info: Saving project information...
9/14/16 1:21:43 PM, Info: Validating assembly C:\Dropbox\Projects\SIMPL#\HueLights\HueLights\bin\Debug\HueLights.dll...
9/14/16 1:21:43 PM, Info: Verifying assembly C:\Dropbox\Projects\SIMPL#\HueLights\HueLights\bin\Debug\HueLights.dll
9/14/16 1:21:44 PM, Info: Creating Archive C:\Dropbox\Projects\SIMPL#\HueLights\HueLights\bin\Debug\HueLights.clz...
9/14/16 1:21:44 PM, Info: Saving project information...
9/14/16 1:36:04 PM, Info: Validating assembly C:\Dropbox\Projects\SIMPL#\HueLights\HueLights\bin\Debug\HueLights.dll...
9/14/16 1:36:04 PM, Info: Verifying assembly C:\Dropbox\Projects\SIMPL#\HueLights\HueLights\bin\Debug\HueLights.dll
9/14/16 1:36:04 PM, Info: Creating Archive C:\Dropbox\Projects\SIMPL#\HueLights\HueLights\bin\Debug\HueLights.clz...
9/14/16 1:36:04 PM, Info: Saving project information...
9/14/16 1:38:25 PM, Info: Validating assembly C:\Dropbox\Projects\SIMPL#\HueLights\HueLights\bin\Debug\HueLights.dll...
9/14/16 1:38:25 PM, Info: Verifying assembly C:\Dropbox\Projects\SIMPL#\HueLights\HueLights\bin\Debug\HueLights.dll
9/14/16 1:38:25 PM, Info: Creating Archive C:\Dropbox\Projects\SIMPL#\HueLights\HueLights\bin\Debug\HueLights.clz...
9/14/16 1:38:25 PM, Info: Saving project information...
9/14/16 1:40:14 PM, Info: Validating assembly C:\Dropbox\Projects\SIMPL#\HueLights\HueLights\bin\Debug\HueLights.dll...
9/14/16 1:40:14 PM, Info: Verifying assembly C:\Dropbox\Projects\SIMPL#\HueLights\HueLights\bin\Debug\HueLights.dll
9/14/16 1:40:14 PM, Info: Creating Archive C:\Dropbox\Projects\SIMPL#\HueLights\HueLights\bin\Debug\HueLights.clz...
9/14/16 1:40:14 PM, Info: Saving project information...
9/14/16 1:41:40 PM, Info: Validating assembly C:\Dropbox\Projects\SIMPL#\HueLights\HueLights\bin\Debug\HueLights.dll...
9/14/16 1:41:40 PM, Info: Verifying assembly C:\Dropbox\Projects\SIMPL#\HueLights\HueLights\bin\Debug\HueLights.dll
9/14/16 1:41:40 PM, Info: Creating Archive C:\Dropbox\Projects\SIMPL#\HueLights\HueLights\bin\Debug\HueLights.clz...
9/14/16 1:41:41 PM, Info: Saving project information...
9/14/16 1:48:40 PM, Info: Validating assembly C:\Dropbox\Projects\SIMPL#\HueLights\HueLights\bin\Debug\HueLights.dll...
9/14/16 1:48:40 PM, Info: Verifying assembly C:\Dropbox\Projects\SIMPL#\HueLights\HueLights\bin\Debug\HueLights.dll
9/14/16 1:48:40 PM, Info: Creating Archive C:\Dropbox\Projects\SIMPL#\HueLights\HueLights\bin\Debug\HueLights.clz...
9/14/16 1:48:40 PM, Info: Saving project information...
9/14/16 1:55:20 PM, Info: Validating assembly C:\Dropbox\Projects\SIMPL#\HueLights\HueLights\bin\Debug\HueLights.dll...
9/14/16 1:55:20 PM, Info: Verifying assembly C:\Dropbox\Projects\SIMPL#\HueLights\HueLights\bin\Debug\HueLights.dll
9/14/16 1:55:20 PM, Info: Creating Archive C:\Dropbox\Projects\SIMPL#\HueLights\HueLights\bin\Debug\HueLights.clz...
9/14/16 1:55:20 PM, Info: Saving project information...
9/14/16 2:01:49 PM, Info: Validating assembly C:\Dropbox\Projects\SIMPL#\HueLights\HueLights\bin\Debug\HueLights.dll...
9/14/16 2:01:49 PM, Info: Verifying assembly C:\Dropbox\Projects\SIMPL#\HueLights\HueLights\bin\Debug\HueLights.dll
9/14/16 2:01:49 PM, Info: Creating Archive C:\Dropbox\Projects\SIMPL#\HueLights\HueLights\bin\Debug\HueLights.clz...
9/14/16 2:01:49 PM, Info: Saving project information...
9/14/16 2:04:06 PM, Info: Validating assembly C:\Dropbox\Projects\SIMPL#\HueLights\HueLights\bin\Debug\HueLights.dll...
9/14/16 2:04:07 PM, Info: Verifying assembly C:\Dropbox\Projects\SIMPL#\HueLights\HueLights\bin\Debug\HueLights.dll
9/14/16 2:04:07 PM, Info: Creating Archive C:\Dropbox\Projects\SIMPL#\HueLights\HueLights\bin\Debug\HueLights.clz...
9/14/16 2:04:08 PM, Info: Saving project information...
9/14/16 2:49:35 PM, Info: Validating assembly C:\Dropbox\Projects\SIMPL#\HueLights\HueLights\bin\Debug\HueLights.dll...
9/14/16 2:49:36 PM, Info: Verifying assembly C:\Dropbox\Projects\SIMPL#\HueLights\HueLights\bin\Debug\HueLights.dll
9/14/16 2:49:36 PM, Info: Creating Archive C:\Dropbox\Projects\SIMPL#\HueLights\HueLights\bin\Debug\HueLights.clz...
9/14/16 2:49:36 PM, Info: Saving project information...
9/14/16 2:55:12 PM, Info: Validating assembly C:\Dropbox\Projects\SIMPL#\HueLights\HueLights\bin\Debug\HueLights.dll...
9/14/16 2:55:12 PM, Info: Verifying assembly C:\Dropbox\Projects\SIMPL#\HueLights\HueLights\bin\Debug\HueLights.dll
9/14/16 2:55:13 PM, Info: Creating Archive C:\Dropbox\Projects\SIMPL#\HueLights\HueLights\bin\Debug\HueLights.clz...
9/14/16 2:55:13 PM, Info: Saving project information...
9/14/16 2:57:08 PM, Info: Validating assembly C:\Dropbox\Projects\SIMPL#\HueLights\HueLights\bin\Debug\HueLights.dll...
9/14/16 2:57:08 PM, Info: Verifying assembly C:\Dropbox\Projects\SIMPL#\HueLights\HueLights\bin\Debug\HueLights.dll
9/14/16 2:57:08 PM, Info: Creating Archive C:\Dropbox\Projects\SIMPL#\HueLights\HueLights\bin\Debug\HueLights.clz...
9/14/16 2:57:08 PM, Info: Saving project information...
9/14/16 2:57:14 PM, Info: Validating assembly C:\Dropbox\Projects\SIMPL#\HueLights\HueLights\bin\Debug\HueLights.dll...
9/14/16 2:57:15 PM, Info: Verifying assembly C:\Dropbox\Projects\SIMPL#\HueLights\HueLights\bin\Debug\HueLights.dll
9/14/16 2:57:15 PM, Info: Creating Archive C:\Dropbox\Projects\SIMPL#\HueLights\HueLights\bin\Debug\HueLights.clz...
9/14/16 2:57:15 PM, Info: Saving project information...
9/14/16 3:58:43 PM, Info: Validating assembly C:\Dropbox\Projects\SIMPL#\HueLights\HueLights\bin\Debug\HueLights.dll...
9/14/16 3:58:44 PM, Info: Verifying assembly C:\Dropbox\Projects\SIMPL#\HueLights\HueLights\bin\Debug\HueLights.dll
9/14/16 3:58:44 PM, Info: Creating Archive C:\Dropbox\Projects\SIMPL#\HueLights\HueLights\bin\Debug\HueLights.clz...
9/14/16 3:58:44 PM, Info: Saving project information...
9/14/16 5:04:25 PM, Info: Validating assembly C:\Dropbox\Projects\SIMPL#\HueLights\HueLights\bin\Debug\HueLights.dll...
9/14/16 5:04:25 PM, Info: Verifying assembly C:\Dropbox\Projects\SIMPL#\HueLights\HueLights\bin\Debug\HueLights.dll
9/14/16 5:04:25 PM, Info: Creating Archive C:\Dropbox\Projects\SIMPL#\HueLights\HueLights\bin\Debug\HueLights.clz...
9/14/16 5:04:26 PM, Info: Saving project information...
9/14/16 5:04:29 PM, Info: Terminating SIMPLSharp Services
