9/6/16 7:21:05 AM, Info: Initializing SIMPLSharp Services...
9/6/16 7:21:05 AM, Info: ProjectInfo successfully initialized.
9/6/16 7:53:24 AM, Info: Validating assembly C:\Dropbox\Projects\SIMPL#\HueLights\HueLights\bin\Debug\HueLights.dll...
9/6/16 7:53:24 AM, Info: Verifying assembly C:\Dropbox\Projects\SIMPL#\HueLights\HueLights\bin\Debug\HueLights.dll
9/6/16 7:53:25 AM, Info: Creating Archive C:\Dropbox\Projects\SIMPL#\HueLights\HueLights\bin\Debug\HueLights.clz...
9/6/16 7:53:25 AM, Info: Saving project information...
9/6/16 8:49:34 AM, Info: Validating assembly C:\Dropbox\Projects\SIMPL#\HueLights\HueLights\bin\Debug\HueLights.dll...
9/6/16 8:49:34 AM, Info: Verifying assembly C:\Dropbox\Projects\SIMPL#\HueLights\HueLights\bin\Debug\HueLights.dll
9/6/16 8:49:34 AM, Info: Creating Archive C:\Dropbox\Projects\SIMPL#\HueLights\HueLights\bin\Debug\HueLights.clz...
9/6/16 8:49:34 AM, Info: Saving project information...
9/6/16 8:50:20 AM, Info: Validating assembly C:\Dropbox\Projects\SIMPL#\HueLights\HueLights\bin\Debug\HueLights.dll...
9/6/16 8:50:20 AM, Info: Verifying assembly C:\Dropbox\Projects\SIMPL#\HueLights\HueLights\bin\Debug\HueLights.dll
9/6/16 8:50:20 AM, Info: Creating Archive C:\Dropbox\Projects\SIMPL#\HueLights\HueLights\bin\Debug\HueLights.clz...
9/6/16 8:50:20 AM, Info: Saving project information...
9/6/16 9:21:33 AM, Info: Saving project information...
9/6/16 9:21:33 AM, Info: Saving project information...
9/6/16 9:21:33 AM, Info: Saving project information...
9/6/16 9:21:33 AM, Info: Saving project information...
9/6/16 9:21:33 AM, Info: Saving project information...
9/6/16 9:21:33 AM, Info: Saving project information...
9/6/16 9:21:34 AM, Info: Validating assembly C:\Dropbox\Projects\SIMPL#\HueLights\HueLights\bin\Debug\HueLights.dll...
9/6/16 9:21:34 AM, Info: Verifying assembly C:\Dropbox\Projects\SIMPL#\HueLights\HueLights\bin\Debug\HueLights.dll
9/6/16 9:21:34 AM, Info: Creating Archive C:\Dropbox\Projects\SIMPL#\HueLights\HueLights\bin\Debug\HueLights.clz...
9/6/16 9:21:34 AM, Info: Saving project information...
9/6/16 9:43:58 AM, Info: Validating assembly C:\Dropbox\Projects\SIMPL#\HueLights\HueLights\bin\Debug\HueLights.dll...
9/6/16 9:43:58 AM, Info: Verifying assembly C:\Dropbox\Projects\SIMPL#\HueLights\HueLights\bin\Debug\HueLights.dll
9/6/16 9:43:59 AM, Info: Creating Archive C:\Dropbox\Projects\SIMPL#\HueLights\HueLights\bin\Debug\HueLights.clz...
9/6/16 9:43:59 AM, Info: Saving project information...
9/6/16 9:45:30 AM, Info: Saving project information...
9/6/16 9:45:30 AM, Info: Saving project information...
9/6/16 9:45:30 AM, Info: Saving project information...
9/6/16 9:45:30 AM, Info: Saving project information...
9/6/16 9:45:30 AM, Info: Saving project information...
9/6/16 9:45:30 AM, Info: Saving project information...
9/6/16 9:45:31 AM, Info: Validating assembly C:\Dropbox\Projects\SIMPL#\HueLights\HueLights\bin\Debug\HueLights.dll...
9/6/16 9:45:31 AM, Info: Verifying assembly C:\Dropbox\Projects\SIMPL#\HueLights\HueLights\bin\Debug\HueLights.dll
9/6/16 9:45:31 AM, Info: Creating Archive C:\Dropbox\Projects\SIMPL#\HueLights\HueLights\bin\Debug\HueLights.clz...
9/6/16 9:45:31 AM, Info: Saving project information...
9/6/16 10:23:46 AM, Info: Validating assembly C:\Dropbox\Projects\SIMPL#\HueLights\HueLights\bin\Debug\HueLights.dll...
9/6/16 10:23:46 AM, Info: Verifying assembly C:\Dropbox\Projects\SIMPL#\HueLights\HueLights\bin\Debug\HueLights.dll
9/6/16 10:23:46 AM, Info: Creating Archive C:\Dropbox\Projects\SIMPL#\HueLights\HueLights\bin\Debug\HueLights.clz...
9/6/16 10:23:46 AM, Info: Saving project information...
9/6/16 10:24:53 AM, Info: Validating assembly C:\Dropbox\Projects\SIMPL#\HueLights\HueLights\bin\Debug\HueLights.dll...
9/6/16 10:24:54 AM, Info: Verifying assembly C:\Dropbox\Projects\SIMPL#\HueLights\HueLights\bin\Debug\HueLights.dll
9/6/16 10:24:54 AM, Info: Creating Archive C:\Dropbox\Projects\SIMPL#\HueLights\HueLights\bin\Debug\HueLights.clz...
9/6/16 10:24:54 AM, Info: Saving project information...
9/6/16 10:29:04 AM, Info: Validating assembly C:\Dropbox\Projects\SIMPL#\HueLights\HueLights\bin\Debug\HueLights.dll...
9/6/16 10:29:04 AM, Info: Verifying assembly C:\Dropbox\Projects\SIMPL#\HueLights\HueLights\bin\Debug\HueLights.dll
9/6/16 10:29:04 AM, Info: Creating Archive C:\Dropbox\Projects\SIMPL#\HueLights\HueLights\bin\Debug\HueLights.clz...
9/6/16 10:29:04 AM, Info: Saving project information...
9/6/16 10:33:58 AM, Info: Validating assembly C:\Dropbox\Projects\SIMPL#\HueLights\HueLights\bin\Debug\HueLights.dll...
9/6/16 10:33:58 AM, Info: Verifying assembly C:\Dropbox\Projects\SIMPL#\HueLights\HueLights\bin\Debug\HueLights.dll
9/6/16 10:33:58 AM, Info: Creating Archive C:\Dropbox\Projects\SIMPL#\HueLights\HueLights\bin\Debug\HueLights.clz...
9/6/16 10:33:59 AM, Info: Saving project information...
9/6/16 10:38:19 AM, Info: Validating assembly C:\Dropbox\Projects\SIMPL#\HueLights\HueLights\bin\Debug\HueLights.dll...
9/6/16 10:38:19 AM, Info: Verifying assembly C:\Dropbox\Projects\SIMPL#\HueLights\HueLights\bin\Debug\HueLights.dll
9/6/16 10:38:19 AM, Info: Creating Archive C:\Dropbox\Projects\SIMPL#\HueLights\HueLights\bin\Debug\HueLights.clz...
9/6/16 10:38:19 AM, Info: Saving project information...
9/6/16 10:40:12 AM, Info: Validating assembly C:\Dropbox\Projects\SIMPL#\HueLights\HueLights\bin\Debug\HueLights.dll...
9/6/16 10:40:12 AM, Info: Verifying assembly C:\Dropbox\Projects\SIMPL#\HueLights\HueLights\bin\Debug\HueLights.dll
9/6/16 10:40:13 AM, Info: Creating Archive C:\Dropbox\Projects\SIMPL#\HueLights\HueLights\bin\Debug\HueLights.clz...
9/6/16 10:40:13 AM, Info: Saving project information...
9/6/16 10:46:37 AM, Info: Validating assembly C:\Dropbox\Projects\SIMPL#\HueLights\HueLights\bin\Debug\HueLights.dll...
9/6/16 10:46:38 AM, Info: Verifying assembly C:\Dropbox\Projects\SIMPL#\HueLights\HueLights\bin\Debug\HueLights.dll
9/6/16 10:46:38 AM, Info: Creating Archive C:\Dropbox\Projects\SIMPL#\HueLights\HueLights\bin\Debug\HueLights.clz...
9/6/16 10:46:38 AM, Info: Saving project information...
9/6/16 10:48:58 AM, Info: Validating assembly C:\Dropbox\Projects\SIMPL#\HueLights\HueLights\bin\Debug\HueLights.dll...
9/6/16 10:48:59 AM, Info: Verifying assembly C:\Dropbox\Projects\SIMPL#\HueLights\HueLights\bin\Debug\HueLights.dll
9/6/16 10:48:59 AM, Info: Creating Archive C:\Dropbox\Projects\SIMPL#\HueLights\HueLights\bin\Debug\HueLights.clz...
9/6/16 10:48:59 AM, Info: Saving project information...
9/6/16 10:50:24 AM, Info: Validating assembly C:\Dropbox\Projects\SIMPL#\HueLights\HueLights\bin\Debug\HueLights.dll...
9/6/16 10:50:24 AM, Info: Verifying assembly C:\Dropbox\Projects\SIMPL#\HueLights\HueLights\bin\Debug\HueLights.dll
9/6/16 10:50:24 AM, Info: Creating Archive C:\Dropbox\Projects\SIMPL#\HueLights\HueLights\bin\Debug\HueLights.clz...
9/6/16 10:50:25 AM, Info: Saving project information...
9/6/16 11:17:31 AM, Info: Validating assembly C:\Dropbox\Projects\SIMPL#\HueLights\HueLights\bin\Debug\HueLights.dll...
9/6/16 11:17:32 AM, Info: Verifying assembly C:\Dropbox\Projects\SIMPL#\HueLights\HueLights\bin\Debug\HueLights.dll
9/6/16 11:17:32 AM, Info: Creating Archive C:\Dropbox\Projects\SIMPL#\HueLights\HueLights\bin\Debug\HueLights.clz...
9/6/16 11:17:32 AM, Info: Saving project information...
9/6/16 11:18:49 AM, Info: Validating assembly C:\Dropbox\Projects\SIMPL#\HueLights\HueLights\bin\Debug\HueLights.dll...
9/6/16 11:18:49 AM, Info: Verifying assembly C:\Dropbox\Projects\SIMPL#\HueLights\HueLights\bin\Debug\HueLights.dll
9/6/16 11:18:50 AM, Info: Creating Archive C:\Dropbox\Projects\SIMPL#\HueLights\HueLights\bin\Debug\HueLights.clz...
9/6/16 11:18:50 AM, Info: Saving project information...
9/6/16 11:22:45 AM, Info: Validating assembly C:\Dropbox\Projects\SIMPL#\HueLights\HueLights\bin\Debug\HueLights.dll...
9/6/16 11:22:46 AM, Info: Verifying assembly C:\Dropbox\Projects\SIMPL#\HueLights\HueLights\bin\Debug\HueLights.dll
9/6/16 11:22:46 AM, Info: Creating Archive C:\Dropbox\Projects\SIMPL#\HueLights\HueLights\bin\Debug\HueLights.clz...
9/6/16 11:22:46 AM, Info: Saving project information...
9/6/16 11:25:28 AM, Info: Validating assembly C:\Dropbox\Projects\SIMPL#\HueLights\HueLights\bin\Debug\HueLights.dll...
9/6/16 11:25:28 AM, Info: Verifying assembly C:\Dropbox\Projects\SIMPL#\HueLights\HueLights\bin\Debug\HueLights.dll
9/6/16 11:25:28 AM, Info: Creating Archive C:\Dropbox\Projects\SIMPL#\HueLights\HueLights\bin\Debug\HueLights.clz...
9/6/16 11:25:28 AM, Info: Saving project information...
9/6/16 11:25:48 AM, Info: Validating assembly C:\Dropbox\Projects\SIMPL#\HueLights\HueLights\bin\Debug\HueLights.dll...
9/6/16 11:25:48 AM, Info: Verifying assembly C:\Dropbox\Projects\SIMPL#\HueLights\HueLights\bin\Debug\HueLights.dll
9/6/16 11:25:48 AM, Info: Creating Archive C:\Dropbox\Projects\SIMPL#\HueLights\HueLights\bin\Debug\HueLights.clz...
9/6/16 11:25:49 AM, Info: Saving project information...
9/6/16 12:15:10 PM, Info: Validating assembly C:\Dropbox\Projects\SIMPL#\HueLights\HueLights\bin\Debug\HueLights.dll...
9/6/16 12:15:11 PM, Info: Verifying assembly C:\Dropbox\Projects\SIMPL#\HueLights\HueLights\bin\Debug\HueLights.dll
9/6/16 12:15:11 PM, Info: Creating Archive C:\Dropbox\Projects\SIMPL#\HueLights\HueLights\bin\Debug\HueLights.clz...
9/6/16 12:15:11 PM, Info: Saving project information...
9/6/16 12:20:46 PM, Info: Validating assembly C:\Dropbox\Projects\SIMPL#\HueLights\HueLights\bin\Debug\HueLights.dll...
9/6/16 12:20:46 PM, Info: Verifying assembly C:\Dropbox\Projects\SIMPL#\HueLights\HueLights\bin\Debug\HueLights.dll
9/6/16 12:20:46 PM, Info: Creating Archive C:\Dropbox\Projects\SIMPL#\HueLights\HueLights\bin\Debug\HueLights.clz...
9/6/16 12:20:46 PM, Info: Saving project information...
9/6/16 12:22:05 PM, Info: Validating assembly C:\Dropbox\Projects\SIMPL#\HueLights\HueLights\bin\Debug\HueLights.dll...
9/6/16 12:22:05 PM, Info: Verifying assembly C:\Dropbox\Projects\SIMPL#\HueLights\HueLights\bin\Debug\HueLights.dll
9/6/16 12:22:05 PM, Info: Creating Archive C:\Dropbox\Projects\SIMPL#\HueLights\HueLights\bin\Debug\HueLights.clz...
9/6/16 12:22:06 PM, Info: Saving project information...
9/6/16 12:24:21 PM, Info: Validating assembly C:\Dropbox\Projects\SIMPL#\HueLights\HueLights\bin\Debug\HueLights.dll...
9/6/16 12:24:22 PM, Info: Verifying assembly C:\Dropbox\Projects\SIMPL#\HueLights\HueLights\bin\Debug\HueLights.dll
9/6/16 12:24:22 PM, Info: Creating Archive C:\Dropbox\Projects\SIMPL#\HueLights\HueLights\bin\Debug\HueLights.clz...
9/6/16 12:24:22 PM, Info: Saving project information...
9/6/16 12:50:10 PM, Info: Validating assembly C:\Dropbox\Projects\SIMPL#\HueLights\HueLights\bin\Debug\HueLights.dll...
9/6/16 12:50:11 PM, Info: Verifying assembly C:\Dropbox\Projects\SIMPL#\HueLights\HueLights\bin\Debug\HueLights.dll
9/6/16 12:50:11 PM, Info: Creating Archive C:\Dropbox\Projects\SIMPL#\HueLights\HueLights\bin\Debug\HueLights.clz...
9/6/16 12:50:11 PM, Info: Saving project information...
9/6/16 1:01:28 PM, Info: Validating assembly C:\Dropbox\Projects\SIMPL#\HueLights\HueLights\bin\Debug\HueLights.dll...
9/6/16 1:01:29 PM, Info: Verifying assembly C:\Dropbox\Projects\SIMPL#\HueLights\HueLights\bin\Debug\HueLights.dll
9/6/16 1:01:29 PM, Info: Creating Archive C:\Dropbox\Projects\SIMPL#\HueLights\HueLights\bin\Debug\HueLights.clz...
9/6/16 1:01:29 PM, Info: Saving project information...
9/6/16 1:26:16 PM, Info: Validating assembly C:\Dropbox\Projects\SIMPL#\HueLights\HueLights\bin\Debug\HueLights.dll...
9/6/16 1:26:16 PM, Info: Verifying assembly C:\Dropbox\Projects\SIMPL#\HueLights\HueLights\bin\Debug\HueLights.dll
9/6/16 1:26:16 PM, Info: Creating Archive C:\Dropbox\Projects\SIMPL#\HueLights\HueLights\bin\Debug\HueLights.clz...
9/6/16 1:26:16 PM, Info: Saving project information...
9/6/16 1:26:32 PM, Info: Validating assembly C:\Dropbox\Projects\SIMPL#\HueLights\HueLights\bin\Debug\HueLights.dll...
9/6/16 1:26:32 PM, Info: Verifying assembly C:\Dropbox\Projects\SIMPL#\HueLights\HueLights\bin\Debug\HueLights.dll
9/6/16 1:26:32 PM, Info: Creating Archive C:\Dropbox\Projects\SIMPL#\HueLights\HueLights\bin\Debug\HueLights.clz...
9/6/16 1:26:33 PM, Info: Saving project information...
9/6/16 1:51:01 PM, Info: Validating assembly C:\Dropbox\Projects\SIMPL#\HueLights\HueLights\bin\Debug\HueLights.dll...
9/6/16 1:51:02 PM, Info: Verifying assembly C:\Dropbox\Projects\SIMPL#\HueLights\HueLights\bin\Debug\HueLights.dll
9/6/16 1:51:02 PM, Info: Creating Archive C:\Dropbox\Projects\SIMPL#\HueLights\HueLights\bin\Debug\HueLights.clz...
9/6/16 1:51:02 PM, Info: Saving project information...
9/6/16 1:56:50 PM, Info: Validating assembly C:\Dropbox\Projects\SIMPL#\HueLights\HueLights\bin\Debug\HueLights.dll...
9/6/16 1:56:50 PM, Info: Verifying assembly C:\Dropbox\Projects\SIMPL#\HueLights\HueLights\bin\Debug\HueLights.dll
9/6/16 1:56:50 PM, Info: Creating Archive C:\Dropbox\Projects\SIMPL#\HueLights\HueLights\bin\Debug\HueLights.clz...
9/6/16 1:56:50 PM, Info: Saving project information...
9/6/16 2:57:47 PM, Info: Validating assembly C:\Dropbox\Projects\SIMPL#\HueLights\HueLights\bin\Debug\HueLights.dll...
9/6/16 2:57:47 PM, Info: Verifying assembly C:\Dropbox\Projects\SIMPL#\HueLights\HueLights\bin\Debug\HueLights.dll
9/6/16 2:57:47 PM, Info: Creating Archive C:\Dropbox\Projects\SIMPL#\HueLights\HueLights\bin\Debug\HueLights.clz...
9/6/16 2:57:48 PM, Info: Saving project information...
9/6/16 3:24:02 PM, Info: Validating assembly C:\Dropbox\Projects\SIMPL#\HueLights\HueLights\bin\Debug\HueLights.dll...
9/6/16 3:24:02 PM, Info: Verifying assembly C:\Dropbox\Projects\SIMPL#\HueLights\HueLights\bin\Debug\HueLights.dll
9/6/16 3:24:02 PM, Info: Creating Archive C:\Dropbox\Projects\SIMPL#\HueLights\HueLights\bin\Debug\HueLights.clz...
9/6/16 3:24:03 PM, Info: Saving project information...
9/6/16 3:30:35 PM, Info: Validating assembly C:\Dropbox\Projects\SIMPL#\HueLights\HueLights\bin\Debug\HueLights.dll...
9/6/16 3:30:36 PM, Info: Verifying assembly C:\Dropbox\Projects\SIMPL#\HueLights\HueLights\bin\Debug\HueLights.dll
9/6/16 3:30:36 PM, Info: Creating Archive C:\Dropbox\Projects\SIMPL#\HueLights\HueLights\bin\Debug\HueLights.clz...
9/6/16 3:30:36 PM, Info: Saving project information...
9/6/16 4:39:13 PM, Info: Validating assembly C:\Dropbox\Projects\SIMPL#\HueLights\HueLights\bin\Debug\HueLights.dll...
9/6/16 4:39:13 PM, Info: Verifying assembly C:\Dropbox\Projects\SIMPL#\HueLights\HueLights\bin\Debug\HueLights.dll
9/6/16 4:39:14 PM, Info: Creating Archive C:\Dropbox\Projects\SIMPL#\HueLights\HueLights\bin\Debug\HueLights.clz...
9/6/16 4:39:14 PM, Info: Saving project information...
9/6/16 5:15:03 PM, Info: Validating assembly C:\Dropbox\Projects\SIMPL#\HueLights\HueLights\bin\Debug\HueLights.dll...
9/6/16 5:15:03 PM, Info: Verifying assembly C:\Dropbox\Projects\SIMPL#\HueLights\HueLights\bin\Debug\HueLights.dll
9/6/16 5:15:03 PM, Info: Creating Archive C:\Dropbox\Projects\SIMPL#\HueLights\HueLights\bin\Debug\HueLights.clz...
9/6/16 5:15:04 PM, Info: Saving project information...
9/6/16 5:15:40 PM, Info: Validating assembly C:\Dropbox\Projects\SIMPL#\HueLights\HueLights\bin\Debug\HueLights.dll...
9/6/16 5:15:40 PM, Info: Verifying assembly C:\Dropbox\Projects\SIMPL#\HueLights\HueLights\bin\Debug\HueLights.dll
9/6/16 5:15:40 PM, Info: Creating Archive C:\Dropbox\Projects\SIMPL#\HueLights\HueLights\bin\Debug\HueLights.clz...
9/6/16 5:15:40 PM, Info: Saving project information...
9/6/16 6:49:34 PM, Info: Terminating SIMPLSharp Services
