8/21/17 3:13:34 PM, Info: Initializing SIMPLSharp Services...
8/21/17 3:13:34 PM, Info: ProjectInfo successfully initialized.
8/21/17 3:13:57 PM, Info: Validating assembly C:\Dropbox\Projects\SIMPLSharp\PhillipsHueSIMPLSharp\HueLights\bin\Debug\HueLights.dll...
8/21/17 3:13:57 PM, Info: Verifying assembly C:\Dropbox\Projects\SIMPLSharp\PhillipsHueSIMPLSharp\HueLights\bin\Debug\HueLights.dll
8/21/17 3:13:57 PM, Info: Creating Archive C:\Dropbox\Projects\SIMPLSharp\PhillipsHueSIMPLSharp\HueLights\bin\Debug\HueLights.clz...
8/21/17 3:13:58 PM, Info: Saving project information...
8/21/17 3:25:19 PM, Info: Validating assembly C:\Dropbox\Projects\SIMPLSharp\PhillipsHueSIMPLSharp\HueLights\bin\Debug\HueLights.dll...
8/21/17 3:25:19 PM, Info: Verifying assembly C:\Dropbox\Projects\SIMPLSharp\PhillipsHueSIMPLSharp\HueLights\bin\Debug\HueLights.dll
8/21/17 3:25:19 PM, Info: Creating Archive C:\Dropbox\Projects\SIMPLSharp\PhillipsHueSIMPLSharp\HueLights\bin\Debug\HueLights.clz...
8/21/17 3:25:20 PM, Info: Saving project information...
8/21/17 3:47:47 PM, Info: Validating assembly C:\Dropbox\Projects\SIMPLSharp\PhillipsHueSIMPLSharp\HueLights\bin\Debug\HueLights.dll...
8/21/17 3:47:47 PM, Info: Verifying assembly C:\Dropbox\Projects\SIMPLSharp\PhillipsHueSIMPLSharp\HueLights\bin\Debug\HueLights.dll
8/21/17 3:47:47 PM, Info: Creating Archive C:\Dropbox\Projects\SIMPLSharp\PhillipsHueSIMPLSharp\HueLights\bin\Debug\HueLights.clz...
8/21/17 3:47:47 PM, Info: Saving project information...
8/21/17 3:52:36 PM, Info: Validating assembly C:\Dropbox\Projects\SIMPLSharp\PhillipsHueSIMPLSharp\HueLights\bin\Debug\HueLights.dll...
8/21/17 3:52:37 PM, Info: Verifying assembly C:\Dropbox\Projects\SIMPLSharp\PhillipsHueSIMPLSharp\HueLights\bin\Debug\HueLights.dll
8/21/17 3:52:37 PM, Info: Creating Archive C:\Dropbox\Projects\SIMPLSharp\PhillipsHueSIMPLSharp\HueLights\bin\Debug\HueLights.clz...
8/21/17 3:52:37 PM, Info: Saving project information...
8/21/17 3:53:41 PM, Info: Validating assembly C:\Dropbox\Projects\SIMPLSharp\PhillipsHueSIMPLSharp\HueLights\bin\Debug\HueLights.dll...
8/21/17 3:53:41 PM, Info: Verifying assembly C:\Dropbox\Projects\SIMPLSharp\PhillipsHueSIMPLSharp\HueLights\bin\Debug\HueLights.dll
8/21/17 3:53:41 PM, Info: Creating Archive C:\Dropbox\Projects\SIMPLSharp\PhillipsHueSIMPLSharp\HueLights\bin\Debug\HueLights.clz...
8/21/17 3:53:42 PM, Info: Saving project information...
8/21/17 3:56:47 PM, Info: Validating assembly C:\Dropbox\Projects\SIMPLSharp\PhillipsHueSIMPLSharp\HueLights\bin\Debug\HueLights.dll...
8/21/17 3:56:47 PM, Info: Verifying assembly C:\Dropbox\Projects\SIMPLSharp\PhillipsHueSIMPLSharp\HueLights\bin\Debug\HueLights.dll
8/21/17 3:56:47 PM, Info: Creating Archive C:\Dropbox\Projects\SIMPLSharp\PhillipsHueSIMPLSharp\HueLights\bin\Debug\HueLights.clz...
8/21/17 3:56:48 PM, Info: Saving project information...
8/21/17 4:00:40 PM, Info: Validating assembly C:\Dropbox\Projects\SIMPLSharp\PhillipsHueSIMPLSharp\HueLights\bin\Debug\HueLights.dll...
8/21/17 4:00:40 PM, Info: Verifying assembly C:\Dropbox\Projects\SIMPLSharp\PhillipsHueSIMPLSharp\HueLights\bin\Debug\HueLights.dll
8/21/17 4:00:40 PM, Info: Creating Archive C:\Dropbox\Projects\SIMPLSharp\PhillipsHueSIMPLSharp\HueLights\bin\Debug\HueLights.clz...
8/21/17 4:00:41 PM, Info: Saving project information...
8/21/17 4:02:25 PM, Info: Validating assembly C:\Dropbox\Projects\SIMPLSharp\PhillipsHueSIMPLSharp\HueLights\bin\Debug\HueLights.dll...
8/21/17 4:02:25 PM, Info: Verifying assembly C:\Dropbox\Projects\SIMPLSharp\PhillipsHueSIMPLSharp\HueLights\bin\Debug\HueLights.dll
8/21/17 4:02:25 PM, Info: Creating Archive C:\Dropbox\Projects\SIMPLSharp\PhillipsHueSIMPLSharp\HueLights\bin\Debug\HueLights.clz...
8/21/17 4:02:25 PM, Info: Saving project information...
8/21/17 4:02:31 PM, Info: Validating assembly C:\Dropbox\Projects\SIMPLSharp\PhillipsHueSIMPLSharp\HueLights\bin\Debug\HueLights.dll...
8/21/17 4:02:31 PM, Info: Verifying assembly C:\Dropbox\Projects\SIMPLSharp\PhillipsHueSIMPLSharp\HueLights\bin\Debug\HueLights.dll
8/21/17 4:02:31 PM, Info: Creating Archive C:\Dropbox\Projects\SIMPLSharp\PhillipsHueSIMPLSharp\HueLights\bin\Debug\HueLights.clz...
8/21/17 4:02:32 PM, Info: Saving project information...
8/21/17 4:08:05 PM, Info: Validating assembly C:\Dropbox\Projects\SIMPLSharp\PhillipsHueSIMPLSharp\HueLights\bin\Debug\HueLights.dll...
8/21/17 4:08:05 PM, Info: Verifying assembly C:\Dropbox\Projects\SIMPLSharp\PhillipsHueSIMPLSharp\HueLights\bin\Debug\HueLights.dll
8/21/17 4:08:05 PM, Info: Creating Archive C:\Dropbox\Projects\SIMPLSharp\PhillipsHueSIMPLSharp\HueLights\bin\Debug\HueLights.clz...
8/21/17 4:08:06 PM, Info: Saving project information...
8/21/17 4:27:14 PM, Info: Terminating SIMPLSharp Services
