5/26/17 9:01:31 AM, Info: Initializing SIMPLSharp Services...
5/26/17 9:01:31 AM, Info: ProjectInfo successfully initialized.
5/26/17 9:43:55 AM, Info: Validating assembly C:\Dropbox\Projects\SIMPLSharp\PhillipsHueSIMPLSharp\HueLights\bin\Debug\HueLights.dll...
5/26/17 9:43:56 AM, Info: Verifying assembly C:\Dropbox\Projects\SIMPLSharp\PhillipsHueSIMPLSharp\HueLights\bin\Debug\HueLights.dll
5/26/17 9:43:56 AM, Info: Creating Archive C:\Dropbox\Projects\SIMPLSharp\PhillipsHueSIMPLSharp\HueLights\bin\Debug\HueLights.clz...
5/26/17 9:43:57 AM, Info: Saving project information...
5/26/17 9:52:21 AM, Info: Validating assembly C:\Dropbox\Projects\SIMPLSharp\PhillipsHueSIMPLSharp\HueLights\bin\Debug\HueLights.dll...
5/26/17 9:52:21 AM, Info: Verifying assembly C:\Dropbox\Projects\SIMPLSharp\PhillipsHueSIMPLSharp\HueLights\bin\Debug\HueLights.dll
5/26/17 9:52:21 AM, Info: Creating Archive C:\Dropbox\Projects\SIMPLSharp\PhillipsHueSIMPLSharp\HueLights\bin\Debug\HueLights.clz...
5/26/17 9:52:22 AM, Info: Saving project information...
5/26/17 10:24:04 AM, Info: Validating assembly C:\Dropbox\Projects\SIMPLSharp\PhillipsHueSIMPLSharp\HueLights\bin\Debug\HueLights.dll...
5/26/17 10:24:04 AM, Info: Verifying assembly C:\Dropbox\Projects\SIMPLSharp\PhillipsHueSIMPLSharp\HueLights\bin\Debug\HueLights.dll
5/26/17 10:24:04 AM, Info: Creating Archive C:\Dropbox\Projects\SIMPLSharp\PhillipsHueSIMPLSharp\HueLights\bin\Debug\HueLights.clz...
5/26/17 10:24:04 AM, Info: Saving project information...
5/26/17 11:49:20 AM, Info: Validating assembly C:\Dropbox\Projects\SIMPLSharp\PhillipsHueSIMPLSharp\HueLights\bin\Debug\HueLights.dll...
5/26/17 11:49:21 AM, Info: Verifying assembly C:\Dropbox\Projects\SIMPLSharp\PhillipsHueSIMPLSharp\HueLights\bin\Debug\HueLights.dll
5/26/17 11:49:21 AM, Info: Creating Archive C:\Dropbox\Projects\SIMPLSharp\PhillipsHueSIMPLSharp\HueLights\bin\Debug\HueLights.clz...
5/26/17 11:49:21 AM, Info: Saving project information...
5/26/17 12:00:09 PM, Info: Validating assembly C:\Dropbox\Projects\SIMPLSharp\PhillipsHueSIMPLSharp\HueLights\bin\Debug\HueLights.dll...
5/26/17 12:00:09 PM, Info: Verifying assembly C:\Dropbox\Projects\SIMPLSharp\PhillipsHueSIMPLSharp\HueLights\bin\Debug\HueLights.dll
5/26/17 12:00:09 PM, Info: Creating Archive C:\Dropbox\Projects\SIMPLSharp\PhillipsHueSIMPLSharp\HueLights\bin\Debug\HueLights.clz...
5/26/17 12:00:10 PM, Info: Saving project information...
5/26/17 12:06:12 PM, Info: Validating assembly C:\Dropbox\Projects\SIMPLSharp\PhillipsHueSIMPLSharp\HueLights\bin\Debug\HueLights.dll...
5/26/17 12:06:12 PM, Info: Verifying assembly C:\Dropbox\Projects\SIMPLSharp\PhillipsHueSIMPLSharp\HueLights\bin\Debug\HueLights.dll
5/26/17 12:06:12 PM, Info: Creating Archive C:\Dropbox\Projects\SIMPLSharp\PhillipsHueSIMPLSharp\HueLights\bin\Debug\HueLights.clz...
5/26/17 12:06:13 PM, Info: Saving project information...
5/26/17 12:13:00 PM, Info: Validating assembly C:\Dropbox\Projects\SIMPLSharp\PhillipsHueSIMPLSharp\HueLights\bin\Debug\HueLights.dll...
5/26/17 12:13:00 PM, Info: Verifying assembly C:\Dropbox\Projects\SIMPLSharp\PhillipsHueSIMPLSharp\HueLights\bin\Debug\HueLights.dll
5/26/17 12:13:00 PM, Info: Creating Archive C:\Dropbox\Projects\SIMPLSharp\PhillipsHueSIMPLSharp\HueLights\bin\Debug\HueLights.clz...
5/26/17 12:13:01 PM, Info: Saving project information...
5/26/17 12:16:56 PM, Info: Validating assembly C:\Dropbox\Projects\SIMPLSharp\PhillipsHueSIMPLSharp\HueLights\bin\Debug\HueLights.dll...
5/26/17 12:16:56 PM, Info: Verifying assembly C:\Dropbox\Projects\SIMPLSharp\PhillipsHueSIMPLSharp\HueLights\bin\Debug\HueLights.dll
5/26/17 12:16:57 PM, Info: Creating Archive C:\Dropbox\Projects\SIMPLSharp\PhillipsHueSIMPLSharp\HueLights\bin\Debug\HueLights.clz...
5/26/17 12:16:57 PM, Info: Saving project information...
5/26/17 12:21:02 PM, Info: Validating assembly C:\Dropbox\Projects\SIMPLSharp\PhillipsHueSIMPLSharp\HueLights\bin\Debug\HueLights.dll...
5/26/17 12:21:02 PM, Info: Verifying assembly C:\Dropbox\Projects\SIMPLSharp\PhillipsHueSIMPLSharp\HueLights\bin\Debug\HueLights.dll
5/26/17 12:21:02 PM, Info: Creating Archive C:\Dropbox\Projects\SIMPLSharp\PhillipsHueSIMPLSharp\HueLights\bin\Debug\HueLights.clz...
5/26/17 12:21:03 PM, Info: Saving project information...
5/26/17 12:24:16 PM, Info: Validating assembly C:\Dropbox\Projects\SIMPLSharp\PhillipsHueSIMPLSharp\HueLights\bin\Debug\HueLights.dll...
5/26/17 12:24:16 PM, Info: Verifying assembly C:\Dropbox\Projects\SIMPLSharp\PhillipsHueSIMPLSharp\HueLights\bin\Debug\HueLights.dll
5/26/17 12:24:16 PM, Info: Creating Archive C:\Dropbox\Projects\SIMPLSharp\PhillipsHueSIMPLSharp\HueLights\bin\Debug\HueLights.clz...
5/26/17 12:24:17 PM, Info: Saving project information...
5/26/17 12:27:43 PM, Info: Validating assembly C:\Dropbox\Projects\SIMPLSharp\PhillipsHueSIMPLSharp\HueLights\bin\Debug\HueLights.dll...
5/26/17 12:27:44 PM, Info: Verifying assembly C:\Dropbox\Projects\SIMPLSharp\PhillipsHueSIMPLSharp\HueLights\bin\Debug\HueLights.dll
5/26/17 12:27:44 PM, Info: Creating Archive C:\Dropbox\Projects\SIMPLSharp\PhillipsHueSIMPLSharp\HueLights\bin\Debug\HueLights.clz...
5/26/17 12:27:44 PM, Info: Saving project information...
5/26/17 1:28:14 PM, Info: Validating assembly C:\Dropbox\Projects\SIMPLSharp\PhillipsHueSIMPLSharp\HueLights\bin\Debug\HueLights.dll...
5/26/17 1:28:14 PM, Info: Verifying assembly C:\Dropbox\Projects\SIMPLSharp\PhillipsHueSIMPLSharp\HueLights\bin\Debug\HueLights.dll
5/26/17 1:28:14 PM, Info: Creating Archive C:\Dropbox\Projects\SIMPLSharp\PhillipsHueSIMPLSharp\HueLights\bin\Debug\HueLights.clz...
5/26/17 1:28:14 PM, Info: Saving project information...
5/26/17 1:32:13 PM, Info: Validating assembly C:\Dropbox\Projects\SIMPLSharp\PhillipsHueSIMPLSharp\HueLights\bin\Debug\HueLights.dll...
5/26/17 1:32:13 PM, Info: Verifying assembly C:\Dropbox\Projects\SIMPLSharp\PhillipsHueSIMPLSharp\HueLights\bin\Debug\HueLights.dll
5/26/17 1:32:13 PM, Info: Creating Archive C:\Dropbox\Projects\SIMPLSharp\PhillipsHueSIMPLSharp\HueLights\bin\Debug\HueLights.clz...
5/26/17 1:32:14 PM, Info: Saving project information...
5/26/17 1:57:15 PM, Info: Terminating SIMPLSharp Services
