8/31/16 7:27:54 AM, Info: Initializing SIMPLSharp Services...
8/31/16 7:27:54 AM, Info: ProjectInfo successfully initialized.
8/31/16 7:48:49 AM, Info: Validating assembly C:\Dropbox\Projects\SIMPL#\HueLights\HueLights\bin\Debug\HueLights.dll...
8/31/16 7:48:49 AM, Info: Verifying assembly C:\Dropbox\Projects\SIMPL#\HueLights\HueLights\bin\Debug\HueLights.dll
8/31/16 7:48:49 AM, Info: Creating Archive C:\Dropbox\Projects\SIMPL#\HueLights\HueLights\bin\Debug\HueLights.clz...
8/31/16 7:48:50 AM, Info: Saving project information...
8/31/16 7:56:50 AM, Info: Validating assembly C:\Dropbox\Projects\SIMPL#\HueLights\HueLights\bin\Debug\HueLights.dll...
8/31/16 7:56:50 AM, Info: Verifying assembly C:\Dropbox\Projects\SIMPL#\HueLights\HueLights\bin\Debug\HueLights.dll
8/31/16 7:56:50 AM, Info: Creating Archive C:\Dropbox\Projects\SIMPL#\HueLights\HueLights\bin\Debug\HueLights.clz...
8/31/16 7:56:50 AM, Info: Saving project information...
8/31/16 8:02:11 AM, Info: Saving project information...
8/31/16 8:02:11 AM, Info: Saving project information...
8/31/16 8:02:11 AM, Info: Saving project information...
8/31/16 8:07:11 AM, Info: Saving project information...
8/31/16 8:07:11 AM, Info: Saving project information...
8/31/16 8:07:11 AM, Info: Saving project information...
8/31/16 8:10:16 AM, Info: Saving project information...
8/31/16 8:10:16 AM, Info: Saving project information...
8/31/16 8:10:16 AM, Info: Saving project information...
8/31/16 8:10:16 AM, Info: Saving project information...
8/31/16 8:10:16 AM, Info: Saving project information...
8/31/16 8:10:16 AM, Info: Saving project information...
8/31/16 8:17:11 AM, Info: Saving project information...
8/31/16 8:17:11 AM, Info: Saving project information...
8/31/16 8:17:11 AM, Info: Saving project information...
8/31/16 8:22:11 AM, Info: Saving project information...
8/31/16 8:22:11 AM, Info: Saving project information...
8/31/16 8:22:11 AM, Info: Saving project information...
8/31/16 8:27:11 AM, Info: Saving project information...
8/31/16 8:27:11 AM, Info: Saving project information...
8/31/16 8:27:11 AM, Info: Saving project information...
8/31/16 8:32:11 AM, Info: Saving project information...
8/31/16 8:32:11 AM, Info: Saving project information...
8/31/16 8:32:11 AM, Info: Saving project information...
8/31/16 8:37:11 AM, Info: Saving project information...
8/31/16 8:37:11 AM, Info: Saving project information...
8/31/16 8:37:11 AM, Info: Saving project information...
8/31/16 8:42:11 AM, Info: Saving project information...
8/31/16 8:42:11 AM, Info: Saving project information...
8/31/16 8:42:11 AM, Info: Saving project information...
8/31/16 8:47:11 AM, Info: Saving project information...
8/31/16 8:47:11 AM, Info: Saving project information...
8/31/16 8:47:11 AM, Info: Saving project information...
8/31/16 8:52:11 AM, Info: Saving project information...
8/31/16 8:52:11 AM, Info: Saving project information...
8/31/16 8:52:11 AM, Info: Saving project information...
8/31/16 8:57:11 AM, Info: Saving project information...
8/31/16 8:57:11 AM, Info: Saving project information...
8/31/16 8:57:11 AM, Info: Saving project information...
8/31/16 9:02:11 AM, Info: Saving project information...
8/31/16 9:02:11 AM, Info: Saving project information...
8/31/16 9:02:11 AM, Info: Saving project information...
8/31/16 9:07:11 AM, Info: Saving project information...
8/31/16 9:07:11 AM, Info: Saving project information...
8/31/16 9:07:11 AM, Info: Saving project information...
8/31/16 9:12:11 AM, Info: Saving project information...
8/31/16 9:12:11 AM, Info: Saving project information...
8/31/16 9:12:11 AM, Info: Saving project information...
8/31/16 9:17:11 AM, Info: Saving project information...
8/31/16 9:17:11 AM, Info: Saving project information...
8/31/16 9:17:11 AM, Info: Saving project information...
8/31/16 9:22:11 AM, Info: Saving project information...
8/31/16 9:22:11 AM, Info: Saving project information...
8/31/16 9:22:11 AM, Info: Saving project information...
8/31/16 9:27:11 AM, Info: Saving project information...
8/31/16 9:27:11 AM, Info: Saving project information...
8/31/16 9:27:11 AM, Info: Saving project information...
8/31/16 9:32:11 AM, Info: Saving project information...
8/31/16 9:32:11 AM, Info: Saving project information...
8/31/16 9:32:11 AM, Info: Saving project information...
8/31/16 9:37:11 AM, Info: Saving project information...
8/31/16 9:37:11 AM, Info: Saving project information...
8/31/16 9:37:11 AM, Info: Saving project information...
8/31/16 9:42:11 AM, Info: Saving project information...
8/31/16 9:42:11 AM, Info: Saving project information...
8/31/16 9:42:11 AM, Info: Saving project information...
8/31/16 9:46:11 AM, Info: Saving project information...
8/31/16 9:46:11 AM, Info: Saving project information...
8/31/16 9:46:11 AM, Info: Saving project information...
8/31/16 9:46:11 AM, Info: Saving project information...
8/31/16 9:46:11 AM, Info: Saving project information...
8/31/16 9:46:11 AM, Info: Saving project information...
8/31/16 9:46:11 AM, Info: Validating assembly C:\Dropbox\Projects\SIMPL#\HueLights\HueLights\bin\Debug\HueLights.dll...
8/31/16 9:46:11 AM, Info: Verifying assembly C:\Dropbox\Projects\SIMPL#\HueLights\HueLights\bin\Debug\HueLights.dll
8/31/16 9:46:11 AM, Info: Creating Archive C:\Dropbox\Projects\SIMPL#\HueLights\HueLights\bin\Debug\HueLights.clz...
8/31/16 9:46:12 AM, Info: Saving project information...
8/31/16 9:57:21 AM, Info: Validating assembly C:\Dropbox\Projects\SIMPL#\HueLights\HueLights\bin\Debug\HueLights.dll...
8/31/16 9:57:21 AM, Info: Verifying assembly C:\Dropbox\Projects\SIMPL#\HueLights\HueLights\bin\Debug\HueLights.dll
8/31/16 9:57:21 AM, Info: Creating Archive C:\Dropbox\Projects\SIMPL#\HueLights\HueLights\bin\Debug\HueLights.clz...
8/31/16 9:57:21 AM, Info: Saving project information...
8/31/16 10:06:36 AM, Info: Saving project information...
8/31/16 10:06:36 AM, Info: Saving project information...
8/31/16 10:06:36 AM, Info: Saving project information...
8/31/16 10:06:36 AM, Info: Saving project information...
8/31/16 10:06:36 AM, Info: Saving project information...
8/31/16 10:06:36 AM, Info: Saving project information...
8/31/16 10:06:36 AM, Info: Validating assembly C:\Dropbox\Projects\SIMPL#\HueLights\HueLights\bin\Debug\HueLights.dll...
8/31/16 10:06:36 AM, Info: Verifying assembly C:\Dropbox\Projects\SIMPL#\HueLights\HueLights\bin\Debug\HueLights.dll
8/31/16 10:06:37 AM, Info: Creating Archive C:\Dropbox\Projects\SIMPL#\HueLights\HueLights\bin\Debug\HueLights.clz...
8/31/16 10:06:37 AM, Info: Saving project information...
8/31/16 10:13:23 AM, Info: Saving project information...
8/31/16 10:13:23 AM, Info: Saving project information...
8/31/16 10:13:23 AM, Info: Saving project information...
8/31/16 10:13:23 AM, Info: Saving project information...
8/31/16 10:13:23 AM, Info: Saving project information...
8/31/16 10:13:23 AM, Info: Saving project information...
8/31/16 10:13:24 AM, Info: Validating assembly C:\Dropbox\Projects\SIMPL#\HueLights\HueLights\bin\Debug\HueLights.dll...
8/31/16 10:13:24 AM, Info: Verifying assembly C:\Dropbox\Projects\SIMPL#\HueLights\HueLights\bin\Debug\HueLights.dll
8/31/16 10:13:24 AM, Info: Creating Archive C:\Dropbox\Projects\SIMPL#\HueLights\HueLights\bin\Debug\HueLights.clz...
8/31/16 10:13:24 AM, Info: Saving project information...
8/31/16 10:26:01 AM, Info: Validating assembly C:\Dropbox\Projects\SIMPL#\HueLights\HueLights\bin\Debug\HueLights.dll...
8/31/16 10:26:01 AM, Info: Verifying assembly C:\Dropbox\Projects\SIMPL#\HueLights\HueLights\bin\Debug\HueLights.dll
8/31/16 10:26:01 AM, Info: Creating Archive C:\Dropbox\Projects\SIMPL#\HueLights\HueLights\bin\Debug\HueLights.clz...
8/31/16 10:26:02 AM, Info: Saving project information...
8/31/16 10:31:52 AM, Info: Validating assembly C:\Dropbox\Projects\SIMPL#\HueLights\HueLights\bin\Debug\HueLights.dll...
8/31/16 10:31:53 AM, Info: Verifying assembly C:\Dropbox\Projects\SIMPL#\HueLights\HueLights\bin\Debug\HueLights.dll
8/31/16 10:31:53 AM, Info: Creating Archive C:\Dropbox\Projects\SIMPL#\HueLights\HueLights\bin\Debug\HueLights.clz...
8/31/16 10:31:53 AM, Info: Saving project information...
8/31/16 10:34:00 AM, Info: Validating assembly C:\Dropbox\Projects\SIMPL#\HueLights\HueLights\bin\Debug\HueLights.dll...
8/31/16 10:34:00 AM, Info: Verifying assembly C:\Dropbox\Projects\SIMPL#\HueLights\HueLights\bin\Debug\HueLights.dll
8/31/16 10:34:00 AM, Info: Creating Archive C:\Dropbox\Projects\SIMPL#\HueLights\HueLights\bin\Debug\HueLights.clz...
8/31/16 10:34:00 AM, Info: Saving project information...
8/31/16 10:36:36 AM, Info: Validating assembly C:\Dropbox\Projects\SIMPL#\HueLights\HueLights\bin\Debug\HueLights.dll...
8/31/16 10:36:36 AM, Info: Verifying assembly C:\Dropbox\Projects\SIMPL#\HueLights\HueLights\bin\Debug\HueLights.dll
8/31/16 10:36:36 AM, Info: Creating Archive C:\Dropbox\Projects\SIMPL#\HueLights\HueLights\bin\Debug\HueLights.clz...
8/31/16 10:36:36 AM, Info: Saving project information...
8/31/16 10:38:14 AM, Info: Validating assembly C:\Dropbox\Projects\SIMPL#\HueLights\HueLights\bin\Debug\HueLights.dll...
8/31/16 10:38:15 AM, Info: Verifying assembly C:\Dropbox\Projects\SIMPL#\HueLights\HueLights\bin\Debug\HueLights.dll
8/31/16 10:38:15 AM, Info: Creating Archive C:\Dropbox\Projects\SIMPL#\HueLights\HueLights\bin\Debug\HueLights.clz...
8/31/16 10:38:15 AM, Info: Saving project information...
8/31/16 10:39:55 AM, Info: Validating assembly C:\Dropbox\Projects\SIMPL#\HueLights\HueLights\bin\Debug\HueLights.dll...
8/31/16 10:39:55 AM, Info: Verifying assembly C:\Dropbox\Projects\SIMPL#\HueLights\HueLights\bin\Debug\HueLights.dll
8/31/16 10:39:55 AM, Info: Creating Archive C:\Dropbox\Projects\SIMPL#\HueLights\HueLights\bin\Debug\HueLights.clz...
8/31/16 10:39:55 AM, Info: Saving project information...
8/31/16 10:41:13 AM, Info: Validating assembly C:\Dropbox\Projects\SIMPL#\HueLights\HueLights\bin\Debug\HueLights.dll...
8/31/16 10:41:13 AM, Info: Verifying assembly C:\Dropbox\Projects\SIMPL#\HueLights\HueLights\bin\Debug\HueLights.dll
8/31/16 10:41:13 AM, Info: Creating Archive C:\Dropbox\Projects\SIMPL#\HueLights\HueLights\bin\Debug\HueLights.clz...
8/31/16 10:41:13 AM, Info: Saving project information...
8/31/16 10:52:44 AM, Info: Validating assembly C:\Dropbox\Projects\SIMPL#\HueLights\HueLights\bin\Debug\HueLights.dll...
8/31/16 10:52:44 AM, Info: Verifying assembly C:\Dropbox\Projects\SIMPL#\HueLights\HueLights\bin\Debug\HueLights.dll
8/31/16 10:52:44 AM, Info: Creating Archive C:\Dropbox\Projects\SIMPL#\HueLights\HueLights\bin\Debug\HueLights.clz...
8/31/16 10:52:45 AM, Info: Saving project information...
8/31/16 10:56:28 AM, Info: Validating assembly C:\Dropbox\Projects\SIMPL#\HueLights\HueLights\bin\Debug\HueLights.dll...
8/31/16 10:56:28 AM, Info: Verifying assembly C:\Dropbox\Projects\SIMPL#\HueLights\HueLights\bin\Debug\HueLights.dll
8/31/16 10:56:28 AM, Info: Creating Archive C:\Dropbox\Projects\SIMPL#\HueLights\HueLights\bin\Debug\HueLights.clz...
8/31/16 10:56:29 AM, Info: Saving project information...
8/31/16 11:12:11 AM, Info: Saving project information...
8/31/16 11:12:11 AM, Info: Saving project information...
8/31/16 11:12:11 AM, Info: Saving project information...
8/31/16 11:17:11 AM, Info: Saving project information...
8/31/16 11:17:11 AM, Info: Saving project information...
8/31/16 11:17:11 AM, Info: Saving project information...
8/31/16 11:22:11 AM, Info: Saving project information...
8/31/16 11:22:11 AM, Info: Saving project information...
8/31/16 11:22:11 AM, Info: Saving project information...
8/31/16 11:27:11 AM, Info: Saving project information...
8/31/16 11:27:11 AM, Info: Saving project information...
8/31/16 11:27:11 AM, Info: Saving project information...
8/31/16 11:32:11 AM, Info: Saving project information...
8/31/16 11:32:11 AM, Info: Saving project information...
8/31/16 11:32:11 AM, Info: Saving project information...
8/31/16 11:37:11 AM, Info: Saving project information...
8/31/16 11:37:11 AM, Info: Saving project information...
8/31/16 11:37:11 AM, Info: Saving project information...
8/31/16 11:42:11 AM, Info: Saving project information...
8/31/16 11:42:11 AM, Info: Saving project information...
8/31/16 11:42:11 AM, Info: Saving project information...
8/31/16 11:47:11 AM, Info: Saving project information...
8/31/16 11:47:11 AM, Info: Saving project information...
8/31/16 11:47:11 AM, Info: Saving project information...
8/31/16 11:52:11 AM, Info: Saving project information...
8/31/16 11:52:11 AM, Info: Saving project information...
8/31/16 11:52:11 AM, Info: Saving project information...
8/31/16 11:57:11 AM, Info: Saving project information...
8/31/16 11:57:11 AM, Info: Saving project information...
8/31/16 11:57:11 AM, Info: Saving project information...
8/31/16 12:02:11 PM, Info: Saving project information...
8/31/16 12:02:11 PM, Info: Saving project information...
8/31/16 12:02:11 PM, Info: Saving project information...
8/31/16 12:07:11 PM, Info: Saving project information...
8/31/16 12:07:11 PM, Info: Saving project information...
8/31/16 12:07:11 PM, Info: Saving project information...
8/31/16 12:12:11 PM, Info: Saving project information...
8/31/16 12:12:11 PM, Info: Saving project information...
8/31/16 12:12:11 PM, Info: Saving project information...
8/31/16 12:17:11 PM, Info: Saving project information...
8/31/16 12:17:11 PM, Info: Saving project information...
8/31/16 12:17:11 PM, Info: Saving project information...
8/31/16 12:22:12 PM, Info: Saving project information...
8/31/16 12:22:12 PM, Info: Saving project information...
8/31/16 12:22:12 PM, Info: Saving project information...
8/31/16 12:27:12 PM, Info: Saving project information...
8/31/16 12:27:12 PM, Info: Saving project information...
8/31/16 12:27:12 PM, Info: Saving project information...
8/31/16 12:32:12 PM, Info: Saving project information...
8/31/16 12:32:12 PM, Info: Saving project information...
8/31/16 12:32:12 PM, Info: Saving project information...
8/31/16 12:37:12 PM, Info: Saving project information...
8/31/16 12:37:12 PM, Info: Saving project information...
8/31/16 12:37:12 PM, Info: Saving project information...
8/31/16 12:42:12 PM, Info: Saving project information...
8/31/16 12:42:12 PM, Info: Saving project information...
8/31/16 12:42:12 PM, Info: Saving project information...
8/31/16 12:47:12 PM, Info: Saving project information...
8/31/16 12:47:12 PM, Info: Saving project information...
8/31/16 12:47:12 PM, Info: Saving project information...
8/31/16 12:52:12 PM, Info: Saving project information...
8/31/16 12:52:12 PM, Info: Saving project information...
8/31/16 12:52:12 PM, Info: Saving project information...
8/31/16 12:57:12 PM, Info: Saving project information...
8/31/16 12:57:12 PM, Info: Saving project information...
8/31/16 12:57:12 PM, Info: Saving project information...
8/31/16 1:02:12 PM, Info: Saving project information...
8/31/16 1:02:12 PM, Info: Saving project information...
8/31/16 1:02:12 PM, Info: Saving project information...
8/31/16 1:07:12 PM, Info: Saving project information...
8/31/16 1:07:12 PM, Info: Saving project information...
8/31/16 1:07:12 PM, Info: Saving project information...
8/31/16 1:12:12 PM, Info: Saving project information...
8/31/16 1:12:12 PM, Info: Saving project information...
8/31/16 1:12:12 PM, Info: Saving project information...
8/31/16 1:12:13 PM, Info: Saving project information...
8/31/16 1:12:13 PM, Info: Saving project information...
8/31/16 1:12:13 PM, Info: Saving project information...
8/31/16 1:12:13 PM, Info: Saving project information...
8/31/16 1:12:13 PM, Info: Saving project information...
8/31/16 1:12:13 PM, Info: Saving project information...
8/31/16 1:12:13 PM, Info: Validating assembly C:\Dropbox\Projects\SIMPL#\HueLights\HueLights\bin\Debug\HueLights.dll...
8/31/16 1:12:13 PM, Info: Verifying assembly C:\Dropbox\Projects\SIMPL#\HueLights\HueLights\bin\Debug\HueLights.dll
8/31/16 1:12:13 PM, Info: Creating Archive C:\Dropbox\Projects\SIMPL#\HueLights\HueLights\bin\Debug\HueLights.clz...
8/31/16 1:12:14 PM, Info: Saving project information...
8/31/16 1:23:36 PM, Info: Validating assembly C:\Dropbox\Projects\SIMPL#\HueLights\HueLights\bin\Debug\HueLights.dll...
8/31/16 1:23:37 PM, Info: Verifying assembly C:\Dropbox\Projects\SIMPL#\HueLights\HueLights\bin\Debug\HueLights.dll
8/31/16 1:23:37 PM, Info: Creating Archive C:\Dropbox\Projects\SIMPL#\HueLights\HueLights\bin\Debug\HueLights.clz...
8/31/16 1:23:37 PM, Info: Saving project information...
8/31/16 1:26:33 PM, Info: Validating assembly C:\Dropbox\Projects\SIMPL#\HueLights\HueLights\bin\Debug\HueLights.dll...
8/31/16 1:26:33 PM, Info: Verifying assembly C:\Dropbox\Projects\SIMPL#\HueLights\HueLights\bin\Debug\HueLights.dll
8/31/16 1:26:34 PM, Info: Creating Archive C:\Dropbox\Projects\SIMPL#\HueLights\HueLights\bin\Debug\HueLights.clz...
8/31/16 1:26:34 PM, Info: Saving project information...
8/31/16 1:45:14 PM, Info: Validating assembly C:\Dropbox\Projects\SIMPL#\HueLights\HueLights\bin\Debug\HueLights.dll...
8/31/16 1:45:14 PM, Info: Verifying assembly C:\Dropbox\Projects\SIMPL#\HueLights\HueLights\bin\Debug\HueLights.dll
8/31/16 1:45:14 PM, Info: Creating Archive C:\Dropbox\Projects\SIMPL#\HueLights\HueLights\bin\Debug\HueLights.clz...
8/31/16 1:45:14 PM, Info: Saving project information...
8/31/16 1:46:47 PM, Info: Validating assembly C:\Dropbox\Projects\SIMPL#\HueLights\HueLights\bin\Debug\HueLights.dll...
8/31/16 1:46:47 PM, Info: Verifying assembly C:\Dropbox\Projects\SIMPL#\HueLights\HueLights\bin\Debug\HueLights.dll
8/31/16 1:46:47 PM, Info: Creating Archive C:\Dropbox\Projects\SIMPL#\HueLights\HueLights\bin\Debug\HueLights.clz...
8/31/16 1:46:47 PM, Info: Saving project information...
8/31/16 1:55:19 PM, Info: Validating assembly C:\Dropbox\Projects\SIMPL#\HueLights\HueLights\bin\Debug\HueLights.dll...
8/31/16 1:55:19 PM, Info: Verifying assembly C:\Dropbox\Projects\SIMPL#\HueLights\HueLights\bin\Debug\HueLights.dll
8/31/16 1:55:19 PM, Info: Creating Archive C:\Dropbox\Projects\SIMPL#\HueLights\HueLights\bin\Debug\HueLights.clz...
8/31/16 1:55:20 PM, Info: Saving project information...
8/31/16 2:41:12 PM, Info: Validating assembly C:\Dropbox\Projects\SIMPL#\HueLights\HueLights\bin\Debug\HueLights.dll...
8/31/16 2:41:13 PM, Info: Verifying assembly C:\Dropbox\Projects\SIMPL#\HueLights\HueLights\bin\Debug\HueLights.dll
8/31/16 2:41:13 PM, Info: Creating Archive C:\Dropbox\Projects\SIMPL#\HueLights\HueLights\bin\Debug\HueLights.clz...
8/31/16 2:41:13 PM, Info: Saving project information...
8/31/16 2:48:47 PM, Info: Validating assembly C:\Dropbox\Projects\SIMPL#\HueLights\HueLights\bin\Debug\HueLights.dll...
8/31/16 2:48:47 PM, Info: Verifying assembly C:\Dropbox\Projects\SIMPL#\HueLights\HueLights\bin\Debug\HueLights.dll
8/31/16 2:48:47 PM, Info: Creating Archive C:\Dropbox\Projects\SIMPL#\HueLights\HueLights\bin\Debug\HueLights.clz...
8/31/16 2:48:48 PM, Info: Saving project information...
8/31/16 2:50:12 PM, Info: Validating assembly C:\Dropbox\Projects\SIMPL#\HueLights\HueLights\bin\Debug\HueLights.dll...
8/31/16 2:50:12 PM, Info: Verifying assembly C:\Dropbox\Projects\SIMPL#\HueLights\HueLights\bin\Debug\HueLights.dll
8/31/16 2:50:12 PM, Info: Creating Archive C:\Dropbox\Projects\SIMPL#\HueLights\HueLights\bin\Debug\HueLights.clz...
8/31/16 2:50:13 PM, Info: Saving project information...
8/31/16 3:04:33 PM, Info: Validating assembly C:\Dropbox\Projects\SIMPL#\HueLights\HueLights\bin\Debug\HueLights.dll...
8/31/16 3:04:34 PM, Info: Verifying assembly C:\Dropbox\Projects\SIMPL#\HueLights\HueLights\bin\Debug\HueLights.dll
8/31/16 3:04:34 PM, Info: Creating Archive C:\Dropbox\Projects\SIMPL#\HueLights\HueLights\bin\Debug\HueLights.clz...
8/31/16 3:04:34 PM, Info: Saving project information...
8/31/16 3:08:29 PM, Info: Validating assembly C:\Dropbox\Projects\SIMPL#\HueLights\HueLights\bin\Debug\HueLights.dll...
8/31/16 3:08:29 PM, Info: Verifying assembly C:\Dropbox\Projects\SIMPL#\HueLights\HueLights\bin\Debug\HueLights.dll
8/31/16 3:08:29 PM, Info: Creating Archive C:\Dropbox\Projects\SIMPL#\HueLights\HueLights\bin\Debug\HueLights.clz...
8/31/16 3:08:29 PM, Info: Saving project information...
8/31/16 3:22:11 PM, Info: Saving project information...
8/31/16 3:22:11 PM, Info: Saving project information...
8/31/16 3:22:11 PM, Info: Saving project information...
8/31/16 3:27:11 PM, Info: Saving project information...
8/31/16 3:27:11 PM, Info: Saving project information...
8/31/16 3:27:11 PM, Info: Saving project information...
8/31/16 3:32:11 PM, Info: Saving project information...
8/31/16 3:32:11 PM, Info: Saving project information...
8/31/16 3:32:11 PM, Info: Saving project information...
8/31/16 3:34:45 PM, Info: Saving project information...
8/31/16 3:34:45 PM, Info: Saving project information...
8/31/16 3:34:45 PM, Info: Saving project information...
8/31/16 3:34:45 PM, Info: Saving project information...
8/31/16 3:34:45 PM, Info: Saving project information...
8/31/16 3:34:45 PM, Info: Saving project information...
8/31/16 3:34:46 PM, Info: Validating assembly C:\Dropbox\Projects\SIMPL#\HueLights\HueLights\bin\Debug\HueLights.dll...
8/31/16 3:34:46 PM, Info: Verifying assembly C:\Dropbox\Projects\SIMPL#\HueLights\HueLights\bin\Debug\HueLights.dll
8/31/16 3:34:46 PM, Info: Creating Archive C:\Dropbox\Projects\SIMPL#\HueLights\HueLights\bin\Debug\HueLights.clz...
8/31/16 3:34:46 PM, Info: Saving project information...
8/31/16 3:55:37 PM, Info: Validating assembly C:\Dropbox\Projects\SIMPL#\HueLights\HueLights\bin\Debug\HueLights.dll...
8/31/16 3:55:38 PM, Info: Verifying assembly C:\Dropbox\Projects\SIMPL#\HueLights\HueLights\bin\Debug\HueLights.dll
8/31/16 3:55:38 PM, Info: Creating Archive C:\Dropbox\Projects\SIMPL#\HueLights\HueLights\bin\Debug\HueLights.clz...
8/31/16 3:55:38 PM, Info: Saving project information...
8/31/16 3:57:50 PM, Info: Validating assembly C:\Dropbox\Projects\SIMPL#\HueLights\HueLights\bin\Debug\HueLights.dll...
8/31/16 3:57:50 PM, Info: Verifying assembly C:\Dropbox\Projects\SIMPL#\HueLights\HueLights\bin\Debug\HueLights.dll
8/31/16 3:57:51 PM, Info: Creating Archive C:\Dropbox\Projects\SIMPL#\HueLights\HueLights\bin\Debug\HueLights.clz...
8/31/16 3:57:51 PM, Info: Saving project information...
8/31/16 4:00:32 PM, Info: Validating assembly C:\Dropbox\Projects\SIMPL#\HueLights\HueLights\bin\Debug\HueLights.dll...
8/31/16 4:00:32 PM, Info: Verifying assembly C:\Dropbox\Projects\SIMPL#\HueLights\HueLights\bin\Debug\HueLights.dll
8/31/16 4:00:32 PM, Info: Creating Archive C:\Dropbox\Projects\SIMPL#\HueLights\HueLights\bin\Debug\HueLights.clz...
8/31/16 4:00:33 PM, Info: Saving project information...
8/31/16 4:32:11 PM, Info: Saving project information...
8/31/16 4:32:11 PM, Info: Saving project information...
8/31/16 4:32:11 PM, Info: Saving project information...
8/31/16 4:37:11 PM, Info: Saving project information...
8/31/16 4:37:11 PM, Info: Saving project information...
8/31/16 4:37:11 PM, Info: Saving project information...
8/31/16 4:42:11 PM, Info: Saving project information...
8/31/16 4:42:11 PM, Info: Saving project information...
8/31/16 4:42:11 PM, Info: Saving project information...
8/31/16 4:47:11 PM, Info: Saving project information...
8/31/16 4:47:11 PM, Info: Saving project information...
8/31/16 4:47:11 PM, Info: Saving project information...
8/31/16 4:52:11 PM, Info: Saving project information...
8/31/16 4:52:11 PM, Info: Saving project information...
8/31/16 4:52:11 PM, Info: Saving project information...
8/31/16 4:57:11 PM, Info: Saving project information...
8/31/16 4:57:11 PM, Info: Saving project information...
8/31/16 4:57:11 PM, Info: Saving project information...
8/31/16 5:02:11 PM, Info: Saving project information...
8/31/16 5:02:11 PM, Info: Saving project information...
8/31/16 5:02:11 PM, Info: Saving project information...
8/31/16 5:07:11 PM, Info: Saving project information...
8/31/16 5:07:11 PM, Info: Saving project information...
8/31/16 5:07:11 PM, Info: Saving project information...
8/31/16 5:11:25 PM, Info: Saving project information...
8/31/16 5:11:25 PM, Info: Saving project information...
8/31/16 5:11:25 PM, Info: Saving project information...
8/31/16 5:11:25 PM, Info: Saving project information...
8/31/16 5:11:25 PM, Info: Saving project information...
8/31/16 5:11:25 PM, Info: Saving project information...
8/31/16 5:11:25 PM, Info: Validating assembly C:\Dropbox\Projects\SIMPL#\HueLights\HueLights\bin\Debug\HueLights.dll...
8/31/16 5:11:26 PM, Info: Verifying assembly C:\Dropbox\Projects\SIMPL#\HueLights\HueLights\bin\Debug\HueLights.dll
8/31/16 5:11:26 PM, Info: Creating Archive C:\Dropbox\Projects\SIMPL#\HueLights\HueLights\bin\Debug\HueLights.clz...
8/31/16 5:11:26 PM, Info: Saving project information...
8/31/16 5:16:33 PM, Info: Validating assembly C:\Dropbox\Projects\SIMPL#\HueLights\HueLights\bin\Debug\HueLights.dll...
8/31/16 5:16:33 PM, Info: Verifying assembly C:\Dropbox\Projects\SIMPL#\HueLights\HueLights\bin\Debug\HueLights.dll
8/31/16 5:16:33 PM, Info: Creating Archive C:\Dropbox\Projects\SIMPL#\HueLights\HueLights\bin\Debug\HueLights.clz...
8/31/16 5:16:33 PM, Info: Saving project information...
8/31/16 5:20:42 PM, Info: Terminating SIMPLSharp Services
