8/8/17 6:48:53 AM, Info: Initializing SIMPLSharp Services...
8/8/17 6:48:54 AM, Info: ProjectInfo successfully initialized.
8/8/17 6:52:38 AM, Info: Saving project information...
8/8/17 6:52:38 AM, Info: Saving project information...
8/8/17 6:52:38 AM, Info: Saving project information...
8/8/17 6:52:38 AM, Info: Saving project information...
8/8/17 6:52:38 AM, Info: Saving project information...
8/8/17 6:52:38 AM, Info: Saving project information...
8/8/17 6:52:40 AM, Info: Validating assembly C:\Dropbox\Projects\SIMPLSharp\PhillipsHueSIMPLSharp\HueLights\bin\Debug\HueLights.dll...
8/8/17 6:52:41 AM, Info: Verifying assembly C:\Dropbox\Projects\SIMPLSharp\PhillipsHueSIMPLSharp\HueLights\bin\Debug\HueLights.dll
8/8/17 6:52:41 AM, Info: Creating Archive C:\Dropbox\Projects\SIMPLSharp\PhillipsHueSIMPLSharp\HueLights\bin\Debug\HueLights.clz...
8/8/17 6:52:41 AM, Info: Saving project information...
8/8/17 6:58:29 AM, Info: Validating assembly C:\Dropbox\Projects\SIMPLSharp\PhillipsHueSIMPLSharp\HueLights\bin\Debug\HueLights.dll...
8/8/17 6:58:29 AM, Info: Verifying assembly C:\Dropbox\Projects\SIMPLSharp\PhillipsHueSIMPLSharp\HueLights\bin\Debug\HueLights.dll
8/8/17 6:58:29 AM, Info: Creating Archive C:\Dropbox\Projects\SIMPLSharp\PhillipsHueSIMPLSharp\HueLights\bin\Debug\HueLights.clz...
8/8/17 6:58:29 AM, Info: Saving project information...
8/8/17 7:09:43 AM, Info: Validating assembly C:\Dropbox\Projects\SIMPLSharp\PhillipsHueSIMPLSharp\HueLights\bin\Debug\HueLights.dll...
8/8/17 7:09:44 AM, Info: Verifying assembly C:\Dropbox\Projects\SIMPLSharp\PhillipsHueSIMPLSharp\HueLights\bin\Debug\HueLights.dll
8/8/17 7:09:44 AM, Info: Creating Archive C:\Dropbox\Projects\SIMPLSharp\PhillipsHueSIMPLSharp\HueLights\bin\Debug\HueLights.clz...
8/8/17 7:09:44 AM, Info: Saving project information...
8/8/17 7:10:00 AM, Info: Validating assembly C:\Dropbox\Projects\SIMPLSharp\PhillipsHueSIMPLSharp\HueLights\bin\Debug\HueLights.dll...
8/8/17 7:10:00 AM, Info: Verifying assembly C:\Dropbox\Projects\SIMPLSharp\PhillipsHueSIMPLSharp\HueLights\bin\Debug\HueLights.dll
8/8/17 7:10:00 AM, Info: Creating Archive C:\Dropbox\Projects\SIMPLSharp\PhillipsHueSIMPLSharp\HueLights\bin\Debug\HueLights.clz...
8/8/17 7:10:01 AM, Info: Saving project information...
8/8/17 7:17:00 AM, Info: Validating assembly C:\Dropbox\Projects\SIMPLSharp\PhillipsHueSIMPLSharp\HueLights\bin\Debug\HueLights.dll...
8/8/17 7:17:00 AM, Info: Verifying assembly C:\Dropbox\Projects\SIMPLSharp\PhillipsHueSIMPLSharp\HueLights\bin\Debug\HueLights.dll
8/8/17 7:17:00 AM, Info: Creating Archive C:\Dropbox\Projects\SIMPLSharp\PhillipsHueSIMPLSharp\HueLights\bin\Debug\HueLights.clz...
8/8/17 7:17:01 AM, Info: Saving project information...
8/8/17 7:20:20 AM, Info: Validating assembly C:\Dropbox\Projects\SIMPLSharp\PhillipsHueSIMPLSharp\HueLights\bin\Debug\HueLights.dll...
8/8/17 7:20:20 AM, Info: Verifying assembly C:\Dropbox\Projects\SIMPLSharp\PhillipsHueSIMPLSharp\HueLights\bin\Debug\HueLights.dll
8/8/17 7:20:20 AM, Info: Creating Archive C:\Dropbox\Projects\SIMPLSharp\PhillipsHueSIMPLSharp\HueLights\bin\Debug\HueLights.clz...
8/8/17 7:20:21 AM, Info: Saving project information...
8/8/17 7:25:00 AM, Info: Validating assembly C:\Dropbox\Projects\SIMPLSharp\PhillipsHueSIMPLSharp\HueLights\bin\Debug\HueLights.dll...
8/8/17 7:25:00 AM, Info: Verifying assembly C:\Dropbox\Projects\SIMPLSharp\PhillipsHueSIMPLSharp\HueLights\bin\Debug\HueLights.dll
8/8/17 7:25:00 AM, Info: Creating Archive C:\Dropbox\Projects\SIMPLSharp\PhillipsHueSIMPLSharp\HueLights\bin\Debug\HueLights.clz...
8/8/17 7:25:01 AM, Info: Saving project information...
8/8/17 7:35:43 AM, Info: Validating assembly C:\Dropbox\Projects\SIMPLSharp\PhillipsHueSIMPLSharp\HueLights\bin\Debug\HueLights.dll...
8/8/17 7:35:43 AM, Info: Verifying assembly C:\Dropbox\Projects\SIMPLSharp\PhillipsHueSIMPLSharp\HueLights\bin\Debug\HueLights.dll
8/8/17 7:35:43 AM, Info: Creating Archive C:\Dropbox\Projects\SIMPLSharp\PhillipsHueSIMPLSharp\HueLights\bin\Debug\HueLights.clz...
8/8/17 7:35:44 AM, Info: Saving project information...
8/8/17 7:53:05 AM, Info: Validating assembly C:\Dropbox\Projects\SIMPLSharp\PhillipsHueSIMPLSharp\HueLights\bin\Debug\HueLights.dll...
8/8/17 7:53:05 AM, Info: Verifying assembly C:\Dropbox\Projects\SIMPLSharp\PhillipsHueSIMPLSharp\HueLights\bin\Debug\HueLights.dll
8/8/17 7:53:05 AM, Info: Creating Archive C:\Dropbox\Projects\SIMPLSharp\PhillipsHueSIMPLSharp\HueLights\bin\Debug\HueLights.clz...
8/8/17 7:53:06 AM, Info: Saving project information...
8/8/17 8:00:37 AM, Info: Validating assembly C:\Dropbox\Projects\SIMPLSharp\PhillipsHueSIMPLSharp\HueLights\bin\Debug\HueLights.dll...
8/8/17 8:00:37 AM, Info: Verifying assembly C:\Dropbox\Projects\SIMPLSharp\PhillipsHueSIMPLSharp\HueLights\bin\Debug\HueLights.dll
8/8/17 8:00:37 AM, Info: Creating Archive C:\Dropbox\Projects\SIMPLSharp\PhillipsHueSIMPLSharp\HueLights\bin\Debug\HueLights.clz...
8/8/17 8:00:38 AM, Info: Saving project information...
8/8/17 8:22:53 AM, Info: Validating assembly C:\Dropbox\Projects\SIMPLSharp\PhillipsHueSIMPLSharp\HueLights\bin\Debug\HueLights.dll...
8/8/17 8:22:53 AM, Info: Verifying assembly C:\Dropbox\Projects\SIMPLSharp\PhillipsHueSIMPLSharp\HueLights\bin\Debug\HueLights.dll
8/8/17 8:22:53 AM, Info: Creating Archive C:\Dropbox\Projects\SIMPLSharp\PhillipsHueSIMPLSharp\HueLights\bin\Debug\HueLights.clz...
8/8/17 8:22:54 AM, Info: Saving project information...
8/8/17 4:23:02 PM, Info: Terminating SIMPLSharp Services
