5/1/17 7:54:06 AM, Info: Initializing SIMPLSharp Services...
5/1/17 7:54:06 AM, Info: ProjectInfo successfully initialized.
5/1/17 7:58:59 AM, Info: Saving project information...
5/1/17 7:58:59 AM, Info: Saving project information...
5/1/17 7:58:59 AM, Info: Saving project information...
5/1/17 8:03:57 AM, Info: Saving project information...
5/1/17 8:03:57 AM, Info: Saving project information...
5/1/17 8:03:57 AM, Info: Saving project information...
5/1/17 8:08:54 AM, Info: Saving project information...
5/1/17 8:08:54 AM, Info: Saving project information...
5/1/17 8:08:54 AM, Info: Saving project information...
5/1/17 8:13:54 AM, Info: Saving project information...
5/1/17 8:13:54 AM, Info: Saving project information...
5/1/17 8:13:54 AM, Info: Saving project information...
5/1/17 8:18:54 AM, Info: Saving project information...
5/1/17 8:18:54 AM, Info: Saving project information...
5/1/17 8:18:54 AM, Info: Saving project information...
5/1/17 8:23:54 AM, Info: Saving project information...
5/1/17 8:23:54 AM, Info: Saving project information...
5/1/17 8:23:54 AM, Info: Saving project information...
5/1/17 8:28:54 AM, Info: Saving project information...
5/1/17 8:28:54 AM, Info: Saving project information...
5/1/17 8:28:54 AM, Info: Saving project information...
5/1/17 8:33:54 AM, Info: Saving project information...
5/1/17 8:33:54 AM, Info: Saving project information...
5/1/17 8:33:54 AM, Info: Saving project information...
5/1/17 8:38:54 AM, Info: Saving project information...
5/1/17 8:38:54 AM, Info: Saving project information...
5/1/17 8:38:54 AM, Info: Saving project information...
5/1/17 8:43:54 AM, Info: Saving project information...
5/1/17 8:43:54 AM, Info: Saving project information...
5/1/17 8:43:54 AM, Info: Saving project information...
5/1/17 8:48:54 AM, Info: Saving project information...
5/1/17 8:48:54 AM, Info: Saving project information...
5/1/17 8:48:54 AM, Info: Saving project information...
5/1/17 8:53:54 AM, Info: Saving project information...
5/1/17 8:53:54 AM, Info: Saving project information...
5/1/17 8:53:54 AM, Info: Saving project information...
5/1/17 8:58:54 AM, Info: Saving project information...
5/1/17 8:58:54 AM, Info: Saving project information...
5/1/17 8:58:54 AM, Info: Saving project information...
5/1/17 9:03:54 AM, Info: Saving project information...
5/1/17 9:03:54 AM, Info: Saving project information...
5/1/17 9:03:54 AM, Info: Saving project information...
5/1/17 9:08:54 AM, Info: Saving project information...
5/1/17 9:08:54 AM, Info: Saving project information...
5/1/17 9:08:54 AM, Info: Saving project information...
5/1/17 9:13:54 AM, Info: Saving project information...
5/1/17 9:13:54 AM, Info: Saving project information...
5/1/17 9:13:54 AM, Info: Saving project information...
5/1/17 9:18:54 AM, Info: Saving project information...
5/1/17 9:18:54 AM, Info: Saving project information...
5/1/17 9:18:54 AM, Info: Saving project information...
5/1/17 9:23:54 AM, Info: Saving project information...
5/1/17 9:23:54 AM, Info: Saving project information...
5/1/17 9:23:54 AM, Info: Saving project information...
5/1/17 9:28:54 AM, Info: Saving project information...
5/1/17 9:28:54 AM, Info: Saving project information...
5/1/17 9:28:54 AM, Info: Saving project information...
5/1/17 9:33:54 AM, Info: Saving project information...
5/1/17 9:33:54 AM, Info: Saving project information...
5/1/17 9:33:54 AM, Info: Saving project information...
5/1/17 9:38:54 AM, Info: Saving project information...
5/1/17 9:38:54 AM, Info: Saving project information...
5/1/17 9:38:54 AM, Info: Saving project information...
5/1/17 9:43:54 AM, Info: Saving project information...
5/1/17 9:43:54 AM, Info: Saving project information...
5/1/17 9:43:54 AM, Info: Saving project information...
5/1/17 9:47:24 AM, Info: Saving project information...
5/1/17 9:47:24 AM, Info: Saving project information...
5/1/17 9:47:24 AM, Info: Saving project information...
5/1/17 9:47:24 AM, Info: Saving project information...
5/1/17 9:47:24 AM, Info: Saving project information...
5/1/17 9:47:24 AM, Info: Saving project information...
5/1/17 9:47:26 AM, Info: Validating assembly C:\Dropbox\Projects\SIMPLSharp\PhillipsHueSIMPLSharp\HueLights\bin\Debug\HueLights.dll...
5/1/17 9:47:27 AM, Info: Verifying assembly C:\Dropbox\Projects\SIMPLSharp\PhillipsHueSIMPLSharp\HueLights\bin\Debug\HueLights.dll
5/1/17 9:47:27 AM, Info: Creating Archive C:\Dropbox\Projects\SIMPLSharp\PhillipsHueSIMPLSharp\HueLights\bin\Debug\HueLights.clz...
5/1/17 9:47:27 AM, Info: Saving project information...
5/1/17 9:55:42 AM, Info: Validating assembly C:\Dropbox\Projects\SIMPLSharp\PhillipsHueSIMPLSharp\HueLights\bin\Debug\HueLights.dll...
5/1/17 9:55:43 AM, Info: Verifying assembly C:\Dropbox\Projects\SIMPLSharp\PhillipsHueSIMPLSharp\HueLights\bin\Debug\HueLights.dll
5/1/17 9:55:43 AM, Info: Creating Archive C:\Dropbox\Projects\SIMPLSharp\PhillipsHueSIMPLSharp\HueLights\bin\Debug\HueLights.clz...
5/1/17 9:55:43 AM, Info: Saving project information...
5/1/17 10:00:13 AM, Info: Validating assembly C:\Dropbox\Projects\SIMPLSharp\PhillipsHueSIMPLSharp\HueLights\bin\Debug\HueLights.dll...
5/1/17 10:00:13 AM, Info: Verifying assembly C:\Dropbox\Projects\SIMPLSharp\PhillipsHueSIMPLSharp\HueLights\bin\Debug\HueLights.dll
5/1/17 10:00:13 AM, Info: Creating Archive C:\Dropbox\Projects\SIMPLSharp\PhillipsHueSIMPLSharp\HueLights\bin\Debug\HueLights.clz...
5/1/17 10:00:13 AM, Info: Saving project information...
5/1/17 10:07:33 AM, Info: Validating assembly C:\Dropbox\Projects\SIMPLSharp\PhillipsHueSIMPLSharp\HueLights\bin\Debug\HueLights.dll...
5/1/17 10:07:33 AM, Info: Verifying assembly C:\Dropbox\Projects\SIMPLSharp\PhillipsHueSIMPLSharp\HueLights\bin\Debug\HueLights.dll
5/1/17 10:07:33 AM, Info: Creating Archive C:\Dropbox\Projects\SIMPLSharp\PhillipsHueSIMPLSharp\HueLights\bin\Debug\HueLights.clz...
5/1/17 10:07:34 AM, Info: Saving project information...
5/1/17 10:09:09 AM, Info: Validating assembly C:\Dropbox\Projects\SIMPLSharp\PhillipsHueSIMPLSharp\HueLights\bin\Debug\HueLights.dll...
5/1/17 10:09:09 AM, Info: Verifying assembly C:\Dropbox\Projects\SIMPLSharp\PhillipsHueSIMPLSharp\HueLights\bin\Debug\HueLights.dll
5/1/17 10:09:09 AM, Info: Creating Archive C:\Dropbox\Projects\SIMPLSharp\PhillipsHueSIMPLSharp\HueLights\bin\Debug\HueLights.clz...
5/1/17 10:09:09 AM, Info: Saving project information...
5/1/17 10:17:04 AM, Info: Validating assembly C:\Dropbox\Projects\SIMPLSharp\PhillipsHueSIMPLSharp\HueLights\bin\Debug\HueLights.dll...
5/1/17 10:17:04 AM, Info: Verifying assembly C:\Dropbox\Projects\SIMPLSharp\PhillipsHueSIMPLSharp\HueLights\bin\Debug\HueLights.dll
5/1/17 10:17:04 AM, Info: Creating Archive C:\Dropbox\Projects\SIMPLSharp\PhillipsHueSIMPLSharp\HueLights\bin\Debug\HueLights.clz...
5/1/17 10:17:05 AM, Info: Saving project information...
5/1/17 10:22:44 AM, Info: Validating assembly C:\Dropbox\Projects\SIMPLSharp\PhillipsHueSIMPLSharp\HueLights\bin\Debug\HueLights.dll...
5/1/17 10:22:44 AM, Info: Verifying assembly C:\Dropbox\Projects\SIMPLSharp\PhillipsHueSIMPLSharp\HueLights\bin\Debug\HueLights.dll
5/1/17 10:22:44 AM, Info: Creating Archive C:\Dropbox\Projects\SIMPLSharp\PhillipsHueSIMPLSharp\HueLights\bin\Debug\HueLights.clz...
5/1/17 10:22:45 AM, Info: Saving project information...
5/1/17 10:28:17 AM, Info: Validating assembly C:\Dropbox\Projects\SIMPLSharp\PhillipsHueSIMPLSharp\HueLights\bin\Debug\HueLights.dll...
5/1/17 10:28:17 AM, Info: Verifying assembly C:\Dropbox\Projects\SIMPLSharp\PhillipsHueSIMPLSharp\HueLights\bin\Debug\HueLights.dll
5/1/17 10:28:17 AM, Info: Creating Archive C:\Dropbox\Projects\SIMPLSharp\PhillipsHueSIMPLSharp\HueLights\bin\Debug\HueLights.clz...
5/1/17 10:28:18 AM, Info: Saving project information...
5/1/17 10:30:59 AM, Info: Validating assembly C:\Dropbox\Projects\SIMPLSharp\PhillipsHueSIMPLSharp\HueLights\bin\Debug\HueLights.dll...
5/1/17 10:30:59 AM, Info: Verifying assembly C:\Dropbox\Projects\SIMPLSharp\PhillipsHueSIMPLSharp\HueLights\bin\Debug\HueLights.dll
5/1/17 10:31:00 AM, Info: Creating Archive C:\Dropbox\Projects\SIMPLSharp\PhillipsHueSIMPLSharp\HueLights\bin\Debug\HueLights.clz...
5/1/17 10:31:00 AM, Info: Saving project information...
5/1/17 10:36:42 AM, Info: Validating assembly C:\Dropbox\Projects\SIMPLSharp\PhillipsHueSIMPLSharp\HueLights\bin\Debug\HueLights.dll...
5/1/17 10:36:42 AM, Info: Verifying assembly C:\Dropbox\Projects\SIMPLSharp\PhillipsHueSIMPLSharp\HueLights\bin\Debug\HueLights.dll
5/1/17 10:36:42 AM, Info: Creating Archive C:\Dropbox\Projects\SIMPLSharp\PhillipsHueSIMPLSharp\HueLights\bin\Debug\HueLights.clz...
5/1/17 10:36:43 AM, Info: Saving project information...
5/1/17 10:46:39 AM, Info: Validating assembly C:\Dropbox\Projects\SIMPLSharp\PhillipsHueSIMPLSharp\HueLights\bin\Debug\HueLights.dll...
5/1/17 10:46:39 AM, Info: Verifying assembly C:\Dropbox\Projects\SIMPLSharp\PhillipsHueSIMPLSharp\HueLights\bin\Debug\HueLights.dll
5/1/17 10:46:39 AM, Info: Creating Archive C:\Dropbox\Projects\SIMPLSharp\PhillipsHueSIMPLSharp\HueLights\bin\Debug\HueLights.clz...
5/1/17 10:46:40 AM, Info: Saving project information...
5/1/17 10:51:27 AM, Info: Validating assembly C:\Dropbox\Projects\SIMPLSharp\PhillipsHueSIMPLSharp\HueLights\bin\Debug\HueLights.dll...
5/1/17 10:51:27 AM, Info: Verifying assembly C:\Dropbox\Projects\SIMPLSharp\PhillipsHueSIMPLSharp\HueLights\bin\Debug\HueLights.dll
5/1/17 10:51:28 AM, Info: Creating Archive C:\Dropbox\Projects\SIMPLSharp\PhillipsHueSIMPLSharp\HueLights\bin\Debug\HueLights.clz...
5/1/17 10:51:28 AM, Info: Saving project information...
5/1/17 11:18:16 AM, Info: Validating assembly C:\Dropbox\Projects\SIMPLSharp\PhillipsHueSIMPLSharp\HueLights\bin\Debug\HueLights.dll...
5/1/17 11:18:16 AM, Info: Verifying assembly C:\Dropbox\Projects\SIMPLSharp\PhillipsHueSIMPLSharp\HueLights\bin\Debug\HueLights.dll
5/1/17 11:18:16 AM, Info: Creating Archive C:\Dropbox\Projects\SIMPLSharp\PhillipsHueSIMPLSharp\HueLights\bin\Debug\HueLights.clz...
5/1/17 11:18:16 AM, Info: Saving project information...
5/1/17 11:36:13 AM, Info: Validating assembly C:\Dropbox\Projects\SIMPLSharp\PhillipsHueSIMPLSharp\HueLights\bin\Debug\HueLights.dll...
5/1/17 11:36:13 AM, Info: Verifying assembly C:\Dropbox\Projects\SIMPLSharp\PhillipsHueSIMPLSharp\HueLights\bin\Debug\HueLights.dll
5/1/17 11:36:13 AM, Info: Creating Archive C:\Dropbox\Projects\SIMPLSharp\PhillipsHueSIMPLSharp\HueLights\bin\Debug\HueLights.clz...
5/1/17 11:36:13 AM, Info: Saving project information...
5/1/17 11:37:46 AM, Info: Validating assembly C:\Dropbox\Projects\SIMPLSharp\PhillipsHueSIMPLSharp\HueLights\bin\Debug\HueLights.dll...
5/1/17 11:37:46 AM, Info: Verifying assembly C:\Dropbox\Projects\SIMPLSharp\PhillipsHueSIMPLSharp\HueLights\bin\Debug\HueLights.dll
5/1/17 11:37:46 AM, Info: Creating Archive C:\Dropbox\Projects\SIMPLSharp\PhillipsHueSIMPLSharp\HueLights\bin\Debug\HueLights.clz...
5/1/17 11:37:47 AM, Info: Saving project information...
5/1/17 11:42:40 AM, Info: Validating assembly C:\Dropbox\Projects\SIMPLSharp\PhillipsHueSIMPLSharp\HueLights\bin\Debug\HueLights.dll...
5/1/17 11:42:40 AM, Info: Verifying assembly C:\Dropbox\Projects\SIMPLSharp\PhillipsHueSIMPLSharp\HueLights\bin\Debug\HueLights.dll
5/1/17 11:42:40 AM, Info: Creating Archive C:\Dropbox\Projects\SIMPLSharp\PhillipsHueSIMPLSharp\HueLights\bin\Debug\HueLights.clz...
5/1/17 11:42:40 AM, Info: Saving project information...
5/1/17 11:48:17 AM, Info: Validating assembly C:\Dropbox\Projects\SIMPLSharp\PhillipsHueSIMPLSharp\HueLights\bin\Debug\HueLights.dll...
5/1/17 11:48:17 AM, Info: Verifying assembly C:\Dropbox\Projects\SIMPLSharp\PhillipsHueSIMPLSharp\HueLights\bin\Debug\HueLights.dll
5/1/17 11:48:17 AM, Info: Creating Archive C:\Dropbox\Projects\SIMPLSharp\PhillipsHueSIMPLSharp\HueLights\bin\Debug\HueLights.clz...
5/1/17 11:48:18 AM, Info: Saving project information...
5/1/17 11:50:45 AM, Info: Validating assembly C:\Dropbox\Projects\SIMPLSharp\PhillipsHueSIMPLSharp\HueLights\bin\Debug\HueLights.dll...
5/1/17 11:50:45 AM, Info: Verifying assembly C:\Dropbox\Projects\SIMPLSharp\PhillipsHueSIMPLSharp\HueLights\bin\Debug\HueLights.dll
5/1/17 11:50:45 AM, Info: Creating Archive C:\Dropbox\Projects\SIMPLSharp\PhillipsHueSIMPLSharp\HueLights\bin\Debug\HueLights.clz...
5/1/17 11:50:46 AM, Info: Saving project information...
5/1/17 11:52:14 AM, Info: Validating assembly C:\Dropbox\Projects\SIMPLSharp\PhillipsHueSIMPLSharp\HueLights\bin\Debug\HueLights.dll...
5/1/17 11:52:14 AM, Info: Verifying assembly C:\Dropbox\Projects\SIMPLSharp\PhillipsHueSIMPLSharp\HueLights\bin\Debug\HueLights.dll
5/1/17 11:52:14 AM, Info: Creating Archive C:\Dropbox\Projects\SIMPLSharp\PhillipsHueSIMPLSharp\HueLights\bin\Debug\HueLights.clz...
5/1/17 11:52:15 AM, Info: Saving project information...
5/1/17 11:53:38 AM, Info: Validating assembly C:\Dropbox\Projects\SIMPLSharp\PhillipsHueSIMPLSharp\HueLights\bin\Debug\HueLights.dll...
5/1/17 11:53:39 AM, Info: Verifying assembly C:\Dropbox\Projects\SIMPLSharp\PhillipsHueSIMPLSharp\HueLights\bin\Debug\HueLights.dll
5/1/17 11:53:39 AM, Info: Creating Archive C:\Dropbox\Projects\SIMPLSharp\PhillipsHueSIMPLSharp\HueLights\bin\Debug\HueLights.clz...
5/1/17 11:53:39 AM, Info: Saving project information...
5/1/17 11:55:07 AM, Info: Validating assembly C:\Dropbox\Projects\SIMPLSharp\PhillipsHueSIMPLSharp\HueLights\bin\Debug\HueLights.dll...
5/1/17 11:55:07 AM, Info: Verifying assembly C:\Dropbox\Projects\SIMPLSharp\PhillipsHueSIMPLSharp\HueLights\bin\Debug\HueLights.dll
5/1/17 11:55:07 AM, Info: Creating Archive C:\Dropbox\Projects\SIMPLSharp\PhillipsHueSIMPLSharp\HueLights\bin\Debug\HueLights.clz...
5/1/17 11:55:08 AM, Info: Saving project information...
5/1/17 12:03:16 PM, Info: Validating assembly C:\Dropbox\Projects\SIMPLSharp\PhillipsHueSIMPLSharp\HueLights\bin\Debug\HueLights.dll...
5/1/17 12:03:16 PM, Info: Verifying assembly C:\Dropbox\Projects\SIMPLSharp\PhillipsHueSIMPLSharp\HueLights\bin\Debug\HueLights.dll
5/1/17 12:03:16 PM, Info: Creating Archive C:\Dropbox\Projects\SIMPLSharp\PhillipsHueSIMPLSharp\HueLights\bin\Debug\HueLights.clz...
5/1/17 12:03:16 PM, Info: Saving project information...
5/1/17 12:06:59 PM, Info: Validating assembly C:\Dropbox\Projects\SIMPLSharp\PhillipsHueSIMPLSharp\HueLights\bin\Debug\HueLights.dll...
5/1/17 12:06:59 PM, Info: Verifying assembly C:\Dropbox\Projects\SIMPLSharp\PhillipsHueSIMPLSharp\HueLights\bin\Debug\HueLights.dll
5/1/17 12:06:59 PM, Info: Creating Archive C:\Dropbox\Projects\SIMPLSharp\PhillipsHueSIMPLSharp\HueLights\bin\Debug\HueLights.clz...
5/1/17 12:07:00 PM, Info: Saving project information...
5/1/17 12:10:11 PM, Info: Validating assembly C:\Dropbox\Projects\SIMPLSharp\PhillipsHueSIMPLSharp\HueLights\bin\Debug\HueLights.dll...
5/1/17 12:10:11 PM, Info: Verifying assembly C:\Dropbox\Projects\SIMPLSharp\PhillipsHueSIMPLSharp\HueLights\bin\Debug\HueLights.dll
5/1/17 12:10:11 PM, Info: Creating Archive C:\Dropbox\Projects\SIMPLSharp\PhillipsHueSIMPLSharp\HueLights\bin\Debug\HueLights.clz...
5/1/17 12:10:12 PM, Info: Saving project information...
5/1/17 12:11:51 PM, Info: Validating assembly C:\Dropbox\Projects\SIMPLSharp\PhillipsHueSIMPLSharp\HueLights\bin\Debug\HueLights.dll...
5/1/17 12:11:51 PM, Info: Verifying assembly C:\Dropbox\Projects\SIMPLSharp\PhillipsHueSIMPLSharp\HueLights\bin\Debug\HueLights.dll
5/1/17 12:11:51 PM, Info: Creating Archive C:\Dropbox\Projects\SIMPLSharp\PhillipsHueSIMPLSharp\HueLights\bin\Debug\HueLights.clz...
5/1/17 12:11:52 PM, Info: Saving project information...
5/1/17 1:42:29 PM, Info: Validating assembly C:\Dropbox\Projects\SIMPLSharp\PhillipsHueSIMPLSharp\HueLights\bin\Debug\HueLights.dll...
5/1/17 1:42:30 PM, Info: Verifying assembly C:\Dropbox\Projects\SIMPLSharp\PhillipsHueSIMPLSharp\HueLights\bin\Debug\HueLights.dll
5/1/17 1:42:30 PM, Info: Creating Archive C:\Dropbox\Projects\SIMPLSharp\PhillipsHueSIMPLSharp\HueLights\bin\Debug\HueLights.clz...
5/1/17 1:42:30 PM, Info: Saving project information...
5/1/17 1:54:06 PM, Info: Validating assembly C:\Dropbox\Projects\SIMPLSharp\PhillipsHueSIMPLSharp\HueLights\bin\Debug\HueLights.dll...
5/1/17 1:54:06 PM, Info: Verifying assembly C:\Dropbox\Projects\SIMPLSharp\PhillipsHueSIMPLSharp\HueLights\bin\Debug\HueLights.dll
5/1/17 1:54:06 PM, Info: Creating Archive C:\Dropbox\Projects\SIMPLSharp\PhillipsHueSIMPLSharp\HueLights\bin\Debug\HueLights.clz...
5/1/17 1:54:07 PM, Info: Saving project information...
5/1/17 1:58:11 PM, Info: Validating assembly C:\Dropbox\Projects\SIMPLSharp\PhillipsHueSIMPLSharp\HueLights\bin\Debug\HueLights.dll...
5/1/17 1:58:11 PM, Info: Verifying assembly C:\Dropbox\Projects\SIMPLSharp\PhillipsHueSIMPLSharp\HueLights\bin\Debug\HueLights.dll
5/1/17 1:58:11 PM, Info: Creating Archive C:\Dropbox\Projects\SIMPLSharp\PhillipsHueSIMPLSharp\HueLights\bin\Debug\HueLights.clz...
5/1/17 1:58:12 PM, Info: Saving project information...
5/1/17 2:03:26 PM, Info: Validating assembly C:\Dropbox\Projects\SIMPLSharp\PhillipsHueSIMPLSharp\HueLights\bin\Debug\HueLights.dll...
5/1/17 2:03:26 PM, Info: Verifying assembly C:\Dropbox\Projects\SIMPLSharp\PhillipsHueSIMPLSharp\HueLights\bin\Debug\HueLights.dll
5/1/17 2:03:26 PM, Info: Creating Archive C:\Dropbox\Projects\SIMPLSharp\PhillipsHueSIMPLSharp\HueLights\bin\Debug\HueLights.clz...
5/1/17 2:03:27 PM, Info: Saving project information...
5/1/17 2:13:21 PM, Info: Validating assembly C:\Dropbox\Projects\SIMPLSharp\PhillipsHueSIMPLSharp\HueLights\bin\Debug\HueLights.dll...
5/1/17 2:13:21 PM, Info: Verifying assembly C:\Dropbox\Projects\SIMPLSharp\PhillipsHueSIMPLSharp\HueLights\bin\Debug\HueLights.dll
5/1/17 2:13:21 PM, Info: Creating Archive C:\Dropbox\Projects\SIMPLSharp\PhillipsHueSIMPLSharp\HueLights\bin\Debug\HueLights.clz...
5/1/17 2:13:22 PM, Info: Saving project information...
5/1/17 2:17:59 PM, Info: Validating assembly C:\Dropbox\Projects\SIMPLSharp\PhillipsHueSIMPLSharp\HueLights\bin\Debug\HueLights.dll...
5/1/17 2:17:59 PM, Info: Verifying assembly C:\Dropbox\Projects\SIMPLSharp\PhillipsHueSIMPLSharp\HueLights\bin\Debug\HueLights.dll
5/1/17 2:17:59 PM, Info: Creating Archive C:\Dropbox\Projects\SIMPLSharp\PhillipsHueSIMPLSharp\HueLights\bin\Debug\HueLights.clz...
5/1/17 2:18:00 PM, Info: Saving project information...
5/1/17 2:31:41 PM, Info: Validating assembly C:\Dropbox\Projects\SIMPLSharp\PhillipsHueSIMPLSharp\HueLights\bin\Debug\HueLights.dll...
5/1/17 2:31:41 PM, Info: Verifying assembly C:\Dropbox\Projects\SIMPLSharp\PhillipsHueSIMPLSharp\HueLights\bin\Debug\HueLights.dll
5/1/17 2:31:41 PM, Info: Creating Archive C:\Dropbox\Projects\SIMPLSharp\PhillipsHueSIMPLSharp\HueLights\bin\Debug\HueLights.clz...
5/1/17 2:31:41 PM, Info: Saving project information...
5/1/17 2:36:47 PM, Info: Terminating SIMPLSharp Services
