9/13/17 10:03:54 AM, Info: Initializing SIMPLSharp Services...
9/13/17 10:03:54 AM, Info: ProjectInfo successfully initialized.
9/13/17 10:58:27 AM, Info: Saving project information...
9/13/17 10:58:27 AM, Info: Saving project information...
9/13/17 10:58:27 AM, Info: Saving project information...
9/13/17 11:03:27 AM, Info: Saving project information...
9/13/17 11:03:27 AM, Info: Saving project information...
9/13/17 11:03:27 AM, Info: Saving project information...
9/13/17 11:08:27 AM, Info: Saving project information...
9/13/17 11:08:27 AM, Info: Saving project information...
9/13/17 11:08:27 AM, Info: Saving project information...
9/13/17 11:11:43 AM, Info: Saving project information...
9/13/17 11:11:43 AM, Info: Saving project information...
9/13/17 11:11:43 AM, Info: Saving project information...
9/13/17 11:11:43 AM, Info: Saving project information...
9/13/17 11:11:43 AM, Info: Saving project information...
9/13/17 11:11:43 AM, Info: Saving project information...
9/13/17 11:11:45 AM, Info: Validating assembly C:\Dropbox\Projects\SIMPLSharp\PhillipsHueSIMPLSharp\HueLights\bin\Debug\HueLights.dll...
9/13/17 11:11:45 AM, Info: Verifying assembly C:\Dropbox\Projects\SIMPLSharp\PhillipsHueSIMPLSharp\HueLights\bin\Debug\HueLights.dll
9/13/17 11:11:46 AM, Info: Creating Archive C:\Dropbox\Projects\SIMPLSharp\PhillipsHueSIMPLSharp\HueLights\bin\Debug\HueLights.clz...
9/13/17 11:11:46 AM, Info: Saving project information...
9/13/17 12:36:49 PM, Info: Terminating SIMPLSharp Services
