10/25/17 10:27:10 AM, Info: Initializing SIMPLSharp Services...
10/25/17 10:27:10 AM, Info: ProjectInfo successfully initialized.
10/25/17 10:27:10 AM, Info: Verifying archive C:\Dropbox\Crestron\Usrsplus\HueLights.clz...
10/25/17 10:27:11 AM, Info: Saving project information...
10/25/17 10:27:12 AM, Info: Verifying archive C:\Dropbox\Crestron\Usrsplus\HueLights.clz...
10/25/17 10:27:13 AM, Info: Saving project information...
10/25/17 10:27:14 AM, Info: Verifying archive C:\Dropbox\Crestron\Usrsplus\HueLights.clz...
10/25/17 10:27:14 AM, Info: Saving project information...
10/25/17 10:27:15 AM, Info: Commiting verification transaction...
10/25/17 10:27:15 AM, Info: Saving project information...
10/25/17 10:27:33 AM, Info: Initializing SIMPLSharp Services...
10/25/17 10:27:33 AM, Info: ProjectInfo successfully initialized.
10/25/17 10:27:33 AM, Info: Verifying archive C:\Dropbox\Crestron\Usrsplus\HueLights.clz...
10/25/17 10:27:34 AM, Info: Saving project information...
10/25/17 10:27:35 AM, Info: Verifying archive C:\Dropbox\Crestron\Usrsplus\HueLights.clz...
10/25/17 10:27:35 AM, Info: Saving project information...
10/25/17 10:27:36 AM, Info: Verifying archive C:\Dropbox\Crestron\Usrsplus\HueLights.clz...
10/25/17 10:27:36 AM, Info: Saving project information...
10/25/17 10:27:37 AM, Info: Commiting verification transaction...
10/25/17 10:27:37 AM, Info: Saving project information...
10/25/17 10:27:48 AM, Info: Terminating SIMPLSharp Services
10/25/17 10:27:49 AM, Info: Saving project information...
10/25/17 10:27:49 AM, Info: Terminating SIMPLSharp Services
