5/26/17 9:44:56 AM, Info: Initializing SIMPLSharp Services...
5/26/17 9:44:56 AM, Info: ProjectInfo successfully initialized.
5/26/17 9:44:57 AM, Info: Verifying archive C:\Dropbox\Crestron\Usrsplus\HueLights.clz...
5/26/17 9:44:58 AM, Info: Saving project information...
5/26/17 9:44:58 AM, Info: Verifying archive C:\Dropbox\Crestron\Usrsplus\HueLights.clz...
5/26/17 9:44:59 AM, Info: Saving project information...
5/26/17 9:44:59 AM, Info: Verifying archive C:\Dropbox\Crestron\Usrsplus\HueLights.clz...
5/26/17 9:44:59 AM, Info: Saving project information...
5/26/17 9:45:00 AM, Info: Commiting verification transaction...
5/26/17 9:45:00 AM, Info: Saving project information...
5/26/17 9:45:44 AM, Info: Initializing SIMPLSharp Services...
5/26/17 9:45:44 AM, Info: ProjectInfo successfully initialized.
5/26/17 9:45:45 AM, Info: Verifying archive C:\Dropbox\Crestron\Usrsplus\HueLights.clz...
5/26/17 9:45:45 AM, Info: Saving project information...
5/26/17 9:45:46 AM, Info: Verifying archive C:\Dropbox\Crestron\Usrsplus\HueLights.clz...
5/26/17 9:45:47 AM, Info: Saving project information...
5/26/17 9:45:47 AM, Info: Verifying archive C:\Dropbox\Crestron\Usrsplus\HueLights.clz...
5/26/17 9:45:48 AM, Info: Saving project information...
5/26/17 9:45:48 AM, Info: Commiting verification transaction...
5/26/17 9:45:48 AM, Info: Saving project information...
5/26/17 9:52:33 AM, Info: Initializing SIMPLSharp Services...
5/26/17 9:52:33 AM, Info: ProjectInfo successfully initialized.
5/26/17 9:52:34 AM, Info: Verifying archive C:\Dropbox\Crestron\Usrsplus\HueLights.clz...
5/26/17 9:52:35 AM, Info: Saving project information...
5/26/17 9:52:36 AM, Info: Verifying archive C:\Dropbox\Crestron\Usrsplus\HueLights.clz...
5/26/17 9:52:36 AM, Info: Saving project information...
5/26/17 9:52:36 AM, Info: Verifying archive C:\Dropbox\Crestron\Usrsplus\HueLights.clz...
5/26/17 9:52:37 AM, Info: Saving project information...
5/26/17 9:52:38 AM, Info: Commiting verification transaction...
5/26/17 9:52:38 AM, Info: Saving project information...
5/26/17 11:53:05 AM, Info: Initializing SIMPLSharp Services...
5/26/17 11:53:05 AM, Info: ProjectInfo successfully initialized.
5/26/17 11:53:05 AM, Info: Verifying archive C:\Dropbox\Crestron\Usrsplus\HueLights.clz...
5/26/17 11:53:06 AM, Info: Saving project information...
5/26/17 11:53:07 AM, Info: Verifying archive C:\Dropbox\Crestron\Usrsplus\HueLights.clz...
5/26/17 11:53:08 AM, Info: Saving project information...
5/26/17 11:53:08 AM, Info: Verifying archive C:\Dropbox\Crestron\Usrsplus\HueLights.clz...
5/26/17 11:53:09 AM, Info: Saving project information...
5/26/17 11:53:10 AM, Info: Commiting verification transaction...
5/26/17 11:53:10 AM, Info: Saving project information...
5/26/17 11:56:02 AM, Info: Initializing SIMPLSharp Services...
5/26/17 11:56:02 AM, Info: ProjectInfo successfully initialized.
5/26/17 11:56:03 AM, Info: Verifying archive C:\Dropbox\Crestron\Usrsplus\HueLights.clz...
5/26/17 11:56:04 AM, Info: Saving project information...
5/26/17 11:56:05 AM, Info: Verifying archive C:\Dropbox\Crestron\Usrsplus\HueLights.clz...
5/26/17 11:56:05 AM, Info: Saving project information...
5/26/17 11:56:05 AM, Info: Verifying archive C:\Dropbox\Crestron\Usrsplus\HueLights.clz...
5/26/17 11:56:06 AM, Info: Saving project information...
5/26/17 11:56:07 AM, Info: Commiting verification transaction...
5/26/17 11:56:07 AM, Info: Saving project information...
5/26/17 12:02:55 PM, Info: Initializing SIMPLSharp Services...
5/26/17 12:02:55 PM, Info: ProjectInfo successfully initialized.
5/26/17 12:02:56 PM, Info: Verifying archive C:\Dropbox\Crestron\Usrsplus\HueLights.clz...
5/26/17 12:02:57 PM, Info: Saving project information...
5/26/17 12:02:57 PM, Info: Verifying archive C:\Dropbox\Crestron\Usrsplus\HueLights.clz...
5/26/17 12:02:58 PM, Info: Saving project information...
5/26/17 12:02:58 PM, Info: Verifying archive C:\Dropbox\Crestron\Usrsplus\HueLights.clz...
5/26/17 12:02:59 PM, Info: Saving project information...
5/26/17 12:03:00 PM, Info: Commiting verification transaction...
5/26/17 12:03:00 PM, Info: Saving project information...
5/26/17 12:21:11 PM, Info: Initializing SIMPLSharp Services...
5/26/17 12:21:11 PM, Info: ProjectInfo successfully initialized.
5/26/17 12:21:11 PM, Info: Verifying archive C:\Dropbox\Crestron\Usrsplus\HueLights.clz...
5/26/17 12:21:12 PM, Info: Saving project information...
5/26/17 12:21:13 PM, Info: Verifying archive C:\Dropbox\Crestron\Usrsplus\HueLights.clz...
5/26/17 12:21:13 PM, Info: Saving project information...
5/26/17 12:21:14 PM, Info: Verifying archive C:\Dropbox\Crestron\Usrsplus\HueLights.clz...
5/26/17 12:21:14 PM, Info: Saving project information...
5/26/17 12:21:15 PM, Info: Commiting verification transaction...
5/26/17 12:21:15 PM, Info: Saving project information...
5/26/17 12:24:52 PM, Info: Initializing SIMPLSharp Services...
5/26/17 12:24:52 PM, Info: ProjectInfo successfully initialized.
5/26/17 12:24:52 PM, Info: Verifying archive C:\Dropbox\Crestron\Usrsplus\HueLights.clz...
5/26/17 12:24:53 PM, Info: Saving project information...
5/26/17 12:24:54 PM, Info: Verifying archive C:\Dropbox\Crestron\Usrsplus\HueLights.clz...
5/26/17 12:24:54 PM, Info: Saving project information...
5/26/17 12:24:55 PM, Info: Commiting verification transaction...
5/26/17 12:24:55 PM, Info: Saving project information...
5/26/17 12:42:27 PM, Info: Initializing SIMPLSharp Services...
5/26/17 12:42:27 PM, Info: ProjectInfo successfully initialized.
5/26/17 12:42:27 PM, Info: Verifying archive C:\Dropbox\Crestron\Usrsplus\HueLights.clz...
5/26/17 12:42:28 PM, Info: Saving project information...
5/26/17 12:42:29 PM, Info: Verifying archive C:\Dropbox\Crestron\Usrsplus\HueLights.clz...
5/26/17 12:42:29 PM, Info: Saving project information...
5/26/17 12:42:30 PM, Info: Commiting verification transaction...
5/26/17 12:42:30 PM, Info: Saving project information...
5/26/17 1:38:41 PM, Info: Initializing SIMPLSharp Services...
5/26/17 1:38:41 PM, Info: ProjectInfo successfully initialized.
5/26/17 1:38:42 PM, Info: Verifying archive C:\Dropbox\Crestron\Usrsplus\HueLights.clz...
5/26/17 1:38:43 PM, Info: Saving project information...
5/26/17 1:38:44 PM, Info: Verifying archive C:\Dropbox\Crestron\Usrsplus\HueLights.clz...
5/26/17 1:38:44 PM, Info: Saving project information...
5/26/17 1:38:45 PM, Info: Commiting verification transaction...
5/26/17 1:38:45 PM, Info: Saving project information...
5/26/17 1:46:06 PM, Info: Initializing SIMPLSharp Services...
5/26/17 1:46:06 PM, Info: ProjectInfo successfully initialized.
5/26/17 1:46:07 PM, Info: Verifying archive C:\Dropbox\Crestron\Usrsplus\HueLights.clz...
5/26/17 1:46:08 PM, Info: Saving project information...
5/26/17 1:46:09 PM, Info: Verifying archive C:\Dropbox\Crestron\Usrsplus\HueLights.clz...
5/26/17 1:46:09 PM, Info: Saving project information...
5/26/17 1:46:10 PM, Info: Commiting verification transaction...
5/26/17 1:46:10 PM, Info: Saving project information...
5/26/17 1:57:06 PM, Info: Terminating SIMPLSharp Services
5/26/17 1:57:06 PM, Info: Saving project information...
5/26/17 1:57:06 PM, Info: Terminating SIMPLSharp Services
5/26/17 1:57:06 PM, Info: Saving project information...
5/26/17 1:57:06 PM, Info: Terminating SIMPLSharp Services
5/26/17 1:57:06 PM, Info: Saving project information...
5/26/17 1:57:06 PM, Info: Terminating SIMPLSharp Services
5/26/17 1:57:06 PM, Info: Saving project information...
5/26/17 1:57:06 PM, Info: Terminating SIMPLSharp Services
5/26/17 1:57:06 PM, Info: Saving project information...
5/26/17 1:57:06 PM, Info: Terminating SIMPLSharp Services
5/26/17 1:57:06 PM, Info: Saving project information...
5/26/17 1:57:06 PM, Info: Terminating SIMPLSharp Services
5/26/17 1:57:06 PM, Info: Saving project information...
5/26/17 1:57:06 PM, Info: Terminating SIMPLSharp Services
5/26/17 1:57:06 PM, Info: Saving project information...
5/26/17 1:57:06 PM, Info: Terminating SIMPLSharp Services
5/26/17 1:57:06 PM, Info: Saving project information...
5/26/17 1:57:06 PM, Info: Terminating SIMPLSharp Services
5/26/17 1:57:06 PM, Info: Saving project information...
5/26/17 1:57:06 PM, Info: Terminating SIMPLSharp Services
