5/1/17 2:54:51 PM, Info: Initializing SIMPLSharp Services...
5/1/17 2:54:51 PM, Info: ProjectInfo successfully initialized.
5/1/17 2:54:51 PM, Info: Verifying archive C:\Dropbox\Crestron\Usrsplus\HueLights.clz...
5/1/17 2:54:52 PM, Info: Saving project information...
5/1/17 2:54:53 PM, Info: Verifying archive C:\Dropbox\Crestron\Usrsplus\HueLights.clz...
5/1/17 2:54:54 PM, Info: Saving project information...
5/1/17 2:54:54 PM, Info: Verifying archive C:\Dropbox\Crestron\Usrsplus\HueLights.clz...
5/1/17 2:54:54 PM, Info: Saving project information...
5/1/17 2:54:56 PM, Info: Commiting verification transaction...
5/1/17 2:54:56 PM, Info: Saving project information...
5/1/17 2:57:58 PM, Info: Initializing SIMPLSharp Services...
5/1/17 2:57:58 PM, Info: ProjectInfo successfully initialized.
5/1/17 2:57:59 PM, Info: Verifying archive C:\Dropbox\Crestron\Usrsplus\HueLights.clz...
5/1/17 2:58:00 PM, Info: Saving project information...
5/1/17 2:58:01 PM, Info: Verifying archive C:\Dropbox\Crestron\Usrsplus\HueLights.clz...
5/1/17 2:58:01 PM, Info: Saving project information...
5/1/17 2:58:01 PM, Info: Verifying archive C:\Dropbox\Crestron\Usrsplus\HueLights.clz...
5/1/17 2:58:02 PM, Info: Saving project information...
5/1/17 2:58:03 PM, Info: Commiting verification transaction...
5/1/17 2:58:03 PM, Info: Saving project information...
5/2/17 7:12:56 AM, Info: Terminating SIMPLSharp Services
5/2/17 7:12:56 AM, Info: Saving project information...
5/2/17 7:12:56 AM, Info: Terminating SIMPLSharp Services
