9/14/16 11:40:23 AM, Info: Initializing SIMPLSharp Services...
9/14/16 11:40:23 AM, Info: ProjectInfo successfully initialized.
9/14/16 11:40:26 AM, Info: Commiting verification transaction...
9/14/16 11:40:26 AM, Info: Saving project information...
9/14/16 11:43:36 AM, Info: Initializing SIMPLSharp Services...
9/14/16 11:43:36 AM, Info: ProjectInfo successfully initialized.
9/14/16 11:43:36 AM, Info: Verifying archive C:\Dropbox\Projects\SIMPL#\HueLights\SIMPL\HueLights.clz...
9/14/16 11:43:37 AM, Info: Saving project information...
9/14/16 11:43:39 AM, Info: Commiting verification transaction...
9/14/16 11:43:39 AM, Info: Saving project information...
9/14/16 11:44:12 AM, Info: Initializing SIMPLSharp Services...
9/14/16 11:44:12 AM, Info: ProjectInfo successfully initialized.
9/14/16 11:44:12 AM, Info: Verifying archive C:\Dropbox\Projects\SIMPL#\HueLights\SIMPL\HueLights.clz...
9/14/16 11:44:12 AM, Info: Saving project information...
9/14/16 11:44:15 AM, Info: Commiting verification transaction...
9/14/16 11:44:15 AM, Info: Saving project information...
9/14/16 11:44:30 AM, Info: Initializing SIMPLSharp Services...
9/14/16 11:44:30 AM, Info: ProjectInfo successfully initialized.
9/14/16 11:44:30 AM, Info: Verifying archive C:\Dropbox\Projects\SIMPL#\HueLights\SIMPL\HueLights.clz...
9/14/16 11:44:31 AM, Info: Saving project information...
9/14/16 11:44:34 AM, Info: Commiting verification transaction...
9/14/16 11:44:34 AM, Info: Saving project information...
9/14/16 11:45:47 AM, Info: Initializing SIMPLSharp Services...
9/14/16 11:45:47 AM, Info: ProjectInfo successfully initialized.
9/14/16 11:45:47 AM, Info: Verifying archive C:\Dropbox\Projects\SIMPL#\HueLights\SIMPL\HueLights.clz...
9/14/16 11:45:48 AM, Info: Saving project information...
9/14/16 11:45:50 AM, Info: Commiting verification transaction...
9/14/16 11:45:50 AM, Info: Saving project information...
9/14/16 11:46:29 AM, Info: Initializing SIMPLSharp Services...
9/14/16 11:46:29 AM, Info: ProjectInfo successfully initialized.
9/14/16 11:46:29 AM, Info: Verifying archive C:\Dropbox\Projects\SIMPL#\HueLights\SIMPL\HueLights.clz...
9/14/16 11:46:29 AM, Info: Saving project information...
9/14/16 11:46:32 AM, Info: Commiting verification transaction...
9/14/16 11:46:32 AM, Info: Saving project information...
9/14/16 11:50:28 AM, Info: Initializing SIMPLSharp Services...
9/14/16 11:50:28 AM, Info: ProjectInfo successfully initialized.
9/14/16 11:50:28 AM, Info: Verifying archive C:\Dropbox\Projects\SIMPL#\HueLights\SIMPL\HueLights.clz...
9/14/16 11:50:28 AM, Info: Saving project information...
9/14/16 11:50:31 AM, Info: Commiting verification transaction...
9/14/16 11:50:31 AM, Info: Saving project information...
9/14/16 12:20:36 PM, Info: Initializing SIMPLSharp Services...
9/14/16 12:20:36 PM, Info: ProjectInfo successfully initialized.
9/14/16 12:20:39 PM, Info: Commiting verification transaction...
9/14/16 12:20:39 PM, Info: Saving project information...
9/14/16 12:37:54 PM, Info: Initializing SIMPLSharp Services...
9/14/16 12:37:54 PM, Info: ProjectInfo successfully initialized.
9/14/16 12:37:56 PM, Info: Commiting verification transaction...
9/14/16 12:37:56 PM, Info: Saving project information...
9/14/16 12:39:55 PM, Info: Initializing SIMPLSharp Services...
9/14/16 12:39:55 PM, Info: ProjectInfo successfully initialized.
9/14/16 12:39:58 PM, Info: Commiting verification transaction...
9/14/16 12:39:58 PM, Info: Saving project information...
9/14/16 1:05:50 PM, Info: Initializing SIMPLSharp Services...
9/14/16 1:05:50 PM, Info: ProjectInfo successfully initialized.
9/14/16 1:05:53 PM, Info: Commiting verification transaction...
9/14/16 1:05:53 PM, Info: Saving project information...
9/14/16 3:06:34 PM, Info: Initializing SIMPLSharp Services...
9/14/16 3:06:34 PM, Info: ProjectInfo successfully initialized.
9/14/16 3:06:37 PM, Info: Commiting verification transaction...
9/14/16 3:06:37 PM, Info: Saving project information...
9/14/16 3:09:59 PM, Info: Initializing SIMPLSharp Services...
9/14/16 3:09:59 PM, Info: ProjectInfo successfully initialized.
9/14/16 3:09:59 PM, Info: Verifying archive C:\Dropbox\Projects\SIMPL#\HueLights\SIMPL\HueLights.clz...
9/14/16 3:10:00 PM, Info: Saving project information...
9/14/16 3:10:02 PM, Info: Commiting verification transaction...
9/14/16 3:10:02 PM, Info: Saving project information...
9/14/16 3:18:22 PM, Info: Initializing SIMPLSharp Services...
9/14/16 3:18:22 PM, Info: ProjectInfo successfully initialized.
9/14/16 3:18:22 PM, Info: Verifying archive C:\Dropbox\Projects\SIMPL#\HueLights\SIMPL\HueLights.clz...
9/14/16 3:18:22 PM, Info: Saving project information...
9/14/16 3:18:25 PM, Info: Commiting verification transaction...
9/14/16 3:18:25 PM, Info: Saving project information...
9/14/16 3:24:17 PM, Info: Initializing SIMPLSharp Services...
9/14/16 3:24:17 PM, Info: ProjectInfo successfully initialized.
9/14/16 3:24:17 PM, Info: Verifying archive C:\Dropbox\Projects\SIMPL#\HueLights\SIMPL\HueLights.clz...
9/14/16 3:24:18 PM, Info: Saving project information...
9/14/16 3:24:21 PM, Info: Commiting verification transaction...
9/14/16 3:24:21 PM, Info: Saving project information...
9/14/16 3:25:25 PM, Info: Initializing SIMPLSharp Services...
9/14/16 3:25:25 PM, Info: ProjectInfo successfully initialized.
9/14/16 3:25:25 PM, Info: Verifying archive C:\Dropbox\Projects\SIMPL#\HueLights\SIMPL\HueLights.clz...
9/14/16 3:25:25 PM, Info: Saving project information...
9/14/16 3:25:27 PM, Info: Commiting verification transaction...
9/14/16 3:25:27 PM, Info: Saving project information...
9/14/16 3:36:27 PM, Info: Initializing SIMPLSharp Services...
9/14/16 3:36:27 PM, Info: ProjectInfo successfully initialized.
9/14/16 3:36:28 PM, Info: Verifying archive C:\Dropbox\Projects\SIMPL#\HueLights\SIMPL\HueLights.clz...
9/14/16 3:36:28 PM, Info: Saving project information...
9/14/16 3:36:32 PM, Info: Commiting verification transaction...
9/14/16 3:36:32 PM, Info: Saving project information...
9/14/16 3:38:48 PM, Info: Initializing SIMPLSharp Services...
9/14/16 3:38:48 PM, Info: ProjectInfo successfully initialized.
9/14/16 3:38:48 PM, Info: Verifying archive C:\Dropbox\Projects\SIMPL#\HueLights\SIMPL\HueLights.clz...
9/14/16 3:38:49 PM, Info: Saving project information...
9/14/16 3:38:51 PM, Info: Commiting verification transaction...
9/14/16 3:38:51 PM, Info: Saving project information...
9/14/16 3:41:32 PM, Info: Initializing SIMPLSharp Services...
9/14/16 3:41:32 PM, Info: ProjectInfo successfully initialized.
9/14/16 3:41:32 PM, Info: Verifying archive C:\Dropbox\Projects\SIMPL#\HueLights\SIMPL\HueLights.clz...
9/14/16 3:41:33 PM, Info: Saving project information...
9/14/16 3:41:35 PM, Info: Commiting verification transaction...
9/14/16 3:41:35 PM, Info: Saving project information...
9/14/16 4:00:21 PM, Info: Initializing SIMPLSharp Services...
9/14/16 4:00:21 PM, Info: ProjectInfo successfully initialized.
9/14/16 4:00:23 PM, Info: Commiting verification transaction...
9/14/16 4:00:23 PM, Info: Saving project information...
9/14/16 4:03:39 PM, Info: Initializing SIMPLSharp Services...
9/14/16 4:03:39 PM, Info: ProjectInfo successfully initialized.
9/14/16 4:03:39 PM, Info: Verifying archive C:\Dropbox\Projects\SIMPL#\HueLights\SIMPL\HueLights.clz...
9/14/16 4:03:40 PM, Info: Saving project information...
9/14/16 4:03:43 PM, Info: Commiting verification transaction...
9/14/16 4:03:43 PM, Info: Saving project information...
9/14/16 4:07:41 PM, Info: Initializing SIMPLSharp Services...
9/14/16 4:07:41 PM, Info: ProjectInfo successfully initialized.
9/14/16 4:07:43 PM, Info: Commiting verification transaction...
9/14/16 4:07:43 PM, Info: Saving project information...
9/14/16 4:14:54 PM, Info: Initializing SIMPLSharp Services...
9/14/16 4:14:54 PM, Info: ProjectInfo successfully initialized.
9/14/16 4:14:54 PM, Info: Verifying archive C:\Dropbox\Projects\SIMPL#\HueLights\SIMPL\HueLights.clz...
9/14/16 4:14:54 PM, Info: Saving project information...
9/14/16 4:14:56 PM, Info: Commiting verification transaction...
9/14/16 4:14:56 PM, Info: Saving project information...
9/14/16 4:29:06 PM, Info: Initializing SIMPLSharp Services...
9/14/16 4:29:06 PM, Info: ProjectInfo successfully initialized.
9/14/16 4:29:06 PM, Info: Verifying archive C:\Dropbox\Projects\SIMPL#\HueLights\SIMPL\HueLights.clz...
9/14/16 4:29:06 PM, Info: Saving project information...
9/14/16 4:29:09 PM, Info: Commiting verification transaction...
9/14/16 4:29:09 PM, Info: Saving project information...
9/14/16 4:34:54 PM, Info: Initializing SIMPLSharp Services...
9/14/16 4:34:54 PM, Info: ProjectInfo successfully initialized.
9/14/16 4:34:54 PM, Info: Verifying archive C:\Dropbox\Projects\SIMPL#\HueLights\SIMPL\HueLights.clz...
9/14/16 4:34:55 PM, Info: Saving project information...
9/14/16 4:34:57 PM, Info: Commiting verification transaction...
9/14/16 4:34:57 PM, Info: Saving project information...
9/14/16 4:42:57 PM, Info: Initializing SIMPLSharp Services...
9/14/16 4:42:57 PM, Info: ProjectInfo successfully initialized.
9/14/16 4:42:57 PM, Info: Verifying archive C:\Dropbox\Projects\SIMPL#\HueLights\SIMPL\HueLights.clz...
9/14/16 4:42:58 PM, Info: Saving project information...
9/14/16 4:43:00 PM, Info: Commiting verification transaction...
9/14/16 4:43:00 PM, Info: Saving project information...
9/14/16 4:43:24 PM, Info: Initializing SIMPLSharp Services...
9/14/16 4:43:24 PM, Info: ProjectInfo successfully initialized.
9/14/16 4:43:24 PM, Info: Verifying archive C:\Dropbox\Projects\SIMPL#\HueLights\SIMPL\HueLights.clz...
9/14/16 4:43:25 PM, Info: Saving project information...
9/14/16 4:43:28 PM, Info: Commiting verification transaction...
9/14/16 4:43:28 PM, Info: Saving project information...
9/14/16 5:01:09 PM, Info: Initializing SIMPLSharp Services...
9/14/16 5:01:09 PM, Info: ProjectInfo successfully initialized.
9/14/16 5:01:09 PM, Info: Verifying archive C:\Dropbox\Projects\SIMPL#\HueLights\SIMPL\HueLights.clz...
9/14/16 5:01:09 PM, Info: Saving project information...
9/14/16 5:01:12 PM, Info: Commiting verification transaction...
9/14/16 5:01:12 PM, Info: Saving project information...
9/14/16 5:05:28 PM, Info: Initializing SIMPLSharp Services...
9/14/16 5:05:28 PM, Info: ProjectInfo successfully initialized.
9/14/16 5:05:28 PM, Info: Verifying archive C:\Dropbox\Projects\SIMPL#\HueLights\SIMPL\HueLights.clz...
9/14/16 5:05:29 PM, Info: Saving project information...
9/14/16 5:05:32 PM, Info: Commiting verification transaction...
9/14/16 5:05:32 PM, Info: Saving project information...
9/14/16 5:24:55 PM, Info: Initializing SIMPLSharp Services...
9/14/16 5:24:55 PM, Info: ProjectInfo successfully initialized.
9/14/16 5:24:58 PM, Info: Commiting verification transaction...
9/14/16 5:24:58 PM, Info: Saving project information...
9/14/16 5:26:51 PM, Info: Initializing SIMPLSharp Services...
9/14/16 5:26:51 PM, Info: ProjectInfo successfully initialized.
9/14/16 5:26:51 PM, Info: Verifying archive C:\Dropbox\Projects\SIMPL#\HueLights\SIMPL\HueLights.clz...
9/14/16 5:26:52 PM, Info: Saving project information...
9/14/16 5:26:55 PM, Info: Commiting verification transaction...
9/14/16 5:26:55 PM, Info: Saving project information...
9/14/16 5:29:54 PM, Info: Initializing SIMPLSharp Services...
9/14/16 5:29:54 PM, Info: ProjectInfo successfully initialized.
9/14/16 5:29:54 PM, Info: Verifying archive C:\Dropbox\Projects\SIMPL#\HueLights\SIMPL\HueLights.clz...
9/14/16 5:29:54 PM, Info: Saving project information...
9/14/16 5:29:57 PM, Info: Commiting verification transaction...
9/14/16 5:29:57 PM, Info: Saving project information...
9/14/16 7:53:45 PM, Info: Terminating SIMPLSharp Services
9/14/16 7:53:45 PM, Info: Saving project information...
9/14/16 7:53:45 PM, Info: Terminating SIMPLSharp Services
9/14/16 7:53:45 PM, Info: Saving project information...
9/14/16 7:53:45 PM, Info: Terminating SIMPLSharp Services
9/14/16 7:53:45 PM, Info: Saving project information...
9/14/16 7:53:45 PM, Info: Terminating SIMPLSharp Services
9/14/16 7:53:45 PM, Info: Saving project information...
9/14/16 7:53:45 PM, Info: Terminating SIMPLSharp Services
9/14/16 7:53:45 PM, Info: Saving project information...
9/14/16 7:53:45 PM, Info: Terminating SIMPLSharp Services
9/14/16 7:53:45 PM, Info: Saving project information...
9/14/16 7:53:45 PM, Info: Terminating SIMPLSharp Services
9/14/16 7:53:45 PM, Info: Saving project information...
9/14/16 7:53:45 PM, Info: Terminating SIMPLSharp Services
9/14/16 7:53:45 PM, Info: Saving project information...
9/14/16 7:53:45 PM, Info: Terminating SIMPLSharp Services
9/14/16 7:53:45 PM, Info: Saving project information...
9/14/16 7:53:45 PM, Info: Terminating SIMPLSharp Services
9/14/16 7:53:45 PM, Info: Saving project information...
9/14/16 7:53:45 PM, Info: Terminating SIMPLSharp Services
9/14/16 7:53:45 PM, Info: Saving project information...
9/14/16 7:53:45 PM, Info: Terminating SIMPLSharp Services
9/14/16 7:53:45 PM, Info: Saving project information...
9/14/16 7:53:45 PM, Info: Terminating SIMPLSharp Services
9/14/16 7:53:45 PM, Info: Saving project information...
9/14/16 7:53:45 PM, Info: Terminating SIMPLSharp Services
9/14/16 7:53:45 PM, Info: Saving project information...
9/14/16 7:53:45 PM, Info: Terminating SIMPLSharp Services
9/14/16 7:53:45 PM, Info: Saving project information...
9/14/16 7:53:45 PM, Info: Terminating SIMPLSharp Services
9/14/16 7:53:45 PM, Info: Saving project information...
9/14/16 7:53:45 PM, Info: Terminating SIMPLSharp Services
9/14/16 7:53:45 PM, Info: Saving project information...
9/14/16 7:53:45 PM, Info: Terminating SIMPLSharp Services
9/14/16 7:53:45 PM, Info: Saving project information...
9/14/16 7:53:45 PM, Info: Terminating SIMPLSharp Services
9/14/16 7:53:45 PM, Info: Saving project information...
9/14/16 7:53:45 PM, Info: Terminating SIMPLSharp Services
9/14/16 7:53:45 PM, Info: Saving project information...
9/14/16 7:53:45 PM, Info: Terminating SIMPLSharp Services
9/14/16 7:53:45 PM, Info: Saving project information...
9/14/16 7:53:45 PM, Info: Terminating SIMPLSharp Services
9/14/16 7:53:45 PM, Info: Saving project information...
9/14/16 7:53:45 PM, Info: Terminating SIMPLSharp Services
9/14/16 7:53:45 PM, Info: Saving project information...
9/14/16 7:53:45 PM, Info: Terminating SIMPLSharp Services
9/14/16 7:53:45 PM, Info: Saving project information...
9/14/16 7:53:45 PM, Info: Terminating SIMPLSharp Services
9/14/16 7:53:45 PM, Info: Saving project information...
9/14/16 7:53:45 PM, Info: Terminating SIMPLSharp Services
9/14/16 7:53:45 PM, Info: Saving project information...
9/14/16 7:53:45 PM, Info: Terminating SIMPLSharp Services
9/14/16 7:53:45 PM, Info: Saving project information...
9/14/16 7:53:45 PM, Info: Terminating SIMPLSharp Services
9/14/16 7:53:45 PM, Info: Saving project information...
9/14/16 7:53:45 PM, Info: Terminating SIMPLSharp Services
9/14/16 7:53:45 PM, Info: Saving project information...
9/14/16 7:53:45 PM, Info: Terminating SIMPLSharp Services
9/14/16 7:53:45 PM, Info: Saving project information...
9/14/16 7:53:45 PM, Info: Terminating SIMPLSharp Services
9/14/16 7:53:45 PM, Info: Saving project information...
9/14/16 7:53:45 PM, Info: Terminating SIMPLSharp Services
