10/4/2016 2:05:33 PM, Info: Initializing SIMPLSharp Services...
10/4/2016 2:05:33 PM, Info: ProjectInfo successfully initialized.
10/4/2016 2:05:33 PM, Info: Verifying archive C:\Dropbox\Crestron\Usrsplus\HueLights.clz...
10/4/2016 2:05:34 PM, Info: Saving project information...
10/4/2016 2:05:36 PM, Info: Verifying archive C:\Dropbox\Crestron\Usrsplus\HueLights.clz...
10/4/2016 2:05:37 PM, Info: Saving project information...
10/4/2016 2:05:39 PM, Info: Verifying archive C:\Dropbox\Crestron\Usrsplus\HueLights.clz...
10/4/2016 2:05:40 PM, Info: Saving project information...
10/4/2016 2:05:42 PM, Info: Commiting verification transaction...
10/4/2016 2:05:42 PM, Info: Saving project information...
10/4/2016 2:11:48 PM, Info: Initializing SIMPLSharp Services...
10/4/2016 2:11:48 PM, Info: ProjectInfo successfully initialized.
10/4/2016 2:11:48 PM, Info: Verifying archive C:\Dropbox\Crestron\Usrsplus\HueLights.clz...
10/4/2016 2:11:49 PM, Info: Saving project information...
10/4/2016 2:11:51 PM, Info: Verifying archive C:\Dropbox\Crestron\Usrsplus\HueLights.clz...
10/4/2016 2:11:52 PM, Info: Saving project information...
10/4/2016 2:11:53 PM, Info: Verifying archive C:\Dropbox\Crestron\Usrsplus\HueLights.clz...
10/4/2016 2:11:54 PM, Info: Saving project information...
10/4/2016 2:11:58 PM, Info: Commiting verification transaction...
10/4/2016 2:11:58 PM, Info: Saving project information...
10/4/2016 4:37:33 PM, Info: Terminating SIMPLSharp Services
10/4/2016 4:37:33 PM, Info: Saving project information...
10/4/2016 4:37:33 PM, Info: Terminating SIMPLSharp Services
