9/14/16 12:19:47 PM, Info: Initializing SIMPLSharp Services...
9/14/16 12:19:47 PM, Info: ProjectInfo successfully initialized.
9/14/16 12:19:47 PM, Info: Verifying archive C:\Dropbox\Projects\SIMPL#\HueLights\SIMPL\HueLights.clz...
9/14/16 12:19:47 PM, Info: Saving project information...
9/14/16 12:20:29 PM, Info: Initializing SIMPLSharp Services...
9/14/16 12:20:29 PM, Info: ProjectInfo successfully initialized.
9/14/16 12:20:29 PM, Info: Verifying archive C:\Dropbox\Projects\SIMPL#\HueLights\SIMPL\HueLights.clz...
9/14/16 12:20:30 PM, Info: Saving project information...
9/14/16 12:29:42 PM, Info: Initializing SIMPLSharp Services...
9/14/16 12:29:42 PM, Info: ProjectInfo successfully initialized.
9/14/16 12:29:42 PM, Info: Verifying archive C:\Dropbox\Projects\SIMPL#\HueLights\SIMPL\HueLights.clz...
9/14/16 12:29:42 PM, Info: Saving project information...
9/14/16 12:30:04 PM, Info: Initializing SIMPLSharp Services...
9/14/16 12:30:04 PM, Info: ProjectInfo successfully initialized.
9/14/16 12:30:04 PM, Info: Verifying archive C:\Dropbox\Projects\SIMPL#\HueLights\SIMPL\HueLights.clz...
9/14/16 12:30:05 PM, Info: Saving project information...
9/14/16 12:30:33 PM, Info: Initializing SIMPLSharp Services...
9/14/16 12:30:33 PM, Info: ProjectInfo successfully initialized.
9/14/16 12:30:33 PM, Info: Verifying archive C:\Dropbox\Projects\SIMPL#\HueLights\SIMPL\HueLights.clz...
9/14/16 12:30:34 PM, Info: Saving project information...
9/14/16 12:31:08 PM, Info: Initializing SIMPLSharp Services...
9/14/16 12:31:08 PM, Info: ProjectInfo successfully initialized.
9/14/16 12:31:08 PM, Info: Verifying archive C:\Dropbox\Projects\SIMPL#\HueLights\SIMPL\HueLights.clz...
9/14/16 12:31:08 PM, Info: Saving project information...
9/14/16 12:39:46 PM, Info: Initializing SIMPLSharp Services...
9/14/16 12:39:46 PM, Info: ProjectInfo successfully initialized.
9/14/16 12:39:46 PM, Info: Verifying archive C:\Dropbox\Projects\SIMPL#\HueLights\SIMPL\HueLights.clz...
9/14/16 12:39:47 PM, Info: Saving project information...
9/14/16 1:02:24 PM, Info: Initializing SIMPLSharp Services...
9/14/16 1:02:24 PM, Info: ProjectInfo successfully initialized.
9/14/16 1:02:24 PM, Info: Verifying archive C:\Dropbox\Projects\SIMPL#\HueLights\SIMPL\HueLights.clz...
9/14/16 1:02:25 PM, Info: Saving project information...
9/14/16 1:03:48 PM, Info: Initializing SIMPLSharp Services...
9/14/16 1:03:48 PM, Info: ProjectInfo successfully initialized.
9/14/16 1:03:48 PM, Info: Verifying archive C:\Dropbox\Projects\SIMPL#\HueLights\SIMPL\HueLights.clz...
9/14/16 1:03:50 PM, Info: Saving project information...
9/14/16 2:57:30 PM, Info: Initializing SIMPLSharp Services...
9/14/16 2:57:30 PM, Info: ProjectInfo successfully initialized.
9/14/16 2:57:30 PM, Info: Verifying archive C:\Dropbox\Projects\SIMPL#\HueLights\SIMPL\HueLights.clz...
9/14/16 2:57:31 PM, Info: Saving project information...
9/14/16 2:58:45 PM, Info: Initializing SIMPLSharp Services...
9/14/16 2:58:45 PM, Info: ProjectInfo successfully initialized.
9/14/16 2:58:45 PM, Info: Verifying archive C:\Dropbox\Projects\SIMPL#\HueLights\SIMPL\HueLights.clz...
9/14/16 2:58:46 PM, Info: Saving project information...
9/14/16 2:59:09 PM, Info: Initializing SIMPLSharp Services...
9/14/16 2:59:09 PM, Info: ProjectInfo successfully initialized.
9/14/16 2:59:09 PM, Info: Verifying archive C:\Dropbox\Projects\SIMPL#\HueLights\SIMPL\HueLights.clz...
9/14/16 2:59:10 PM, Info: Saving project information...
9/14/16 3:54:11 PM, Info: Initializing SIMPLSharp Services...
9/14/16 3:54:11 PM, Info: ProjectInfo successfully initialized.
9/14/16 3:54:11 PM, Info: Verifying archive C:\Dropbox\Projects\SIMPL#\HueLights\SIMPL\HueLights.clz...
9/14/16 3:54:12 PM, Info: Saving project information...
9/14/16 4:00:16 PM, Info: Initializing SIMPLSharp Services...
9/14/16 4:00:16 PM, Info: ProjectInfo successfully initialized.
9/14/16 4:00:16 PM, Info: Verifying archive C:\Dropbox\Projects\SIMPL#\HueLights\SIMPL\HueLights.clz...
9/14/16 4:00:18 PM, Info: Saving project information...
9/14/16 4:07:36 PM, Info: Initializing SIMPLSharp Services...
9/14/16 4:07:36 PM, Info: ProjectInfo successfully initialized.
9/14/16 4:07:36 PM, Info: Verifying archive C:\Dropbox\Projects\SIMPL#\HueLights\SIMPL\HueLights.clz...
9/14/16 4:07:36 PM, Info: Saving project information...
9/14/16 5:08:48 PM, Info: Initializing SIMPLSharp Services...
9/14/16 5:08:48 PM, Info: ProjectInfo successfully initialized.
9/14/16 5:08:48 PM, Info: Verifying archive C:\Dropbox\Projects\SIMPL#\HueLights\SIMPL\HueLights.clz...
9/14/16 5:08:48 PM, Info: Saving project information...
9/14/16 5:08:59 PM, Info: Initializing SIMPLSharp Services...
9/14/16 5:08:59 PM, Info: ProjectInfo successfully initialized.
9/14/16 5:15:05 PM, Info: Initializing SIMPLSharp Services...
9/14/16 5:15:05 PM, Info: ProjectInfo successfully initialized.
9/14/16 5:15:05 PM, Info: Verifying archive C:\Dropbox\Projects\SIMPL#\HueLights\SIMPL\HueLights.clz...
9/14/16 5:15:05 PM, Info: Saving project information...
9/14/16 5:17:59 PM, Info: Initializing SIMPLSharp Services...
9/14/16 5:17:59 PM, Info: ProjectInfo successfully initialized.
9/14/16 5:17:59 PM, Info: Verifying archive C:\Dropbox\Projects\SIMPL#\HueLights\SIMPL\HueLights.clz...
9/14/16 5:17:59 PM, Info: Saving project information...
9/14/16 5:18:20 PM, Info: Terminating SIMPLSharp Services
9/14/16 5:18:20 PM, Info: Saving project information...
9/14/16 5:18:20 PM, Info: Terminating SIMPLSharp Services
9/14/16 5:18:20 PM, Info: Saving project information...
9/14/16 5:18:20 PM, Info: Terminating SIMPLSharp Services
9/14/16 5:18:20 PM, Info: Saving project information...
9/14/16 5:18:20 PM, Info: Terminating SIMPLSharp Services
9/14/16 5:18:20 PM, Info: Saving project information...
9/14/16 5:18:20 PM, Info: Terminating SIMPLSharp Services
9/14/16 5:18:20 PM, Info: Saving project information...
9/14/16 5:18:20 PM, Info: Terminating SIMPLSharp Services
9/14/16 5:18:20 PM, Info: Saving project information...
9/14/16 5:18:20 PM, Info: Terminating SIMPLSharp Services
9/14/16 5:18:20 PM, Info: Saving project information...
9/14/16 5:18:20 PM, Info: Terminating SIMPLSharp Services
9/14/16 5:18:20 PM, Info: Saving project information...
9/14/16 5:18:20 PM, Info: Terminating SIMPLSharp Services
9/14/16 5:18:20 PM, Info: Saving project information...
9/14/16 5:18:20 PM, Info: Terminating SIMPLSharp Services
9/14/16 5:18:20 PM, Info: Saving project information...
9/14/16 5:18:20 PM, Info: Terminating SIMPLSharp Services
9/14/16 5:18:20 PM, Info: Saving project information...
9/14/16 5:18:20 PM, Info: Terminating SIMPLSharp Services
9/14/16 5:18:20 PM, Info: Saving project information...
9/14/16 5:18:20 PM, Info: Terminating SIMPLSharp Services
9/14/16 5:18:20 PM, Info: Saving project information...
9/14/16 5:18:20 PM, Info: Terminating SIMPLSharp Services
9/14/16 5:18:20 PM, Info: Saving project information...
9/14/16 5:18:20 PM, Info: Terminating SIMPLSharp Services
9/14/16 5:18:20 PM, Info: Saving project information...
9/14/16 5:18:20 PM, Info: Terminating SIMPLSharp Services
9/14/16 5:18:20 PM, Info: Saving project information...
9/14/16 5:18:20 PM, Info: Terminating SIMPLSharp Services
9/14/16 5:18:20 PM, Info: Saving project information...
9/14/16 5:18:20 PM, Info: Terminating SIMPLSharp Services
9/14/16 5:18:20 PM, Info: Saving project information...
9/14/16 5:18:20 PM, Info: Terminating SIMPLSharp Services
