5/26/17 6:30:01 AM, Info: Initializing SIMPLSharp Services...
5/26/17 6:30:02 AM, Info: ProjectInfo successfully initialized.
5/26/17 6:30:02 AM, Info: Verifying archive C:\Dropbox\Crestron\Usrsplus\HueLights.clz...
5/26/17 6:30:04 AM, Info: Saving project information...
5/26/17 6:30:05 AM, Info: Verifying archive C:\Dropbox\Crestron\Usrsplus\HueLights.clz...
5/26/17 6:30:05 AM, Info: Saving project information...
5/26/17 6:30:06 AM, Info: Verifying archive C:\Dropbox\Crestron\Usrsplus\HueLights.clz...
5/26/17 6:30:06 AM, Info: Saving project information...
5/26/17 6:30:08 AM, Info: Commiting verification transaction...
5/26/17 6:30:08 AM, Info: Saving project information...
5/26/17 6:44:33 AM, Info: Initializing SIMPLSharp Services...
5/26/17 6:44:33 AM, Info: ProjectInfo successfully initialized.
5/26/17 6:44:33 AM, Info: Verifying archive C:\Dropbox\Crestron\Usrsplus\HueLights.clz...
5/26/17 6:44:34 AM, Info: Saving project information...
5/26/17 6:44:35 AM, Info: Verifying archive C:\Dropbox\Crestron\Usrsplus\HueLights.clz...
5/26/17 6:44:35 AM, Info: Saving project information...
5/26/17 6:44:36 AM, Info: Verifying archive C:\Dropbox\Crestron\Usrsplus\HueLights.clz...
5/26/17 6:44:36 AM, Info: Saving project information...
5/26/17 6:44:37 AM, Info: Commiting verification transaction...
5/26/17 6:44:37 AM, Info: Saving project information...
5/26/17 6:47:30 AM, Info: Initializing SIMPLSharp Services...
5/26/17 6:47:30 AM, Info: ProjectInfo successfully initialized.
5/26/17 6:47:30 AM, Info: Verifying archive C:\Dropbox\Crestron\Usrsplus\HueLights.clz...
5/26/17 6:47:31 AM, Info: Saving project information...
5/26/17 6:47:32 AM, Info: Verifying archive C:\Dropbox\Crestron\Usrsplus\HueLights.clz...
5/26/17 6:47:32 AM, Info: Saving project information...
5/26/17 6:47:32 AM, Info: Verifying archive C:\Dropbox\Crestron\Usrsplus\HueLights.clz...
5/26/17 6:47:33 AM, Info: Saving project information...
5/26/17 6:47:33 AM, Info: Commiting verification transaction...
5/26/17 6:47:33 AM, Info: Saving project information...
5/26/17 6:54:28 AM, Info: Initializing SIMPLSharp Services...
5/26/17 6:54:28 AM, Info: ProjectInfo successfully initialized.
5/26/17 6:54:29 AM, Info: Verifying archive C:\Dropbox\Crestron\Usrsplus\HueLights.clz...
5/26/17 6:54:30 AM, Info: Saving project information...
5/26/17 6:54:30 AM, Info: Verifying archive C:\Dropbox\Crestron\Usrsplus\HueLights.clz...
5/26/17 6:54:31 AM, Info: Saving project information...
5/26/17 6:54:31 AM, Info: Verifying archive C:\Dropbox\Crestron\Usrsplus\HueLights.clz...
5/26/17 6:54:31 AM, Info: Saving project information...
5/26/17 6:54:32 AM, Info: Commiting verification transaction...
5/26/17 6:54:32 AM, Info: Saving project information...
5/26/17 6:56:56 AM, Info: Initializing SIMPLSharp Services...
5/26/17 6:56:56 AM, Info: ProjectInfo successfully initialized.
5/26/17 6:56:56 AM, Info: Verifying archive C:\Dropbox\Crestron\Usrsplus\HueLights.clz...
5/26/17 6:56:57 AM, Info: Saving project information...
5/26/17 6:56:58 AM, Info: Verifying archive C:\Dropbox\Crestron\Usrsplus\HueLights.clz...
5/26/17 6:56:58 AM, Info: Saving project information...
5/26/17 6:56:58 AM, Info: Verifying archive C:\Dropbox\Crestron\Usrsplus\HueLights.clz...
5/26/17 6:56:59 AM, Info: Saving project information...
5/26/17 6:56:59 AM, Info: Commiting verification transaction...
5/26/17 6:56:59 AM, Info: Saving project information...
5/26/17 6:58:57 AM, Info: Terminating SIMPLSharp Services
5/26/17 6:58:57 AM, Info: Saving project information...
5/26/17 6:58:57 AM, Info: Terminating SIMPLSharp Services
5/26/17 6:58:57 AM, Info: Saving project information...
5/26/17 6:58:57 AM, Info: Terminating SIMPLSharp Services
5/26/17 6:58:57 AM, Info: Saving project information...
5/26/17 6:58:57 AM, Info: Terminating SIMPLSharp Services
5/26/17 6:58:57 AM, Info: Saving project information...
5/26/17 6:58:57 AM, Info: Terminating SIMPLSharp Services
