5/24/17 6:10:03 AM, Info: Initializing SIMPLSharp Services...
5/24/17 6:10:03 AM, Info: ProjectInfo successfully initialized.
5/24/17 6:10:32 AM, Info: Verifying archive C:\Dropbox\Projects\SIMPL\Engineering\DMPS3\DMPS-Prog0\FlashPolicyServerSIMPLSharp.clz...
5/24/17 6:10:32 AM, Info: Saving project information...
5/24/17 6:10:34 AM, Info: Commiting verification transaction...
5/24/17 6:10:34 AM, Info: Saving project information...
5/24/17 6:50:40 AM, Info: Initializing SIMPLSharp Services...
5/24/17 6:50:40 AM, Info: ProjectInfo successfully initialized.
5/24/17 6:51:06 AM, Info: Verifying archive C:\Dropbox\Projects\SIMPL\Engineering\DMPS3\DMPS-Prog0\FlashPolicyServerSIMPLSharp.clz...
5/24/17 6:51:06 AM, Info: Saving project information...
5/24/17 6:51:08 AM, Info: Commiting verification transaction...
5/24/17 6:51:08 AM, Info: Saving project information...
5/24/17 7:20:49 AM, Info: Initializing SIMPLSharp Services...
5/24/17 7:20:49 AM, Info: ProjectInfo successfully initialized.
5/24/17 7:21:20 AM, Info: Verifying archive C:\Dropbox\Projects\SIMPL\Engineering\DMPS3\DMPS-Prog0\FlashPolicyServerSIMPLSharp.clz...
5/24/17 7:21:20 AM, Info: Saving project information...
5/24/17 7:21:22 AM, Info: Commiting verification transaction...
5/24/17 7:21:22 AM, Info: Saving project information...
5/24/17 11:50:29 AM, Info: Initializing SIMPLSharp Services...
5/24/17 11:50:29 AM, Info: ProjectInfo successfully initialized.
5/24/17 11:51:02 AM, Info: Verifying archive C:\Dropbox\Projects\SIMPL\Engineering\DMPS3\DMPS-Prog0\FlashPolicyServerSIMPLSharp.clz...
5/24/17 11:51:03 AM, Info: Saving project information...
5/24/17 11:51:04 AM, Info: Commiting verification transaction...
5/24/17 11:51:04 AM, Info: Saving project information...
5/24/17 1:11:24 PM, Info: Initializing SIMPLSharp Services...
5/24/17 1:11:24 PM, Info: ProjectInfo successfully initialized.
5/24/17 1:11:25 PM, Info: Verifying archive C:\Dropbox\Crestron\Usrsplus\HueLights.clz...
5/24/17 1:11:27 PM, Info: Saving project information...
5/24/17 1:11:27 PM, Info: Verifying archive C:\Dropbox\Crestron\Usrsplus\HueLights.clz...
5/24/17 1:11:29 PM, Info: Saving project information...
5/24/17 1:11:29 PM, Info: Verifying archive C:\Dropbox\Crestron\Usrsplus\HueLights.clz...
5/24/17 1:11:30 PM, Info: Saving project information...
5/24/17 1:11:31 PM, Info: Commiting verification transaction...
5/24/17 1:11:31 PM, Info: Saving project information...
5/24/17 1:16:21 PM, Info: Initializing SIMPLSharp Services...
5/24/17 1:16:21 PM, Info: ProjectInfo successfully initialized.
5/24/17 1:16:22 PM, Info: Verifying archive C:\Dropbox\Crestron\Usrsplus\HueLights.clz...
5/24/17 1:16:23 PM, Info: Saving project information...
5/24/17 1:16:24 PM, Info: Verifying archive C:\Dropbox\Crestron\Usrsplus\HueLights.clz...
5/24/17 1:16:24 PM, Info: Saving project information...
5/24/17 1:16:25 PM, Info: Commiting verification transaction...
5/24/17 1:16:25 PM, Info: Saving project information...
5/24/17 1:26:10 PM, Info: Initializing SIMPLSharp Services...
5/24/17 1:26:10 PM, Info: ProjectInfo successfully initialized.
5/24/17 1:26:11 PM, Info: Verifying archive C:\Dropbox\Crestron\Usrsplus\HueLights.clz...
5/24/17 1:26:12 PM, Info: Saving project information...
5/24/17 1:26:13 PM, Info: Verifying archive C:\Dropbox\Crestron\Usrsplus\HueLights.clz...
5/24/17 1:26:13 PM, Info: Saving project information...
5/24/17 1:26:15 PM, Info: Verifying archive C:\Dropbox\Crestron\Usrsplus\HueLights.clz...
5/24/17 1:26:16 PM, Info: Saving project information...
5/24/17 1:26:18 PM, Info: Commiting verification transaction...
5/24/17 1:26:18 PM, Info: Saving project information...
5/24/17 1:26:34 PM, Info: Initializing SIMPLSharp Services...
5/24/17 1:26:34 PM, Info: ProjectInfo successfully initialized.
5/24/17 1:26:35 PM, Info: Verifying archive C:\Dropbox\Crestron\Usrsplus\HueLights.clz...
5/24/17 1:26:36 PM, Info: Saving project information...
5/24/17 1:26:36 PM, Info: Verifying archive C:\Dropbox\Crestron\Usrsplus\HueLights.clz...
5/24/17 1:26:37 PM, Info: Saving project information...
5/24/17 1:26:38 PM, Info: Verifying archive C:\Dropbox\Crestron\Usrsplus\HueLights.clz...
5/24/17 1:26:38 PM, Info: Saving project information...
5/24/17 1:26:39 PM, Info: Commiting verification transaction...
5/24/17 1:26:39 PM, Info: Saving project information...
5/25/17 6:48:34 AM, Info: Initializing SIMPLSharp Services...
5/25/17 6:48:34 AM, Info: ProjectInfo successfully initialized.
5/25/17 6:48:34 AM, Info: Verifying archive C:\Dropbox\Crestron\Usrsplus\HueLights.clz...
5/25/17 6:48:35 AM, Info: Saving project information...
5/25/17 6:48:36 AM, Info: Verifying archive C:\Dropbox\Crestron\Usrsplus\HueLights.clz...
5/25/17 6:48:36 AM, Info: Saving project information...
5/25/17 6:48:37 AM, Info: Verifying archive C:\Dropbox\Crestron\Usrsplus\HueLights.clz...
5/25/17 6:48:37 AM, Info: Saving project information...
5/25/17 6:48:38 AM, Info: Commiting verification transaction...
5/25/17 6:48:38 AM, Info: Saving project information...
5/25/17 6:51:38 AM, Info: Initializing SIMPLSharp Services...
5/25/17 6:51:38 AM, Info: ProjectInfo successfully initialized.
5/25/17 6:51:39 AM, Info: Verifying archive C:\Dropbox\Crestron\Usrsplus\HueLights.clz...
5/25/17 6:51:40 AM, Info: Saving project information...
5/25/17 6:51:40 AM, Info: Verifying archive C:\Dropbox\Crestron\Usrsplus\HueLights.clz...
5/25/17 6:51:41 AM, Info: Saving project information...
5/25/17 6:51:41 AM, Info: Verifying archive C:\Dropbox\Crestron\Usrsplus\HueLights.clz...
5/25/17 6:51:42 AM, Info: Saving project information...
5/25/17 6:51:42 AM, Info: Commiting verification transaction...
5/25/17 6:51:42 AM, Info: Saving project information...
5/25/17 7:11:23 AM, Info: Terminating SIMPLSharp Services
5/25/17 7:11:23 AM, Info: Saving project information...
5/25/17 7:11:23 AM, Info: Terminating SIMPLSharp Services
5/25/17 7:11:23 AM, Info: Saving project information...
5/25/17 7:11:23 AM, Info: Terminating SIMPLSharp Services
5/25/17 7:11:23 AM, Info: Saving project information...
5/25/17 7:11:23 AM, Info: Terminating SIMPLSharp Services
5/25/17 7:11:23 AM, Info: Saving project information...
5/25/17 7:11:23 AM, Info: Terminating SIMPLSharp Services
5/25/17 7:11:23 AM, Info: Saving project information...
5/25/17 7:11:23 AM, Info: Terminating SIMPLSharp Services
5/25/17 7:11:23 AM, Info: Saving project information...
5/25/17 7:11:23 AM, Info: Terminating SIMPLSharp Services
5/25/17 7:11:23 AM, Info: Saving project information...
5/25/17 7:11:23 AM, Info: Terminating SIMPLSharp Services
5/25/17 7:11:23 AM, Info: Saving project information...
5/25/17 7:11:23 AM, Info: Terminating SIMPLSharp Services
5/25/17 7:11:23 AM, Info: Saving project information...
5/25/17 7:11:23 AM, Info: Terminating SIMPLSharp Services
