10/1/17 2:03:06 PM, Info: Initializing SIMPLSharp Services...
10/1/17 2:03:06 PM, Info: ProjectInfo successfully initialized.
10/1/17 2:03:07 PM, Info: Verifying archive C:\Dropbox\Projects\Thyden\SIMPL\SPlsWork\AffinityClientConnection.clz...
10/1/17 2:03:08 PM, Info: Saving project information...
10/1/17 2:03:10 PM, Info: Verifying archive C:\Dropbox\Crestron\Usrsplus\DirecTV.clz...
10/1/17 2:03:10 PM, Info: Saving project information...
10/1/17 2:03:11 PM, Info: Verifying archive C:\Dropbox\Crestron\Usrsplus\HueLights.clz...
10/1/17 2:03:12 PM, Info: Saving project information...
10/1/17 2:03:12 PM, Info: Verifying archive C:\Dropbox\Crestron\Usrsplus\HueLights.clz...
10/1/17 2:03:13 PM, Info: Saving project information...
10/1/17 2:03:14 PM, Info: Verifying archive C:\Dropbox\Projects\Thyden\SIMPL\SPlsWork\AffinityClientConnection.clz...
10/1/17 2:03:15 PM, Info: Saving project information...
10/1/17 2:03:16 PM, Info: Commiting verification transaction...
10/1/17 2:03:16 PM, Info: Saving project information...
10/1/17 2:04:00 PM, Info: Initializing SIMPLSharp Services...
10/1/17 2:04:00 PM, Info: ProjectInfo successfully initialized.
10/1/17 2:04:00 PM, Info: Verifying archive C:\Dropbox\Projects\Thyden\SIMPL\SPlsWork\AffinityClientConnection.clz...
10/1/17 2:04:03 PM, Info: Saving project information...
10/1/17 2:04:04 PM, Info: Verifying archive C:\Dropbox\Crestron\Usrsplus\DirecTV.clz...
10/1/17 2:04:04 PM, Info: Saving project information...
10/1/17 2:04:05 PM, Info: Verifying archive C:\Dropbox\Crestron\Usrsplus\HueLights.clz...
10/1/17 2:04:05 PM, Info: Saving project information...
10/1/17 2:04:06 PM, Info: Verifying archive C:\Dropbox\Crestron\Usrsplus\HueLights.clz...
10/1/17 2:04:07 PM, Info: Saving project information...
10/1/17 2:04:08 PM, Info: Verifying archive C:\Dropbox\Projects\Thyden\SIMPL\SPlsWork\AffinityClientConnection.clz...
10/1/17 2:04:10 PM, Info: Saving project information...
10/1/17 2:04:11 PM, Info: Commiting verification transaction...
10/1/17 2:04:11 PM, Info: Saving project information...
10/1/17 3:35:29 PM, Info: Initializing SIMPLSharp Services...
10/1/17 3:35:29 PM, Info: ProjectInfo successfully initialized.
10/1/17 3:35:29 PM, Info: Verifying archive C:\Dropbox\Projects\Thyden\SIMPL\SPlsWork\AffinityClientConnection.clz...
10/1/17 3:35:32 PM, Info: Saving project information...
10/1/17 3:35:34 PM, Info: Verifying archive C:\Dropbox\Crestron\Usrsplus\DirecTV.clz...
10/1/17 3:35:34 PM, Info: Saving project information...
10/1/17 3:35:34 PM, Info: Verifying archive C:\Dropbox\Crestron\Usrsplus\HueLights.clz...
10/1/17 3:35:35 PM, Info: Saving project information...
10/1/17 3:35:36 PM, Info: Verifying archive C:\Dropbox\Crestron\Usrsplus\HueLights.clz...
10/1/17 3:35:37 PM, Info: Saving project information...
10/1/17 3:35:37 PM, Info: Verifying archive C:\Dropbox\Crestron\Usrsplus\HueLights.clz...
10/1/17 3:35:37 PM, Info: Saving project information...
10/1/17 3:35:37 PM, Info: Verifying archive C:\Dropbox\Crestron\Usrsplus\HueLights.clz...
10/1/17 3:35:38 PM, Info: Saving project information...
10/1/17 3:35:38 PM, Info: Verifying archive C:\Dropbox\Projects\Thyden\SIMPL\SPlsWork\AffinityClientConnection.clz...
10/1/17 3:35:39 PM, Info: Saving project information...
10/1/17 3:35:41 PM, Info: Commiting verification transaction...
10/1/17 3:35:41 PM, Info: Saving project information...
10/2/17 8:38:58 AM, Info: Initializing SIMPLSharp Services...
10/2/17 8:38:58 AM, Info: ProjectInfo successfully initialized.
10/2/17 8:38:59 AM, Info: Verifying archive C:\Dropbox\Projects\Thyden\SIMPL\SPlsWork\AffinityClientConnection.clz...
10/2/17 8:39:00 AM, Info: Saving project information...
10/2/17 8:39:02 AM, Info: Verifying archive C:\Dropbox\Crestron\Usrsplus\DirecTV.clz...
10/2/17 8:39:02 AM, Info: Saving project information...
10/2/17 8:39:03 AM, Info: Verifying archive C:\Dropbox\Crestron\Usrsplus\HueLights.clz...
10/2/17 8:39:03 AM, Info: Saving project information...
10/2/17 8:39:04 AM, Info: Verifying archive C:\Dropbox\Crestron\Usrsplus\HueLights.clz...
10/2/17 8:39:05 AM, Info: Saving project information...
10/2/17 8:39:05 AM, Info: Verifying archive C:\Dropbox\Crestron\Usrsplus\HueLights.clz...
10/2/17 8:39:05 AM, Info: Saving project information...
10/2/17 8:39:06 AM, Info: Verifying archive C:\Dropbox\Crestron\Usrsplus\HueLights.clz...
10/2/17 8:39:06 AM, Info: Saving project information...
10/2/17 8:39:06 AM, Info: Verifying archive C:\Dropbox\Projects\Thyden\SIMPL\SPlsWork\AffinityClientConnection.clz...
10/2/17 8:39:08 AM, Info: Saving project information...
10/2/17 8:39:09 AM, Info: Commiting verification transaction...
10/2/17 8:39:09 AM, Info: Saving project information...
10/2/17 8:47:19 AM, Info: Initializing SIMPLSharp Services...
10/2/17 8:47:19 AM, Info: ProjectInfo successfully initialized.
10/2/17 8:47:20 AM, Info: Verifying archive C:\Dropbox\Projects\Thyden\SIMPL\SPlsWork\AffinityClientConnection.clz...
10/2/17 8:47:21 AM, Info: Saving project information...
10/2/17 8:47:22 AM, Info: Verifying archive C:\Dropbox\Crestron\Usrsplus\DirecTV.clz...
10/2/17 8:47:23 AM, Info: Saving project information...
10/2/17 8:47:23 AM, Info: Verifying archive C:\Dropbox\Crestron\Usrsplus\HueLights.clz...
10/2/17 8:47:24 AM, Info: Saving project information...
10/2/17 8:47:25 AM, Info: Verifying archive C:\Dropbox\Crestron\Usrsplus\HueLights.clz...
10/2/17 8:47:26 AM, Info: Saving project information...
10/2/17 8:47:27 AM, Info: Verifying archive C:\Dropbox\Projects\Thyden\SIMPL\SPlsWork\AffinityClientConnection.clz...
10/2/17 8:47:28 AM, Info: Saving project information...
10/2/17 8:47:30 AM, Info: Commiting verification transaction...
10/2/17 8:47:30 AM, Info: Saving project information...
10/2/17 9:03:29 AM, Info: Initializing SIMPLSharp Services...
10/2/17 9:03:29 AM, Info: ProjectInfo successfully initialized.
10/2/17 9:03:30 AM, Info: Verifying archive C:\Dropbox\Projects\Thyden\SIMPL\SPlsWork\AffinityClientConnection.clz...
10/2/17 9:03:31 AM, Info: Saving project information...
10/2/17 9:03:33 AM, Info: Verifying archive C:\Dropbox\Crestron\Usrsplus\DirecTV.clz...
10/2/17 9:03:33 AM, Info: Saving project information...
10/2/17 9:03:34 AM, Info: Verifying archive C:\Dropbox\Crestron\Usrsplus\HueLights.clz...
10/2/17 9:03:34 AM, Info: Saving project information...
10/2/17 9:03:35 AM, Info: Verifying archive C:\Dropbox\Crestron\Usrsplus\HueLights.clz...
10/2/17 9:03:36 AM, Info: Saving project information...
10/2/17 9:03:37 AM, Info: Commiting verification transaction...
10/2/17 9:03:37 AM, Info: Saving project information...
10/2/17 11:12:49 AM, Info: Initializing SIMPLSharp Services...
10/2/17 11:12:49 AM, Info: ProjectInfo successfully initialized.
10/2/17 11:12:49 AM, Info: Verifying archive C:\Dropbox\Projects\Thyden\SIMPL\SPlsWork\AffinityClientConnection.clz...
10/2/17 11:12:51 AM, Info: Saving project information...
10/2/17 11:12:52 AM, Info: Verifying archive C:\Dropbox\Crestron\Usrsplus\DirecTV.clz...
10/2/17 11:12:53 AM, Info: Saving project information...
10/2/17 11:12:53 AM, Info: Verifying archive C:\Dropbox\Crestron\Usrsplus\HueLights.clz...
10/2/17 11:12:54 AM, Info: Saving project information...
10/2/17 11:12:55 AM, Info: Verifying archive C:\Dropbox\Crestron\Usrsplus\HueLights.clz...
10/2/17 11:12:56 AM, Info: Saving project information...
10/2/17 11:12:56 AM, Info: Verifying archive C:\Dropbox\Projects\Thyden\SIMPL\SPlsWork\AffinityClientConnection.clz...
10/2/17 11:12:58 AM, Info: Saving project information...
10/2/17 11:12:59 AM, Info: Commiting verification transaction...
10/2/17 11:12:59 AM, Info: Saving project information...
10/2/17 11:30:43 AM, Info: Initializing SIMPLSharp Services...
10/2/17 11:30:43 AM, Info: ProjectInfo successfully initialized.
10/2/17 11:30:44 AM, Info: Verifying archive C:\Dropbox\Projects\Thyden\SIMPL\SPlsWork\AffinityClientConnection.clz...
10/2/17 11:30:45 AM, Info: Saving project information...
10/2/17 11:30:47 AM, Info: Verifying archive C:\Dropbox\Crestron\Usrsplus\DirecTV.clz...
10/2/17 11:30:47 AM, Info: Saving project information...
10/2/17 11:30:48 AM, Info: Verifying archive C:\Dropbox\Crestron\Usrsplus\HueLights.clz...
10/2/17 11:30:48 AM, Info: Saving project information...
10/2/17 11:30:49 AM, Info: Verifying archive C:\Dropbox\Crestron\Usrsplus\HueLights.clz...
10/2/17 11:30:50 AM, Info: Saving project information...
10/2/17 11:30:50 AM, Info: Verifying archive C:\Dropbox\Projects\Thyden\SIMPL\SPlsWork\AffinityClientConnection.clz...
10/2/17 11:30:52 AM, Info: Saving project information...
10/2/17 11:30:53 AM, Info: Commiting verification transaction...
10/2/17 11:30:53 AM, Info: Saving project information...
10/2/17 11:51:08 AM, Info: Initializing SIMPLSharp Services...
10/2/17 11:51:08 AM, Info: ProjectInfo successfully initialized.
10/2/17 11:51:09 AM, Info: Verifying archive C:\Dropbox\Projects\Thyden\SIMPL\SPlsWork\AffinityClientConnection.clz...
10/2/17 11:51:10 AM, Info: Saving project information...
10/2/17 11:51:12 AM, Info: Verifying archive C:\Dropbox\Crestron\Usrsplus\DirecTV.clz...
10/2/17 11:51:12 AM, Info: Saving project information...
10/2/17 11:51:13 AM, Info: Verifying archive C:\Dropbox\Crestron\Usrsplus\HueLights.clz...
10/2/17 11:51:13 AM, Info: Saving project information...
10/2/17 11:51:14 AM, Info: Verifying archive C:\Dropbox\Crestron\Usrsplus\HueLights.clz...
10/2/17 11:51:15 AM, Info: Saving project information...
10/2/17 11:51:16 AM, Info: Commiting verification transaction...
10/2/17 11:51:16 AM, Info: Saving project information...
10/2/17 12:38:34 PM, Info: Initializing SIMPLSharp Services...
10/2/17 12:38:34 PM, Info: ProjectInfo successfully initialized.
10/2/17 12:38:34 PM, Info: Verifying archive C:\Dropbox\Crestron\Usrsplus\HueLights.clz...
10/2/17 12:38:35 PM, Info: Saving project information...
10/2/17 12:38:36 PM, Info: Verifying archive C:\Dropbox\Crestron\Usrsplus\HueLights.clz...
10/2/17 12:38:37 PM, Info: Saving project information...
10/2/17 12:38:38 PM, Info: Verifying archive C:\Dropbox\Crestron\Usrsplus\HueLights.clz...
10/2/17 12:38:39 PM, Info: Saving project information...
10/2/17 12:38:39 PM, Info: Commiting verification transaction...
10/2/17 12:38:39 PM, Info: Saving project information...
10/2/17 12:39:09 PM, Info: Initializing SIMPLSharp Services...
10/2/17 12:39:09 PM, Info: ProjectInfo successfully initialized.
10/2/17 12:39:09 PM, Info: Verifying archive C:\Dropbox\Crestron\Usrsplus\HueLights.clz...
10/2/17 12:39:10 PM, Info: Saving project information...
10/2/17 12:39:11 PM, Info: Verifying archive C:\Dropbox\Crestron\Usrsplus\HueLights.clz...
10/2/17 12:39:12 PM, Info: Saving project information...
10/2/17 12:39:13 PM, Info: Verifying archive C:\Dropbox\Crestron\Usrsplus\HueLights.clz...
10/2/17 12:39:13 PM, Info: Saving project information...
10/2/17 12:39:14 PM, Info: Commiting verification transaction...
10/2/17 12:39:14 PM, Info: Saving project information...
10/2/17 12:39:33 PM, Info: Initializing SIMPLSharp Services...
10/2/17 12:39:33 PM, Info: ProjectInfo successfully initialized.
10/2/17 12:39:34 PM, Info: Verifying archive C:\Dropbox\Crestron\Usrsplus\HueLights.clz...
10/2/17 12:39:35 PM, Info: Saving project information...
10/2/17 12:39:36 PM, Info: Verifying archive C:\Dropbox\Crestron\Usrsplus\HueLights.clz...
10/2/17 12:39:36 PM, Info: Saving project information...
10/2/17 12:39:37 PM, Info: Commiting verification transaction...
10/2/17 12:39:37 PM, Info: Saving project information...
10/2/17 12:43:25 PM, Info: Initializing SIMPLSharp Services...
10/2/17 12:43:25 PM, Info: ProjectInfo successfully initialized.
10/2/17 12:43:26 PM, Info: Verifying archive C:\Dropbox\Crestron\Usrsplus\HueLights.clz...
10/2/17 12:43:27 PM, Info: Saving project information...
10/2/17 12:43:27 PM, Info: Verifying archive C:\Dropbox\Crestron\Usrsplus\HueLights.clz...
10/2/17 12:43:28 PM, Info: Saving project information...
10/2/17 12:43:29 PM, Info: Commiting verification transaction...
10/2/17 12:43:29 PM, Info: Saving project information...
10/2/17 12:44:42 PM, Info: Initializing SIMPLSharp Services...
10/2/17 12:44:42 PM, Info: ProjectInfo successfully initialized.
10/2/17 12:44:43 PM, Info: Verifying archive C:\Dropbox\Crestron\Usrsplus\HueLights.clz...
10/2/17 12:44:43 PM, Info: Saving project information...
10/2/17 12:44:44 PM, Info: Verifying archive C:\Dropbox\Crestron\Usrsplus\HueLights.clz...
10/2/17 12:44:44 PM, Info: Saving project information...
10/2/17 12:44:45 PM, Info: Verifying archive C:\Dropbox\Crestron\Usrsplus\HueLights.clz...
10/2/17 12:44:45 PM, Info: Saving project information...
10/2/17 12:44:46 PM, Info: Commiting verification transaction...
10/2/17 12:44:46 PM, Info: Saving project information...
10/2/17 1:01:59 PM, Info: Initializing SIMPLSharp Services...
10/2/17 1:01:59 PM, Info: ProjectInfo successfully initialized.
10/2/17 1:01:59 PM, Info: Verifying archive C:\Dropbox\Crestron\Usrsplus\HueLights.clz...
10/2/17 1:02:00 PM, Info: Saving project information...
10/2/17 1:02:01 PM, Info: Verifying archive C:\Dropbox\Crestron\Usrsplus\HueLights.clz...
10/2/17 1:02:02 PM, Info: Saving project information...
10/2/17 1:02:02 PM, Info: Verifying archive C:\Dropbox\Crestron\Usrsplus\HueLights.clz...
10/2/17 1:02:03 PM, Info: Saving project information...
10/2/17 1:02:04 PM, Info: Commiting verification transaction...
10/2/17 1:02:04 PM, Info: Saving project information...
10/2/17 1:08:54 PM, Info: Terminating SIMPLSharp Services
10/2/17 1:08:54 PM, Info: Saving project information...
10/2/17 1:08:54 PM, Info: Terminating SIMPLSharp Services
10/2/17 1:08:54 PM, Info: Saving project information...
10/2/17 1:08:54 PM, Info: Terminating SIMPLSharp Services
10/2/17 1:08:54 PM, Info: Saving project information...
10/2/17 1:08:54 PM, Info: Terminating SIMPLSharp Services
10/2/17 1:08:54 PM, Info: Saving project information...
10/2/17 1:08:54 PM, Info: Terminating SIMPLSharp Services
10/2/17 1:08:54 PM, Info: Saving project information...
10/2/17 1:08:54 PM, Info: Terminating SIMPLSharp Services
10/2/17 1:08:54 PM, Info: Saving project information...
10/2/17 1:08:54 PM, Info: Terminating SIMPLSharp Services
10/2/17 1:08:54 PM, Info: Saving project information...
10/2/17 1:08:54 PM, Info: Terminating SIMPLSharp Services
10/2/17 1:08:54 PM, Info: Saving project information...
10/2/17 1:08:54 PM, Info: Terminating SIMPLSharp Services
10/2/17 1:08:54 PM, Info: Saving project information...
10/2/17 1:08:54 PM, Info: Terminating SIMPLSharp Services
10/2/17 1:08:54 PM, Info: Saving project information...
10/2/17 1:08:54 PM, Info: Terminating SIMPLSharp Services
10/2/17 1:08:54 PM, Info: Saving project information...
10/2/17 1:08:54 PM, Info: Terminating SIMPLSharp Services
10/2/17 1:08:54 PM, Info: Saving project information...
10/2/17 1:08:54 PM, Info: Terminating SIMPLSharp Services
10/2/17 1:08:54 PM, Info: Saving project information...
10/2/17 1:08:54 PM, Info: Terminating SIMPLSharp Services
10/2/17 1:08:54 PM, Info: Saving project information...
10/2/17 1:08:54 PM, Info: Terminating SIMPLSharp Services
