4/28/17 2:47:59 PM, Info: Initializing SIMPLSharp Services...
4/28/17 2:47:59 PM, Info: ProjectInfo successfully initialized.
4/28/17 2:48:00 PM, Info: Verifying archive C:\Dropbox\Crestron\Usrsplus\HueLights.clz...
4/28/17 2:48:01 PM, Info: Saving project information...
4/28/17 2:48:02 PM, Info: Verifying archive C:\Dropbox\Crestron\Usrsplus\HueLights.clz...
4/28/17 2:48:03 PM, Info: Saving project information...
4/28/17 2:48:04 PM, Info: Verifying archive C:\Dropbox\Crestron\Usrsplus\HueLights.clz...
4/28/17 2:48:04 PM, Info: Saving project information...
4/28/17 2:48:06 PM, Info: Commiting verification transaction...
4/28/17 2:48:06 PM, Info: Saving project information...
4/28/17 2:48:21 PM, Info: Initializing SIMPLSharp Services...
4/28/17 2:48:21 PM, Info: ProjectInfo successfully initialized.
4/28/17 2:48:21 PM, Info: Verifying archive C:\Dropbox\Crestron\Usrsplus\HueLights.clz...
4/28/17 2:48:22 PM, Info: Saving project information...
4/28/17 2:48:23 PM, Info: Verifying archive C:\Dropbox\Crestron\Usrsplus\HueLights.clz...
4/28/17 2:48:23 PM, Info: Saving project information...
4/28/17 2:48:24 PM, Info: Verifying archive C:\Dropbox\Crestron\Usrsplus\HueLights.clz...
4/28/17 2:48:24 PM, Info: Saving project information...
4/28/17 2:48:25 PM, Info: Commiting verification transaction...
4/28/17 2:48:25 PM, Info: Saving project information...
4/28/17 2:48:37 PM, Info: Terminating SIMPLSharp Services
4/28/17 2:48:37 PM, Info: Saving project information...
4/28/17 2:48:37 PM, Info: Terminating SIMPLSharp Services
