9/8/17 4:01:32 PM, Info: Initializing SIMPLSharp Services...
9/8/17 4:01:32 PM, Info: ProjectInfo successfully initialized.
9/8/17 4:01:33 PM, Info: Verifying archive C:\Dropbox\Crestron\Usrsplus\HueLights.clz...
9/8/17 4:01:33 PM, Info: Saving project information...
9/8/17 4:01:34 PM, Info: Verifying archive C:\Dropbox\Crestron\Usrsplus\HueLights.clz...
9/8/17 4:01:34 PM, Info: Saving project information...
9/8/17 4:01:36 PM, Info: Commiting verification transaction...
9/8/17 4:01:36 PM, Info: Saving project information...
9/8/17 4:02:35 PM, Info: Initializing SIMPLSharp Services...
9/8/17 4:02:35 PM, Info: ProjectInfo successfully initialized.
9/8/17 4:02:36 PM, Info: Verifying archive C:\Dropbox\Crestron\Usrsplus\HueLights.clz...
9/8/17 4:02:37 PM, Info: Saving project information...
9/8/17 4:02:37 PM, Info: Verifying archive C:\Dropbox\Crestron\Usrsplus\HueLights.clz...
9/8/17 4:02:38 PM, Info: Saving project information...
9/8/17 4:02:39 PM, Info: Commiting verification transaction...
9/8/17 4:02:39 PM, Info: Saving project information...
9/8/17 4:03:48 PM, Info: Initializing SIMPLSharp Services...
9/8/17 4:03:48 PM, Info: ProjectInfo successfully initialized.
9/8/17 4:03:49 PM, Info: Verifying archive C:\Dropbox\Crestron\Usrsplus\HueLights.clz...
9/8/17 4:03:50 PM, Info: Saving project information...
9/8/17 4:03:50 PM, Info: Verifying archive C:\Dropbox\Crestron\Usrsplus\HueLights.clz...
9/8/17 4:03:51 PM, Info: Saving project information...
9/8/17 4:03:52 PM, Info: Commiting verification transaction...
9/8/17 4:03:52 PM, Info: Saving project information...
9/8/17 4:05:04 PM, Info: Initializing SIMPLSharp Services...
9/8/17 4:05:04 PM, Info: ProjectInfo successfully initialized.
9/8/17 4:05:05 PM, Info: Verifying archive C:\Dropbox\Crestron\Usrsplus\HueLights.clz...
9/8/17 4:05:06 PM, Info: Saving project information...
9/8/17 4:05:06 PM, Info: Verifying archive C:\Dropbox\Crestron\Usrsplus\HueLights.clz...
9/8/17 4:05:07 PM, Info: Saving project information...
9/8/17 4:05:08 PM, Info: Commiting verification transaction...
9/8/17 4:05:08 PM, Info: Saving project information...
9/8/17 4:05:52 PM, Info: Initializing SIMPLSharp Services...
9/8/17 4:05:52 PM, Info: ProjectInfo successfully initialized.
9/8/17 4:05:53 PM, Info: Verifying archive C:\Dropbox\Crestron\Usrsplus\HueLights.clz...
9/8/17 4:05:53 PM, Info: Saving project information...
9/8/17 4:05:54 PM, Info: Verifying archive C:\Dropbox\Crestron\Usrsplus\HueLights.clz...
9/8/17 4:05:54 PM, Info: Saving project information...
9/8/17 4:05:55 PM, Info: Commiting verification transaction...
9/8/17 4:05:55 PM, Info: Saving project information...
9/8/17 4:07:22 PM, Info: Initializing SIMPLSharp Services...
9/8/17 4:07:22 PM, Info: ProjectInfo successfully initialized.
9/8/17 4:07:23 PM, Info: Verifying archive C:\Dropbox\Crestron\Usrsplus\HueLights.clz...
9/8/17 4:07:24 PM, Info: Saving project information...
9/8/17 4:07:24 PM, Info: Verifying archive C:\Dropbox\Crestron\Usrsplus\HueLights.clz...
9/8/17 4:07:25 PM, Info: Saving project information...
9/8/17 4:07:25 PM, Info: Commiting verification transaction...
9/8/17 4:07:25 PM, Info: Saving project information...
9/8/17 4:12:29 PM, Info: Initializing SIMPLSharp Services...
9/8/17 4:12:29 PM, Info: ProjectInfo successfully initialized.
9/8/17 4:12:30 PM, Info: Verifying archive C:\Dropbox\Crestron\Usrsplus\HueLights.clz...
9/8/17 4:12:31 PM, Info: Saving project information...
9/8/17 4:12:32 PM, Info: Verifying archive C:\Dropbox\Crestron\Usrsplus\HueLights.clz...
9/8/17 4:12:32 PM, Info: Saving project information...
9/8/17 4:12:33 PM, Info: Commiting verification transaction...
9/8/17 4:12:33 PM, Info: Saving project information...
9/8/17 4:12:53 PM, Info: Initializing SIMPLSharp Services...
9/8/17 4:12:53 PM, Info: ProjectInfo successfully initialized.
9/8/17 4:12:53 PM, Info: Verifying archive C:\Dropbox\Crestron\Usrsplus\HueLights.clz...
9/8/17 4:12:54 PM, Info: Saving project information...
9/8/17 4:12:55 PM, Info: Verifying archive C:\Dropbox\Crestron\Usrsplus\HueLights.clz...
9/8/17 4:12:55 PM, Info: Saving project information...
9/8/17 4:12:56 PM, Info: Commiting verification transaction...
9/8/17 4:12:56 PM, Info: Saving project information...
9/8/17 4:29:35 PM, Info: Initializing SIMPLSharp Services...
9/8/17 4:29:35 PM, Info: ProjectInfo successfully initialized.
9/8/17 4:29:36 PM, Info: Verifying archive C:\Dropbox\Crestron\Usrsplus\HueLights.clz...
9/8/17 4:29:36 PM, Info: Saving project information...
9/8/17 4:29:37 PM, Info: Verifying archive C:\Dropbox\Crestron\Usrsplus\HueLights.clz...
9/8/17 4:29:37 PM, Info: Saving project information...
9/8/17 4:29:38 PM, Info: Commiting verification transaction...
9/8/17 4:29:38 PM, Info: Saving project information...
9/8/17 4:38:40 PM, Info: Initializing SIMPLSharp Services...
9/8/17 4:38:40 PM, Info: ProjectInfo successfully initialized.
9/8/17 4:38:40 PM, Info: Verifying archive C:\Dropbox\Crestron\Usrsplus\HueLights.clz...
9/8/17 4:38:41 PM, Info: Saving project information...
9/8/17 4:38:42 PM, Info: Verifying archive C:\Dropbox\Crestron\Usrsplus\HueLights.clz...
9/8/17 4:38:42 PM, Info: Saving project information...
9/8/17 4:38:43 PM, Info: Commiting verification transaction...
9/8/17 4:38:43 PM, Info: Saving project information...
9/8/17 4:40:44 PM, Info: Initializing SIMPLSharp Services...
9/8/17 4:40:44 PM, Info: ProjectInfo successfully initialized.
9/8/17 4:40:45 PM, Info: Verifying archive C:\Dropbox\Crestron\Usrsplus\HueLights.clz...
9/8/17 4:40:45 PM, Info: Saving project information...
9/8/17 4:40:46 PM, Info: Verifying archive C:\Dropbox\Crestron\Usrsplus\HueLights.clz...
9/8/17 4:40:46 PM, Info: Saving project information...
9/8/17 4:40:47 PM, Info: Commiting verification transaction...
9/8/17 4:40:47 PM, Info: Saving project information...
9/8/17 4:54:17 PM, Info: Terminating SIMPLSharp Services
9/8/17 4:54:17 PM, Info: Saving project information...
9/8/17 4:54:17 PM, Info: Terminating SIMPLSharp Services
9/8/17 4:54:17 PM, Info: Saving project information...
9/8/17 4:54:17 PM, Info: Terminating SIMPLSharp Services
9/8/17 4:54:17 PM, Info: Saving project information...
9/8/17 4:54:17 PM, Info: Terminating SIMPLSharp Services
9/8/17 4:54:17 PM, Info: Saving project information...
9/8/17 4:54:17 PM, Info: Terminating SIMPLSharp Services
9/8/17 4:54:17 PM, Info: Saving project information...
9/8/17 4:54:17 PM, Info: Terminating SIMPLSharp Services
9/8/17 4:54:17 PM, Info: Saving project information...
9/8/17 4:54:17 PM, Info: Terminating SIMPLSharp Services
9/8/17 4:54:17 PM, Info: Saving project information...
9/8/17 4:54:17 PM, Info: Terminating SIMPLSharp Services
9/8/17 4:54:17 PM, Info: Saving project information...
9/8/17 4:54:17 PM, Info: Terminating SIMPLSharp Services
9/8/17 4:54:17 PM, Info: Saving project information...
9/8/17 4:54:17 PM, Info: Terminating SIMPLSharp Services
9/8/17 4:54:17 PM, Info: Saving project information...
9/8/17 4:54:17 PM, Info: Terminating SIMPLSharp Services
